#
# There is insufficient memory for the Java Runtime Environment to continue.
# Native memory allocation (malloc) failed to allocate 32744 bytes. Error detail: Chunk::new
# Possible reasons:
#   The system is out of physical RAM or swap space
#   This process is running with CompressedOops enabled, and the Java Heap may be blocking the growth of the native heap
# Possible solutions:
#   Reduce memory load on the system
#   Increase physical memory or swap space
#   Check if swap backing store is full
#   Decrease Java heap size (-Xmx/-Xms)
#   Decrease number of Java threads
#   Decrease Java thread stack sizes (-Xss)
#   Set larger code cache with -XX:ReservedCodeCacheSize=
#   JVM is running with Zero Based Compressed Oops mode in which the Java heap is
#     placed in the first 32GB address space. The Java Heap base address is the
#     maximum limit for the native heap growth. Please use -XX:HeapBaseMinAddress
#     to set the Java Heap base and to place the Java Heap above 32GB virtual address.
# This output file may be truncated or incomplete.
#
#  Out of Memory Error (arena.cpp:149), pid=11104, tid=119840
#
# JRE version: Java(TM) SE Runtime Environment (23.0+37) (build 23+37-2369)
# Java VM: Java HotSpot(TM) 64-Bit Server VM (23+37-2369, mixed mode, sharing, tiered, compressed oops, compressed class ptrs, g1 gc, windows-amd64)
# No core dump will be written. Minidumps are not enabled by default on client versions of Windows
#

---------------  S U M M A R Y ------------

Command Line: -javaagent:C:\Program Files\JetBrains\IntelliJ IDEA Community Edition 2024.2.3\lib\idea_rt.jar=49800:C:\Program Files\JetBrains\IntelliJ IDEA Community Edition 2024.2.3\bin -Dfile.encoding=UTF-8 -Dsun.stdout.encoding=UTF-8 -Dsun.stderr.encoding=UTF-8 Profile

Host: Intel(R) Core(TM) i5-8250U CPU @ 1.60GHz, 8 cores, 15G,  Windows 11 , 64 bit Build 22621 (10.0.22621.4391)
Time: Tue Dec 24 19:29:29 2024 India Standard Time elapsed time: 20.740720 seconds (0d 0h 0m 20s)

---------------  T H R E A D  ---------------

Current thread (0x0000021f4de7e380):  JavaThread "C1 CompilerThread0" daemon [_thread_in_native, id=119840, stack(0x000000d29dc00000,0x000000d29dd00000) (1024K)]


Current CompileTask:
C1:20740 1478   !   3      
[error occurred during error reporting (printing current compile task), id 0xe0000001, Out of Memory Error (s\open\src\hotspot\share\memory\arena.cpp:149)]
Stack: [0x000000d29dc00000,0x000000d29dd00000]
Native frames: (J=compiled Java code, j=interpreted, Vv=VM code, C=native code)
V  [jvm.dll+0x6e08a9]  (no source info available)
V  [jvm.dll+0x87da63]  (no source info available)
V  [jvm.dll+0x87feee]  (no source info available)
V  [jvm.dll+0x8805c3]  (no source info available)
V  [jvm.dll+0x27aee6]  (no source info available)
V  [jvm.dll+0xbc06f]  (no source info available)
V  [jvm.dll+0xbc2cb]  (no source info available)
V  [jvm.dll+0x7e4f4c]  (no source info available)
V  [jvm.dll+0x7e5039]  (no source info available)
V  [jvm.dll+0x691629]  (no source info available)
V  [jvm.dll+0x257e67]  (no source info available)
V  [jvm.dll+0x258467]  (no source info available)
V  [jvm.dll+0x87d8c7]  (no source info available)
V  [jvm.dll+0x87feee]  (no source info available)
V  [jvm.dll+0x8805c3]  (no source info available)
V  [jvm.dll+0x27aee6]  (no source info available)
V  [jvm.dll+0xbc06f]  (no source info available)
V  [jvm.dll+0xbc2cb]  (no source info available)
V  [jvm.dll+0x184eed]  (no source info available)
V  [jvm.dll+0x17d824]  (no source info available)
V  [jvm.dll+0x17a3ae]  (no source info available)
V  [jvm.dll+0x168520]  (no source info available)
V  [jvm.dll+0x1509bf]  (no source info available)
V  [jvm.dll+0x15022f]  (no source info available)
V  [jvm.dll+0x1504db]  (no source info available)
V  [jvm.dll+0x14f8a8]  (no source info available)
V  [jvm.dll+0x1516ed]  (no source info available)
V  [jvm.dll+0x253cf1]  (no source info available)
V  [jvm.dll+0x251faa]  (no source info available)
V  [jvm.dll+0x3ee036]  (no source info available)
V  [jvm.dll+0x824f1b]  (no source info available)
V  [jvm.dll+0x6df055]  (no source info available)
C  [ucrtbase.dll+0x29333]  (no source info available)
C  [KERNEL32.DLL+0x1259d]  (no source info available)
C  [ntdll.dll+0x5af38]  (no source info available)

Lock stack of current Java thread (top to bottom):


---------------  P R O C E S S  ---------------

Threads class SMR info:
_java_thread_list=0x0000021f933884f0, length=16, elements={
0x0000021f4de6b9e0, 0x0000021f4de6df20, 0x0000021f4de704f0, 0x0000021f4de71820,
0x0000021f4de72b50, 0x0000021f4de739a0, 0x0000021f4de7b110, 0x0000021f4de7e380,
0x0000021f9309fff0, 0x0000021f93278370, 0x0000021f932789e0, 0x0000021f93364fc0,
0x0000021f9336dfe0, 0x0000021f933729e0, 0x0000021f933d2470, 0x0000021f2e949a80
}

Java Threads: ( => current thread )
  0x0000021f4de6b9e0 JavaThread "Reference Handler"          daemon [_thread_blocked, id=120824, stack(0x000000d29d500000,0x000000d29d600000) (1024K)]
  0x0000021f4de6df20 JavaThread "Finalizer"                  daemon [_thread_blocked, id=120924, stack(0x000000d29d600000,0x000000d29d700000) (1024K)]
  0x0000021f4de704f0 JavaThread "Signal Dispatcher"          daemon [_thread_blocked, id=119740, stack(0x000000d29d700000,0x000000d29d800000) (1024K)]
  0x0000021f4de71820 JavaThread "Attach Listener"            daemon [_thread_blocked, id=119556, stack(0x000000d29d800000,0x000000d29d900000) (1024K)]
  0x0000021f4de72b50 JavaThread "Service Thread"             daemon [_thread_blocked, id=121844, stack(0x000000d29d900000,0x000000d29da00000) (1024K)]
  0x0000021f4de739a0 JavaThread "Monitor Deflation Thread"   daemon [_thread_blocked, id=9140, stack(0x000000d29da00000,0x000000d29db00000) (1024K)]
  0x0000021f4de7b110 JavaThread "C2 CompilerThread0"         daemon [_thread_blocked, id=117724, stack(0x000000d29db00000,0x000000d29dc00000) (1024K)]
=>0x0000021f4de7e380 JavaThread "C1 CompilerThread0"         daemon [_thread_in_native, id=119840, stack(0x000000d29dc00000,0x000000d29dd00000) (1024K)]
  0x0000021f9309fff0 JavaThread "Common-Cleaner"             daemon [_thread_blocked, id=118068, stack(0x000000d29dd00000,0x000000d29de00000) (1024K)]
  0x0000021f93278370 JavaThread "Monitor Ctrl-Break"         daemon [_thread_in_native, id=120800, stack(0x000000d29de00000,0x000000d29df00000) (1024K)]
  0x0000021f932789e0 JavaThread "Notification Thread"        daemon [_thread_blocked, id=120776, stack(0x000000d29df00000,0x000000d29e000000) (1024K)]
  0x0000021f93364fc0 JavaThread "Java2D Disposer"            daemon [_thread_blocked, id=118360, stack(0x000000d29e000000,0x000000d29e100000) (1024K)]
  0x0000021f9336dfe0 JavaThread "AWT-Shutdown"                      [_thread_blocked, id=5404, stack(0x000000d29e100000,0x000000d29e200000) (1024K)]
  0x0000021f933729e0 JavaThread "AWT-Windows"                daemon [_thread_in_native, id=119676, stack(0x000000d29e200000,0x000000d29e300000) (1024K)]
  0x0000021f933d2470 JavaThread "AWT-EventQueue-0"                  [_thread_blocked, id=121516, stack(0x000000d29e300000,0x000000d29e400000) (1024K)]
  0x0000021f2e949a80 JavaThread "DestroyJavaVM"                     [_thread_blocked, id=118940, stack(0x000000d29cd00000,0x000000d29ce00000) (1024K)]
Total: 16

Other Threads:
  0x0000021f4de54a60 VMThread "VM Thread"                           [id=121828, stack(0x000000d29d400000,0x000000d29d500000) (1024K)]
  0x0000021f4de42e50 WatcherThread "VM Periodic Task Thread"        [id=121512, stack(0x000000d29d300000,0x000000d29d400000) (1024K)]
  0x0000021f2e9b1180 WorkerThread "GC Thread#0"                     [id=120076, stack(0x000000d29ce00000,0x000000d29cf00000) (1024K)]
  0x0000021f2e9c6140 ConcurrentGCThread "G1 Main Marker"            [id=118988, stack(0x000000d29cf00000,0x000000d29d000000) (1024K)]
  0x0000021f2e9c6c50 WorkerThread "G1 Conc#0"                       [id=121684, stack(0x000000d29d000000,0x000000d29d100000) (1024K)]
  0x0000021f2ea0eb90 ConcurrentGCThread "G1 Refine#0"               [id=2636, stack(0x000000d29d100000,0x000000d29d200000) (1024K)]
  0x0000021f4dd16be0 ConcurrentGCThread "G1 Service"                [id=119016, stack(0x000000d29d200000,0x000000d29d300000) (1024K)]
Total: 7

Threads with active compile tasks:
C1 CompilerThread0  20798 1478   !   3       java.awt.DefaultKeyboardFocusManager::dispatchEvent (1625 bytes)
Total: 1

VM state: not at safepoint (normal execution)

VM Mutex/Monitor currently owned by a thread: None

Heap address: 0x0000000702200000, size: 4062 MB, Compressed Oops mode: Zero based, Oop shift amount: 3

CDS archive(s) mapped at: [0x0000021f4e000000-0x0000021f4ed70000-0x0000021f4ed70000), size 14090240, SharedBaseAddress: 0x0000021f4e000000, ArchiveRelocationMode: 1.
Compressed class space mapped at: 0x0000021f4f000000-0x0000021f8f000000, reserved size: 1073741824
Narrow klass base: 0x0000021f4e000000, Narrow klass shift: 0, Narrow klass range: 0x41000000

GC Precious Log:
 CardTable entry size: 512
 Card Set container configuration: InlinePtr #cards 4 size 8 Array Of Cards #cards 16 size 48 Howl #buckets 8 coarsen threshold 3686 Howl Bitmap #cards 512 size 80 coarsen threshold 460 Card regions per heap region 1 cards per card region 4096
 CPUs: 8 total, 8 available
 Memory: 16242M
 Large Page Support: Disabled
 NUMA Support: Disabled
 Compressed Oops: Enabled (Zero based)
 Heap Region Size: 2M
 Heap Min Capacity: 8M
 Heap Initial Capacity: 254M
 Heap Max Capacity: 4062M
 Pre-touch: Disabled
 Parallel Workers: 8
 Concurrent Workers: 2
 Concurrent Refinement Workers: 8
 Periodic GC: Disabled

Heap:
 garbage-first heap   total reserved 4159488K, committed 260096K, used 22528K [0x0000000702200000, 0x0000000800000000)
  region size 2048K, 10 young (20480K), 0 survivors (0K)
 Metaspace       used 9994K, committed 10240K, reserved 1114112K
  class space    used 1182K, committed 1280K, reserved 1048576K

Heap Regions: E=young(eden), S=young(survivor), O=old, HS=humongous(starts), HC=humongous(continues), CS=collection set, F=free, TAMS=top-at-mark-start, PB=parsable bottom
|   0|0x0000000702200000, 0x0000000702400000, 0x0000000702400000|100%|HS|  |TAMS 0x0000000702200000| PB 0x0000000702200000| Complete |  0
|   1|0x0000000702400000, 0x0000000702600000, 0x0000000702600000|100%|HC|  |TAMS 0x0000000702400000| PB 0x0000000702400000| Complete |  0
|   2|0x0000000702600000, 0x0000000702600000, 0x0000000702800000|  0%| F|  |TAMS 0x0000000702600000| PB 0x0000000702600000| Untracked |  0
|   3|0x0000000702800000, 0x0000000702800000, 0x0000000702a00000|  0%| F|  |TAMS 0x0000000702800000| PB 0x0000000702800000| Untracked |  0
|   4|0x0000000702a00000, 0x0000000702a00000, 0x0000000702c00000|  0%| F|  |TAMS 0x0000000702a00000| PB 0x0000000702a00000| Untracked |  0
|   5|0x0000000702c00000, 0x0000000702c00000, 0x0000000702e00000|  0%| F|  |TAMS 0x0000000702c00000| PB 0x0000000702c00000| Untracked |  0
|   6|0x0000000702e00000, 0x0000000702e00000, 0x0000000703000000|  0%| F|  |TAMS 0x0000000702e00000| PB 0x0000000702e00000| Untracked |  0
|   7|0x0000000703000000, 0x0000000703000000, 0x0000000703200000|  0%| F|  |TAMS 0x0000000703000000| PB 0x0000000703000000| Untracked |  0
|   8|0x0000000703200000, 0x0000000703200000, 0x0000000703400000|  0%| F|  |TAMS 0x0000000703200000| PB 0x0000000703200000| Untracked |  0
|   9|0x0000000703400000, 0x0000000703400000, 0x0000000703600000|  0%| F|  |TAMS 0x0000000703400000| PB 0x0000000703400000| Untracked |  0
|  10|0x0000000703600000, 0x0000000703600000, 0x0000000703800000|  0%| F|  |TAMS 0x0000000703600000| PB 0x0000000703600000| Untracked |  0
|  11|0x0000000703800000, 0x0000000703800000, 0x0000000703a00000|  0%| F|  |TAMS 0x0000000703800000| PB 0x0000000703800000| Untracked |  0
|  12|0x0000000703a00000, 0x0000000703a00000, 0x0000000703c00000|  0%| F|  |TAMS 0x0000000703a00000| PB 0x0000000703a00000| Untracked |  0
|  13|0x0000000703c00000, 0x0000000703c00000, 0x0000000703e00000|  0%| F|  |TAMS 0x0000000703c00000| PB 0x0000000703c00000| Untracked |  0
|  14|0x0000000703e00000, 0x0000000703e00000, 0x0000000704000000|  0%| F|  |TAMS 0x0000000703e00000| PB 0x0000000703e00000| Untracked |  0
|  15|0x0000000704000000, 0x0000000704000000, 0x0000000704200000|  0%| F|  |TAMS 0x0000000704000000| PB 0x0000000704000000| Untracked |  0
|  16|0x0000000704200000, 0x0000000704200000, 0x0000000704400000|  0%| F|  |TAMS 0x0000000704200000| PB 0x0000000704200000| Untracked |  0
|  17|0x0000000704400000, 0x0000000704400000, 0x0000000704600000|  0%| F|  |TAMS 0x0000000704400000| PB 0x0000000704400000| Untracked |  0
|  18|0x0000000704600000, 0x0000000704600000, 0x0000000704800000|  0%| F|  |TAMS 0x0000000704600000| PB 0x0000000704600000| Untracked |  0
|  19|0x0000000704800000, 0x0000000704800000, 0x0000000704a00000|  0%| F|  |TAMS 0x0000000704800000| PB 0x0000000704800000| Untracked |  0
|  20|0x0000000704a00000, 0x0000000704a00000, 0x0000000704c00000|  0%| F|  |TAMS 0x0000000704a00000| PB 0x0000000704a00000| Untracked |  0
|  21|0x0000000704c00000, 0x0000000704c00000, 0x0000000704e00000|  0%| F|  |TAMS 0x0000000704c00000| PB 0x0000000704c00000| Untracked |  0
|  22|0x0000000704e00000, 0x0000000704e00000, 0x0000000705000000|  0%| F|  |TAMS 0x0000000704e00000| PB 0x0000000704e00000| Untracked |  0
|  23|0x0000000705000000, 0x0000000705000000, 0x0000000705200000|  0%| F|  |TAMS 0x0000000705000000| PB 0x0000000705000000| Untracked |  0
|  24|0x0000000705200000, 0x0000000705200000, 0x0000000705400000|  0%| F|  |TAMS 0x0000000705200000| PB 0x0000000705200000| Untracked |  0
|  25|0x0000000705400000, 0x0000000705400000, 0x0000000705600000|  0%| F|  |TAMS 0x0000000705400000| PB 0x0000000705400000| Untracked |  0
|  26|0x0000000705600000, 0x0000000705600000, 0x0000000705800000|  0%| F|  |TAMS 0x0000000705600000| PB 0x0000000705600000| Untracked |  0
|  27|0x0000000705800000, 0x0000000705800000, 0x0000000705a00000|  0%| F|  |TAMS 0x0000000705800000| PB 0x0000000705800000| Untracked |  0
|  28|0x0000000705a00000, 0x0000000705a00000, 0x0000000705c00000|  0%| F|  |TAMS 0x0000000705a00000| PB 0x0000000705a00000| Untracked |  0
|  29|0x0000000705c00000, 0x0000000705c00000, 0x0000000705e00000|  0%| F|  |TAMS 0x0000000705c00000| PB 0x0000000705c00000| Untracked |  0
|  30|0x0000000705e00000, 0x0000000705e00000, 0x0000000706000000|  0%| F|  |TAMS 0x0000000705e00000| PB 0x0000000705e00000| Untracked |  0
|  31|0x0000000706000000, 0x0000000706000000, 0x0000000706200000|  0%| F|  |TAMS 0x0000000706000000| PB 0x0000000706000000| Untracked |  0
|  32|0x0000000706200000, 0x0000000706200000, 0x0000000706400000|  0%| F|  |TAMS 0x0000000706200000| PB 0x0000000706200000| Untracked |  0
|  33|0x0000000706400000, 0x0000000706400000, 0x0000000706600000|  0%| F|  |TAMS 0x0000000706400000| PB 0x0000000706400000| Untracked |  0
|  34|0x0000000706600000, 0x0000000706600000, 0x0000000706800000|  0%| F|  |TAMS 0x0000000706600000| PB 0x0000000706600000| Untracked |  0
|  35|0x0000000706800000, 0x0000000706800000, 0x0000000706a00000|  0%| F|  |TAMS 0x0000000706800000| PB 0x0000000706800000| Untracked |  0
|  36|0x0000000706a00000, 0x0000000706a00000, 0x0000000706c00000|  0%| F|  |TAMS 0x0000000706a00000| PB 0x0000000706a00000| Untracked |  0
|  37|0x0000000706c00000, 0x0000000706c00000, 0x0000000706e00000|  0%| F|  |TAMS 0x0000000706c00000| PB 0x0000000706c00000| Untracked |  0
|  38|0x0000000706e00000, 0x0000000706e00000, 0x0000000707000000|  0%| F|  |TAMS 0x0000000706e00000| PB 0x0000000706e00000| Untracked |  0
|  39|0x0000000707000000, 0x0000000707000000, 0x0000000707200000|  0%| F|  |TAMS 0x0000000707000000| PB 0x0000000707000000| Untracked |  0
|  40|0x0000000707200000, 0x0000000707200000, 0x0000000707400000|  0%| F|  |TAMS 0x0000000707200000| PB 0x0000000707200000| Untracked |  0
|  41|0x0000000707400000, 0x0000000707400000, 0x0000000707600000|  0%| F|  |TAMS 0x0000000707400000| PB 0x0000000707400000| Untracked |  0
|  42|0x0000000707600000, 0x0000000707600000, 0x0000000707800000|  0%| F|  |TAMS 0x0000000707600000| PB 0x0000000707600000| Untracked |  0
|  43|0x0000000707800000, 0x0000000707800000, 0x0000000707a00000|  0%| F|  |TAMS 0x0000000707800000| PB 0x0000000707800000| Untracked |  0
|  44|0x0000000707a00000, 0x0000000707a00000, 0x0000000707c00000|  0%| F|  |TAMS 0x0000000707a00000| PB 0x0000000707a00000| Untracked |  0
|  45|0x0000000707c00000, 0x0000000707c00000, 0x0000000707e00000|  0%| F|  |TAMS 0x0000000707c00000| PB 0x0000000707c00000| Untracked |  0
|  46|0x0000000707e00000, 0x0000000707e00000, 0x0000000708000000|  0%| F|  |TAMS 0x0000000707e00000| PB 0x0000000707e00000| Untracked |  0
|  47|0x0000000708000000, 0x0000000708000000, 0x0000000708200000|  0%| F|  |TAMS 0x0000000708000000| PB 0x0000000708000000| Untracked |  0
|  48|0x0000000708200000, 0x0000000708200000, 0x0000000708400000|  0%| F|  |TAMS 0x0000000708200000| PB 0x0000000708200000| Untracked |  0
|  49|0x0000000708400000, 0x0000000708400000, 0x0000000708600000|  0%| F|  |TAMS 0x0000000708400000| PB 0x0000000708400000| Untracked |  0
|  50|0x0000000708600000, 0x0000000708600000, 0x0000000708800000|  0%| F|  |TAMS 0x0000000708600000| PB 0x0000000708600000| Untracked |  0
|  51|0x0000000708800000, 0x0000000708800000, 0x0000000708a00000|  0%| F|  |TAMS 0x0000000708800000| PB 0x0000000708800000| Untracked |  0
|  52|0x0000000708a00000, 0x0000000708a00000, 0x0000000708c00000|  0%| F|  |TAMS 0x0000000708a00000| PB 0x0000000708a00000| Untracked |  0
|  53|0x0000000708c00000, 0x0000000708c00000, 0x0000000708e00000|  0%| F|  |TAMS 0x0000000708c00000| PB 0x0000000708c00000| Untracked |  0
|  54|0x0000000708e00000, 0x0000000708e00000, 0x0000000709000000|  0%| F|  |TAMS 0x0000000708e00000| PB 0x0000000708e00000| Untracked |  0
|  55|0x0000000709000000, 0x0000000709000000, 0x0000000709200000|  0%| F|  |TAMS 0x0000000709000000| PB 0x0000000709000000| Untracked |  0
|  56|0x0000000709200000, 0x0000000709200000, 0x0000000709400000|  0%| F|  |TAMS 0x0000000709200000| PB 0x0000000709200000| Untracked |  0
|  57|0x0000000709400000, 0x0000000709400000, 0x0000000709600000|  0%| F|  |TAMS 0x0000000709400000| PB 0x0000000709400000| Untracked |  0
|  58|0x0000000709600000, 0x0000000709600000, 0x0000000709800000|  0%| F|  |TAMS 0x0000000709600000| PB 0x0000000709600000| Untracked |  0
|  59|0x0000000709800000, 0x0000000709800000, 0x0000000709a00000|  0%| F|  |TAMS 0x0000000709800000| PB 0x0000000709800000| Untracked |  0
|  60|0x0000000709a00000, 0x0000000709a00000, 0x0000000709c00000|  0%| F|  |TAMS 0x0000000709a00000| PB 0x0000000709a00000| Untracked |  0
|  61|0x0000000709c00000, 0x0000000709c00000, 0x0000000709e00000|  0%| F|  |TAMS 0x0000000709c00000| PB 0x0000000709c00000| Untracked |  0
|  62|0x0000000709e00000, 0x0000000709e00000, 0x000000070a000000|  0%| F|  |TAMS 0x0000000709e00000| PB 0x0000000709e00000| Untracked |  0
|  63|0x000000070a000000, 0x000000070a000000, 0x000000070a200000|  0%| F|  |TAMS 0x000000070a000000| PB 0x000000070a000000| Untracked |  0
|  64|0x000000070a200000, 0x000000070a200000, 0x000000070a400000|  0%| F|  |TAMS 0x000000070a200000| PB 0x000000070a200000| Untracked |  0
|  65|0x000000070a400000, 0x000000070a400000, 0x000000070a600000|  0%| F|  |TAMS 0x000000070a400000| PB 0x000000070a400000| Untracked |  0
|  66|0x000000070a600000, 0x000000070a600000, 0x000000070a800000|  0%| F|  |TAMS 0x000000070a600000| PB 0x000000070a600000| Untracked |  0
|  67|0x000000070a800000, 0x000000070a800000, 0x000000070aa00000|  0%| F|  |TAMS 0x000000070a800000| PB 0x000000070a800000| Untracked |  0
|  68|0x000000070aa00000, 0x000000070aa00000, 0x000000070ac00000|  0%| F|  |TAMS 0x000000070aa00000| PB 0x000000070aa00000| Untracked |  0
|  69|0x000000070ac00000, 0x000000070ac00000, 0x000000070ae00000|  0%| F|  |TAMS 0x000000070ac00000| PB 0x000000070ac00000| Untracked |  0
|  70|0x000000070ae00000, 0x000000070ae00000, 0x000000070b000000|  0%| F|  |TAMS 0x000000070ae00000| PB 0x000000070ae00000| Untracked |  0
|  71|0x000000070b000000, 0x000000070b000000, 0x000000070b200000|  0%| F|  |TAMS 0x000000070b000000| PB 0x000000070b000000| Untracked |  0
|  72|0x000000070b200000, 0x000000070b200000, 0x000000070b400000|  0%| F|  |TAMS 0x000000070b200000| PB 0x000000070b200000| Untracked |  0
|  73|0x000000070b400000, 0x000000070b400000, 0x000000070b600000|  0%| F|  |TAMS 0x000000070b400000| PB 0x000000070b400000| Untracked |  0
|  74|0x000000070b600000, 0x000000070b600000, 0x000000070b800000|  0%| F|  |TAMS 0x000000070b600000| PB 0x000000070b600000| Untracked |  0
|  75|0x000000070b800000, 0x000000070b800000, 0x000000070ba00000|  0%| F|  |TAMS 0x000000070b800000| PB 0x000000070b800000| Untracked |  0
|  76|0x000000070ba00000, 0x000000070ba00000, 0x000000070bc00000|  0%| F|  |TAMS 0x000000070ba00000| PB 0x000000070ba00000| Untracked |  0
|  77|0x000000070bc00000, 0x000000070bc00000, 0x000000070be00000|  0%| F|  |TAMS 0x000000070bc00000| PB 0x000000070bc00000| Untracked |  0
|  78|0x000000070be00000, 0x000000070be00000, 0x000000070c000000|  0%| F|  |TAMS 0x000000070be00000| PB 0x000000070be00000| Untracked |  0
|  79|0x000000070c000000, 0x000000070c000000, 0x000000070c200000|  0%| F|  |TAMS 0x000000070c000000| PB 0x000000070c000000| Untracked |  0
|  80|0x000000070c200000, 0x000000070c200000, 0x000000070c400000|  0%| F|  |TAMS 0x000000070c200000| PB 0x000000070c200000| Untracked |  0
|  81|0x000000070c400000, 0x000000070c400000, 0x000000070c600000|  0%| F|  |TAMS 0x000000070c400000| PB 0x000000070c400000| Untracked |  0
|  82|0x000000070c600000, 0x000000070c600000, 0x000000070c800000|  0%| F|  |TAMS 0x000000070c600000| PB 0x000000070c600000| Untracked |  0
|  83|0x000000070c800000, 0x000000070c800000, 0x000000070ca00000|  0%| F|  |TAMS 0x000000070c800000| PB 0x000000070c800000| Untracked |  0
|  84|0x000000070ca00000, 0x000000070ca00000, 0x000000070cc00000|  0%| F|  |TAMS 0x000000070ca00000| PB 0x000000070ca00000| Untracked |  0
|  85|0x000000070cc00000, 0x000000070cc00000, 0x000000070ce00000|  0%| F|  |TAMS 0x000000070cc00000| PB 0x000000070cc00000| Untracked |  0
|  86|0x000000070ce00000, 0x000000070ce00000, 0x000000070d000000|  0%| F|  |TAMS 0x000000070ce00000| PB 0x000000070ce00000| Untracked |  0
|  87|0x000000070d000000, 0x000000070d000000, 0x000000070d200000|  0%| F|  |TAMS 0x000000070d000000| PB 0x000000070d000000| Untracked |  0
|  88|0x000000070d200000, 0x000000070d200000, 0x000000070d400000|  0%| F|  |TAMS 0x000000070d200000| PB 0x000000070d200000| Untracked |  0
|  89|0x000000070d400000, 0x000000070d400000, 0x000000070d600000|  0%| F|  |TAMS 0x000000070d400000| PB 0x000000070d400000| Untracked |  0
|  90|0x000000070d600000, 0x000000070d600000, 0x000000070d800000|  0%| F|  |TAMS 0x000000070d600000| PB 0x000000070d600000| Untracked |  0
|  91|0x000000070d800000, 0x000000070d800000, 0x000000070da00000|  0%| F|  |TAMS 0x000000070d800000| PB 0x000000070d800000| Untracked |  0
|  92|0x000000070da00000, 0x000000070da00000, 0x000000070dc00000|  0%| F|  |TAMS 0x000000070da00000| PB 0x000000070da00000| Untracked |  0
|  93|0x000000070dc00000, 0x000000070dc00000, 0x000000070de00000|  0%| F|  |TAMS 0x000000070dc00000| PB 0x000000070dc00000| Untracked |  0
|  94|0x000000070de00000, 0x000000070de00000, 0x000000070e000000|  0%| F|  |TAMS 0x000000070de00000| PB 0x000000070de00000| Untracked |  0
|  95|0x000000070e000000, 0x000000070e000000, 0x000000070e200000|  0%| F|  |TAMS 0x000000070e000000| PB 0x000000070e000000| Untracked |  0
|  96|0x000000070e200000, 0x000000070e200000, 0x000000070e400000|  0%| F|  |TAMS 0x000000070e200000| PB 0x000000070e200000| Untracked |  0
|  97|0x000000070e400000, 0x000000070e400000, 0x000000070e600000|  0%| F|  |TAMS 0x000000070e400000| PB 0x000000070e400000| Untracked |  0
|  98|0x000000070e600000, 0x000000070e600000, 0x000000070e800000|  0%| F|  |TAMS 0x000000070e600000| PB 0x000000070e600000| Untracked |  0
|  99|0x000000070e800000, 0x000000070e800000, 0x000000070ea00000|  0%| F|  |TAMS 0x000000070e800000| PB 0x000000070e800000| Untracked |  0
| 100|0x000000070ea00000, 0x000000070ea00000, 0x000000070ec00000|  0%| F|  |TAMS 0x000000070ea00000| PB 0x000000070ea00000| Untracked |  0
| 101|0x000000070ec00000, 0x000000070ec00000, 0x000000070ee00000|  0%| F|  |TAMS 0x000000070ec00000| PB 0x000000070ec00000| Untracked |  0
| 102|0x000000070ee00000, 0x000000070ee00000, 0x000000070f000000|  0%| F|  |TAMS 0x000000070ee00000| PB 0x000000070ee00000| Untracked |  0
| 103|0x000000070f000000, 0x000000070f000000, 0x000000070f200000|  0%| F|  |TAMS 0x000000070f000000| PB 0x000000070f000000| Untracked |  0
| 104|0x000000070f200000, 0x000000070f200000, 0x000000070f400000|  0%| F|  |TAMS 0x000000070f200000| PB 0x000000070f200000| Untracked |  0
| 105|0x000000070f400000, 0x000000070f400000, 0x000000070f600000|  0%| F|  |TAMS 0x000000070f400000| PB 0x000000070f400000| Untracked |  0
| 106|0x000000070f600000, 0x000000070f600000, 0x000000070f800000|  0%| F|  |TAMS 0x000000070f600000| PB 0x000000070f600000| Untracked |  0
| 107|0x000000070f800000, 0x000000070f800000, 0x000000070fa00000|  0%| F|  |TAMS 0x000000070f800000| PB 0x000000070f800000| Untracked |  0
| 108|0x000000070fa00000, 0x000000070fa00000, 0x000000070fc00000|  0%| F|  |TAMS 0x000000070fa00000| PB 0x000000070fa00000| Untracked |  0
| 109|0x000000070fc00000, 0x000000070fc00000, 0x000000070fe00000|  0%| F|  |TAMS 0x000000070fc00000| PB 0x000000070fc00000| Untracked |  0
| 110|0x000000070fe00000, 0x000000070fe00000, 0x0000000710000000|  0%| F|  |TAMS 0x000000070fe00000| PB 0x000000070fe00000| Untracked |  0
| 111|0x0000000710000000, 0x0000000710000000, 0x0000000710200000|  0%| F|  |TAMS 0x0000000710000000| PB 0x0000000710000000| Untracked |  0
| 112|0x0000000710200000, 0x0000000710200000, 0x0000000710400000|  0%| F|  |TAMS 0x0000000710200000| PB 0x0000000710200000| Untracked |  0
| 113|0x0000000710400000, 0x0000000710400000, 0x0000000710600000|  0%| F|  |TAMS 0x0000000710400000| PB 0x0000000710400000| Untracked |  0
| 114|0x0000000710600000, 0x0000000710600000, 0x0000000710800000|  0%| F|  |TAMS 0x0000000710600000| PB 0x0000000710600000| Untracked |  0
| 115|0x0000000710800000, 0x0000000710800000, 0x0000000710a00000|  0%| F|  |TAMS 0x0000000710800000| PB 0x0000000710800000| Untracked |  0
| 116|0x0000000710a00000, 0x0000000710a00000, 0x0000000710c00000|  0%| F|  |TAMS 0x0000000710a00000| PB 0x0000000710a00000| Untracked |  0
| 117|0x0000000710c00000, 0x0000000710c81ea0, 0x0000000710e00000| 25%| E|  |TAMS 0x0000000710c00000| PB 0x0000000710c00000| Complete |  0
| 118|0x0000000710e00000, 0x0000000711000000, 0x0000000711000000|100%| E|CS|TAMS 0x0000000710e00000| PB 0x0000000710e00000| Complete |  0
| 119|0x0000000711000000, 0x0000000711200000, 0x0000000711200000|100%| E|CS|TAMS 0x0000000711000000| PB 0x0000000711000000| Complete |  0
| 120|0x0000000711200000, 0x0000000711400000, 0x0000000711400000|100%| E|CS|TAMS 0x0000000711200000| PB 0x0000000711200000| Complete |  0
| 121|0x0000000711400000, 0x0000000711600000, 0x0000000711600000|100%| E|CS|TAMS 0x0000000711400000| PB 0x0000000711400000| Complete |  0
| 122|0x0000000711600000, 0x0000000711800000, 0x0000000711800000|100%| E|CS|TAMS 0x0000000711600000| PB 0x0000000711600000| Complete |  0
| 123|0x0000000711800000, 0x0000000711a00000, 0x0000000711a00000|100%| E|CS|TAMS 0x0000000711800000| PB 0x0000000711800000| Complete |  0
| 124|0x0000000711a00000, 0x0000000711c00000, 0x0000000711c00000|100%| E|CS|TAMS 0x0000000711a00000| PB 0x0000000711a00000| Complete |  0
| 125|0x0000000711c00000, 0x0000000711e00000, 0x0000000711e00000|100%| E|CS|TAMS 0x0000000711c00000| PB 0x0000000711c00000| Complete |  0
| 126|0x0000000711e00000, 0x0000000712000000, 0x0000000712000000|100%| E|CS|TAMS 0x0000000711e00000| PB 0x0000000711e00000| Complete |  0

Card table byte_map: [0x0000021f46cb0000,0x0000021f474a0000] _byte_map_base: 0x0000021f4349f000

Marking Bits: (CMBitMap*) 0x0000021f2e9b1890
 Bits: [0x0000021f474a0000, 0x0000021f4b418000)

Polling page: 0x0000021f2c780000

Metaspace:

Usage:
  Non-class:      8.61 MB used.
      Class:      1.16 MB used.
       Both:      9.76 MB used.

Virtual space:
  Non-class space:       64.00 MB reserved,       8.75 MB ( 14%) committed,  1 nodes.
      Class space:        1.00 GB reserved,       1.25 MB ( <1%) committed,  1 nodes.
             Both:        1.06 GB reserved,      10.00 MB ( <1%) committed. 

Chunk freelists:
   Non-Class:  6.97 MB
       Class:  14.73 MB
        Both:  21.70 MB

MaxMetaspaceSize: unlimited
CompressedClassSpaceSize: 1.00 GB
Initial GC threshold: 21.00 MB
Current GC threshold: 21.00 MB
CDS: on
 - commit_granule_bytes: 65536.
 - commit_granule_words: 8192.
 - virtual_space_node_default_size: 8388608.
 - enlarge_chunks_in_place: 1.
 - use_allocation_guard: 0.


Internal statistics:

num_allocs_failed_limit: 0.
num_arena_births: 170.
num_arena_deaths: 0.
num_vsnodes_births: 2.
num_vsnodes_deaths: 0.
num_space_committed: 160.
num_space_uncommitted: 0.
num_chunks_returned_to_freelist: 0.
num_chunks_taken_from_freelist: 235.
num_chunk_merges: 0.
num_chunk_splits: 132.
num_chunks_enlarged: 53.
num_inconsistent_stats: 0.

CodeHeap 'non-profiled nmethods': size=120064Kb used=416Kb max_used=416Kb free=119647Kb
 bounds [0x0000021f3eb40000, 0x0000021f3edb0000, 0x0000021f46080000]
CodeHeap 'profiled nmethods': size=120000Kb used=1854Kb max_used=1854Kb free=118145Kb
 bounds [0x0000021f37080000, 0x0000021f372f0000, 0x0000021f3e5b0000]
CodeHeap 'non-nmethods': size=5696Kb used=1573Kb max_used=1597Kb free=4122Kb
 bounds [0x0000021f3e5b0000, 0x0000021f3e820000, 0x0000021f3eb40000]
CodeCache: size=245760Kb, used=3843Kb, max_used=3867Kb, free=241914Kb
 total_blobs=2127, nmethods=1476, adapters=557, full_count=0
Compilation: enabled, stopped_count=0, restarted_count=0

Compilation events (20 events):
Event: 17.128 Thread 0x0000021f4de7e380 nmethod 1469 0x0000021f3724c688 code [0x0000021f3724c7e0, 0x0000021f3724cc90]
Event: 17.128 Thread 0x0000021f4de7e380 1468       1       java.util.LinkedList::size (5 bytes)
Event: 17.128 Thread 0x0000021f4de7e380 nmethod 1468 0x0000021f3eba7788 code [0x0000021f3eba78a0, 0x0000021f3eba7968]
Event: 19.397 Thread 0x0000021f4de7e380 1470       3       java.awt.event.ComponentEvent::getComponent (22 bytes)
Event: 19.398 Thread 0x0000021f4de7e380 nmethod 1470 0x0000021f3724cd08 code [0x0000021f3724ce40, 0x0000021f3724d168]
Event: 19.996 Thread 0x0000021f4de7e380 1471  s    3       java.awt.AWTKeyStroke::getCachedStroke (159 bytes)
Event: 19.999 Thread 0x0000021f4de7e380 nmethod 1471 0x0000021f3724d188 code [0x0000021f3724d460, 0x0000021f3724e6c8]
Event: 19.999 Thread 0x0000021f4de7e380 1472       3       java.awt.AWTKeyStroke::mapOldModifiers (69 bytes)
Event: 20.000 Thread 0x0000021f4de7e380 nmethod 1472 0x0000021f3724e788 code [0x0000021f3724e8a0, 0x0000021f3724eaa0]
Event: 20.485 Thread 0x0000021f4de7e380 1473       1       java.awt.event.KeyEvent::getKeyCode (5 bytes)
Event: 20.485 Thread 0x0000021f4de7e380 nmethod 1473 0x0000021f3eba7a88 code [0x0000021f3eba7ba0, 0x0000021f3eba7c68]
Event: 20.515 Thread 0x0000021f4de7e380 1474       3       java.awt.Container::getFocusTraversalKeys (26 bytes)
Event: 20.516 Thread 0x0000021f4de7e380 nmethod 1474 0x0000021f3724eb08 code [0x0000021f3724ec40, 0x0000021f3724eea0]
Event: 20.516 Thread 0x0000021f4de7e380 1475       3       java.awt.Component::getFocusTraversalKeys_NoIDCheck (47 bytes)
Event: 20.517 Thread 0x0000021f4de7e380 nmethod 1475 0x0000021f3724ef08 code [0x0000021f3724f0a0, 0x0000021f3724f6b8]
Event: 20.545 Thread 0x0000021f4de7b110 1476       4       sun.awt.AppContext::getAppContext (51 bytes)
Event: 20.547 Thread 0x0000021f4de7b110 nmethod 1476 0x0000021f3eba7d88 code [0x0000021f3eba7e80, 0x0000021f3eba7f48]
Event: 20.606 Thread 0x0000021f4de7e380 1477       3       java.awt.Component::isDisplayable (13 bytes)
Event: 20.606 Thread 0x0000021f4de7e380 nmethod 1477 0x0000021f3724f708 code [0x0000021f3724f820, 0x0000021f3724f980]
Event: 20.727 Thread 0x0000021f4de7e380 1478   !   3       java.awt.DefaultKeyboardFocusManager::dispatchEvent (1625 bytes)

GC Heap History (0 events):
No events

Dll operation events (13 events):
Event: 0.011 Loaded shared library C:\Program Files\Java\jdk-23\bin\java.dll
Event: 0.051 Loaded shared library C:\Program Files\Java\jdk-23\bin\jsvml.dll
Event: 0.113 Loaded shared library C:\Program Files\Java\jdk-23\bin\zip.dll
Event: 0.117 Loaded shared library C:\Program Files\Java\jdk-23\bin\instrument.dll
Event: 0.120 Loaded shared library C:\Program Files\Java\jdk-23\bin\net.dll
Event: 0.122 Loaded shared library C:\Program Files\Java\jdk-23\bin\nio.dll
Event: 0.131 Loaded shared library C:\Program Files\Java\jdk-23\bin\zip.dll
Event: 0.150 Loaded shared library C:\Program Files\JetBrains\IntelliJ IDEA Community Edition 2024.2.3\bin\breakgen64.dll
Event: 0.161 Loaded shared library C:\Program Files\Java\jdk-23\bin\extnet.dll
Event: 0.168 Loaded shared library C:\Program Files\Java\jdk-23\bin\jimage.dll
Event: 0.185 Loaded shared library C:\Program Files\Java\jdk-23\bin\awt.dll
Event: 0.422 Loaded shared library C:\Program Files\Java\jdk-23\bin\freetype.dll
Event: 0.423 Loaded shared library C:\Program Files\Java\jdk-23\bin\fontmanager.dll

Deoptimization events (20 events):
Event: 5.186 Thread 0x0000021f933d2470 Uncommon trap: trap_request=0xffffffc6 fr.pc=0x0000021f3eb877a4 relative=0x0000000000000524
Event: 5.186 Thread 0x0000021f933d2470 Uncommon trap: reason=bimorphic_or_optimized_type_check action=maybe_recompile pc=0x0000021f3eb877a4 method=java.util.concurrent.ConcurrentHashMap.get(Ljava/lang/Object;)Ljava/lang/Object; @ 149 c2
Event: 5.186 Thread 0x0000021f933d2470 DEOPT PACKING pc=0x0000021f3eb877a4 sp=0x000000d29e3fdc30
Event: 5.186 Thread 0x0000021f933d2470 DEOPT UNPACKING pc=0x0000021f3e604402 sp=0x000000d29e3fdbd0 mode 2
Event: 5.186 Thread 0x0000021f933d2470 Uncommon trap: trap_request=0xffffffde fr.pc=0x0000021f3eb4fdac relative=0x00000000000001ac
Event: 5.186 Thread 0x0000021f933d2470 Uncommon trap: reason=class_check action=maybe_recompile pc=0x0000021f3eb4fdac method=java.lang.String.equals(Ljava/lang/Object;)Z @ 8 c2
Event: 5.186 Thread 0x0000021f933d2470 DEOPT PACKING pc=0x0000021f3eb4fdac sp=0x000000d29e3fda30
Event: 5.186 Thread 0x0000021f933d2470 DEOPT UNPACKING pc=0x0000021f3e604402 sp=0x000000d29e3fd9c8 mode 2
Event: 5.187 Thread 0x0000021f933d2470 Uncommon trap: trap_request=0xffffffc6 fr.pc=0x0000021f3eb877a4 relative=0x0000000000000524
Event: 5.187 Thread 0x0000021f933d2470 Uncommon trap: reason=bimorphic_or_optimized_type_check action=maybe_recompile pc=0x0000021f3eb877a4 method=java.util.concurrent.ConcurrentHashMap.get(Ljava/lang/Object;)Ljava/lang/Object; @ 149 c2
Event: 5.187 Thread 0x0000021f933d2470 DEOPT PACKING pc=0x0000021f3eb877a4 sp=0x000000d29e3fdc30
Event: 5.187 Thread 0x0000021f933d2470 DEOPT UNPACKING pc=0x0000021f3e604402 sp=0x000000d29e3fdbd0 mode 2
Event: 6.871 Thread 0x0000021f933d2470 DEOPT PACKING pc=0x0000021f371ef27d sp=0x000000d29e3fcdf0
Event: 6.871 Thread 0x0000021f933d2470 DEOPT UNPACKING pc=0x0000021f3e604b22 sp=0x000000d29e3fc2c0 mode 0
Event: 6.871 Thread 0x0000021f933d2470 DEOPT PACKING pc=0x0000021f371ef27d sp=0x000000d29e3fcdf0
Event: 6.871 Thread 0x0000021f933d2470 DEOPT UNPACKING pc=0x0000021f3e604b22 sp=0x000000d29e3fc2c0 mode 0
Event: 6.871 Thread 0x0000021f933d2470 DEOPT PACKING pc=0x0000021f371ef27d sp=0x000000d29e3fcdf0
Event: 6.871 Thread 0x0000021f933d2470 DEOPT UNPACKING pc=0x0000021f3e604b22 sp=0x000000d29e3fc2c0 mode 0
Event: 6.872 Thread 0x0000021f933d2470 DEOPT PACKING pc=0x0000021f371ef27d sp=0x000000d29e3fcdf0
Event: 6.872 Thread 0x0000021f933d2470 DEOPT UNPACKING pc=0x0000021f3e604b22 sp=0x000000d29e3fc2c0 mode 0

Classes loaded (20 events):
Event: 6.784 Loading class java/awt/KeyboardFocusManager$2
Event: 6.784 Loading class java/awt/KeyboardFocusManager$2 done
Event: 6.785 Loading class sun/awt/SunToolkit$1
Event: 6.785 Loading class sun/awt/SunToolkit$1 done
Event: 6.817 Loading class java/awt/Window$1DisposeAction
Event: 6.817 Loading class java/awt/Window$1DisposeAction done
Event: 6.818 Loading class java/awt/LightweightDispatcher$2
Event: 6.818 Loading class java/awt/LightweightDispatcher$2 done
Event: 6.862 Loading class javax/swing/Autoscroller
Event: 6.862 Loading class javax/swing/Autoscroller done
Event: 16.384 Loading class sun/awt/DebugSettings
Event: 16.388 Loading class sun/awt/DebugSettings done
Event: 16.389 Loading class javax/swing/JComponent$KeyboardState
Event: 16.389 Loading class javax/swing/JComponent$KeyboardState done
Event: 16.389 Loading class javax/swing/JComponent$IntVector
Event: 16.389 Loading class javax/swing/JComponent$IntVector done
Event: 16.389 Loading class javax/swing/Popup$HeavyWeightWindow
Event: 16.389 Loading class javax/swing/JWindow
Event: 16.391 Loading class javax/swing/JWindow done
Event: 16.391 Loading class javax/swing/Popup$HeavyWeightWindow done

Classes unloaded (0 events):
No events

Classes redefined (0 events):
No events

Internal exceptions (15 events):
Event: 0.146 Thread 0x0000021f2e949a80 Exception <a 'java/lang/NoSuchMethodError'{0x0000000711c8f5e8}: 'java.lang.Object java.lang.invoke.Invokers$Holder.invokeExact_MT(java.lang.Object, java.lang.Object, java.lang.Object, java.lang.Object, java.lang.Object)'> (0x0000000711c8f5e8) 
thrown [s\open\src\hotspot\share\interpreter\linkResolver.cpp, line 796]
Event: 0.163 Thread 0x0000021f93278370 Exception <a 'java/lang/NoSuchMethodError'{0x0000000711cfecd8}: 'void java.lang.invoke.DirectMethodHandle$Holder.invokeStatic(java.lang.Object, java.lang.Object)'> (0x0000000711cfecd8) 
thrown [s\open\src\hotspot\share\interpreter\linkResolver.cpp, line 796]
Event: 0.174 Thread 0x0000021f2e949a80 Exception <a 'java/lang/ClassNotFoundException'{0x0000000711cb4810}: sun/awt/resources/spi/awtProvider> (0x0000000711cb4810) 
thrown [s\open\src\hotspot\share\classfile\systemDictionary.cpp, line 313]
Event: 0.199 Thread 0x0000021f2e949a80 Exception <a 'java/io/FileNotFoundException'{0x0000000711d80590}> (0x0000000711d80590) 
thrown [s\open\src\hotspot\share\prims\jni.cpp, line 520]
Event: 0.207 Thread 0x0000021f2e949a80 Exception <a 'java/io/FileNotFoundException'{0x0000000711dae6f0}> (0x0000000711dae6f0) 
thrown [s\open\src\hotspot\share\prims\jni.cpp, line 520]
Event: 0.292 Thread 0x0000021f2e949a80 Exception <a 'java/lang/NoSuchMethodError'{0x0000000711a465e8}: 'void java.lang.invoke.DirectMethodHandle$Holder.invokeSpecial(java.lang.Object, java.lang.Object, java.lang.Object)'> (0x0000000711a465e8) 
thrown [s\open\src\hotspot\share\interpreter\linkResolver.cpp, line 796]
Event: 0.305 Thread 0x0000021f2e949a80 Exception <a 'java/lang/NoSuchMethodError'{0x0000000711b8baf8}: 'java.lang.Object java.lang.invoke.DirectMethodHandle$Holder.invokeStatic(java.lang.Object, int, java.lang.Object)'> (0x0000000711b8baf8) 
thrown [s\open\src\hotspot\share\interpreter\linkResolver.cpp, line 796]
Event: 0.327 Thread 0x0000021f2e949a80 Exception <a 'java/lang/ClassNotFoundException'{0x0000000711832ab0}: com/sun/swing/internal/plaf/metal/resources/spi/metalProvider> (0x0000000711832ab0) 
thrown [s\open\src\hotspot\share\classfile\systemDictionary.cpp, line 313]
Event: 0.328 Thread 0x0000021f2e949a80 Exception <a 'java/lang/ClassNotFoundException'{0x0000000711836a70}: com/sun/swing/internal/plaf/basic/resources/spi/basicProvider> (0x0000000711836a70) 
thrown [s\open\src\hotspot\share\classfile\systemDictionary.cpp, line 313]
Event: 0.336 Thread 0x0000021f2e949a80 Exception <a 'java/lang/NoSuchMethodError'{0x0000000711853268}: 'int java.lang.invoke.Invokers$Holder.invokeExact_MT(java.lang.Object, java.lang.Object)'> (0x0000000711853268) 
thrown [s\open\src\hotspot\share\interpreter\linkResolver.cpp, line 796]
Event: 0.398 Thread 0x0000021f2e949a80 Exception <a 'java/lang/NoSuchMethodError'{0x00000007118a2978}: 'void java.lang.invoke.DirectMethodHandle$Holder.invokeSpecial(java.lang.Object, java.lang.Object, java.lang.Object, java.lang.Object, java.lang.Object, java.lang.Object)'> (0x00000007118a2978) 
thrown [s\open\src\hotspot\share\interpreter\linkResolver.cpp, line 796]
Event: 0.405 Thread 0x0000021f933729e0 Exception <a 'java/lang/NoSuchMethodError'{0x0000000711b04218}: 'void java.lang.invoke.DirectMethodHandle$Holder.invokeVirtual(java.lang.Object, java.lang.Object)'> (0x0000000711b04218) 
thrown [s\open\src\hotspot\share\interpreter\linkResolver.cpp, line 796]
Event: 0.419 Thread 0x0000021f2e949a80 Exception <a 'java/lang/NoSuchMethodError'{0x00000007118ca660}: 'void java.lang.invoke.DirectMethodHandle$Holder.invokeStaticInit(java.lang.Object)'> (0x00000007118ca660) 
thrown [s\open\src\hotspot\share\interpreter\linkResolver.cpp, line 796]
Event: 5.177 Thread 0x0000021f94b2bc00 Exception <a 'java/lang/NoSuchMethodError'{0x0000000710f054a0}: 'java.lang.Object java.lang.invoke.DirectMethodHandle$Holder.newInvokeSpecial(java.lang.Object, java.lang.Object, java.lang.Object, int, int, int, int, int)'> (0x0000000710f054a0) 
thrown [s\open\src\hotspot\share\interpreter\linkResolver.cpp, line 796]
Event: 5.227 Thread 0x0000021f933d2470 Exception <a 'java/lang/NoSuchMethodError'{0x0000000710ee5678}: 'int java.lang.invoke.DirectMethodHandle$Holder.invokeStatic(java.lang.Object)'> (0x0000000710ee5678) 
thrown [s\open\src\hotspot\share\interpreter\linkResolver.cpp, line 796]

VM Operations (6 events):
Event: 0.220 Executing VM operation: HandshakeAllThreads (Deoptimize)
Event: 0.220 Executing VM operation: HandshakeAllThreads (Deoptimize) done
Event: 0.341 Executing VM operation: HandshakeAllThreads (Deoptimize)
Event: 0.341 Executing VM operation: HandshakeAllThreads (Deoptimize) done
Event: 5.170 Executing VM operation: HandshakeAllThreads (Deoptimize)
Event: 5.170 Executing VM operation: HandshakeAllThreads (Deoptimize) done

Memory protections (0 events):
No events

Nmethod flushes (0 events):
No events

Events (20 events):
Event: 0.049 Thread 0x0000021f2e949a80 Thread added: 0x0000021f4de6df20
Event: 0.049 Thread 0x0000021f2e949a80 Thread added: 0x0000021f4de704f0
Event: 0.049 Thread 0x0000021f2e949a80 Thread added: 0x0000021f4de71820
Event: 0.049 Thread 0x0000021f2e949a80 Thread added: 0x0000021f4de72b50
Event: 0.049 Thread 0x0000021f2e949a80 Thread added: 0x0000021f4de739a0
Event: 0.049 Thread 0x0000021f2e949a80 Thread added: 0x0000021f4de7b110
Event: 0.049 Thread 0x0000021f2e949a80 Thread added: 0x0000021f4de7e380
Event: 0.085 Thread 0x0000021f2e949a80 Thread added: 0x0000021f9309fff0
Event: 0.151 Thread 0x0000021f2e949a80 Thread added: 0x0000021f93278370
Event: 0.151 Thread 0x0000021f2e949a80 Thread added: 0x0000021f932789e0
Event: 0.261 Thread 0x0000021f2e949a80 Thread added: 0x0000021f93364fc0
Event: 0.263 Thread 0x0000021f2e949a80 Thread added: 0x0000021f9336dfe0
Event: 0.265 Thread 0x0000021f2e949a80 Thread added: 0x0000021f933729e0
Event: 0.368 Thread 0x0000021f2e949a80 Thread added: 0x0000021f933d2470
Event: 0.495 Thread 0x0000021f2e949a80 Thread exited: 0x0000021f2e949a80
Event: 0.495 Thread 0x0000021f2e949a80 Thread added: 0x0000021f2e949a80
Event: 0.560 Thread 0x0000021f4de7e380 Thread added: 0x0000021f948aa570
Event: 1.905 Thread 0x0000021f948aa570 Thread exited: 0x0000021f948aa570
Event: 5.175 Thread 0x0000021f933d2470 Thread added: 0x0000021f94b2bc00
Event: 10.170 Thread 0x0000021f94b2bc00 Thread exited: 0x0000021f94b2bc00


Dynamic libraries:
0x00007ff774390000 - 0x00007ff7743a0000 	C:\Program Files\Java\jdk-23\bin\java.exe
0x00007ffca2a50000 - 0x00007ffca2c67000 	C:\WINDOWS\SYSTEM32\ntdll.dll
0x00007ffca1c50000 - 0x00007ffca1d14000 	C:\WINDOWS\System32\KERNEL32.DLL
0x00007ffc9fe70000 - 0x00007ffca0229000 	C:\WINDOWS\System32\KERNELBASE.dll
0x00007ffca0560000 - 0x00007ffca0671000 	C:\WINDOWS\System32\ucrtbase.dll
0x00007ffc85b90000 - 0x00007ffc85bab000 	C:\Program Files\Java\jdk-23\bin\VCRUNTIME140.dll
0x00007ffc85b70000 - 0x00007ffc85b87000 	C:\Program Files\Java\jdk-23\bin\jli.dll
0x00007ffca0ac0000 - 0x00007ffca0c6e000 	C:\WINDOWS\System32\USER32.dll
0x00007ffca0740000 - 0x00007ffca0766000 	C:\WINDOWS\System32\win32u.dll
0x00007ffca1c20000 - 0x00007ffca1c49000 	C:\WINDOWS\System32\GDI32.dll
0x00007ffc8b2f0000 - 0x00007ffc8b582000 	C:\WINDOWS\WinSxS\amd64_microsoft.windows.common-controls_6595b64144ccf1df_6.0.22621.4391_none_2715d37f73803e96\COMCTL32.dll
0x00007ffc9fd50000 - 0x00007ffc9fe6b000 	C:\WINDOWS\System32\gdi32full.dll
0x00007ffca0770000 - 0x00007ffca0817000 	C:\WINDOWS\System32\msvcrt.dll
0x00007ffca0230000 - 0x00007ffca02ca000 	C:\WINDOWS\System32\msvcp_win.dll
0x00007ffca19d0000 - 0x00007ffca1a01000 	C:\WINDOWS\System32\IMM32.DLL
0x00007ffc987a0000 - 0x00007ffc987ac000 	C:\Program Files\Java\jdk-23\bin\vcruntime140_1.dll
0x00007ffc83af0000 - 0x00007ffc83b7e000 	C:\Program Files\Java\jdk-23\bin\msvcp140.dll
0x00007ffc5da60000 - 0x00007ffc5e7af000 	C:\Program Files\Java\jdk-23\bin\server\jvm.dll
0x00007ffca22f0000 - 0x00007ffca23a2000 	C:\WINDOWS\System32\ADVAPI32.dll
0x00007ffca23d0000 - 0x00007ffca2477000 	C:\WINDOWS\System32\sechost.dll
0x00007ffca02d0000 - 0x00007ffca02f8000 	C:\WINDOWS\System32\bcrypt.dll
0x00007ffca2510000 - 0x00007ffca2624000 	C:\WINDOWS\System32\RPCRT4.dll
0x00007ffca2270000 - 0x00007ffca22e1000 	C:\WINDOWS\System32\WS2_32.dll
0x00007ffc9ebe0000 - 0x00007ffc9ec2d000 	C:\WINDOWS\SYSTEM32\POWRPROF.dll
0x00007ffc8ba70000 - 0x00007ffc8baa4000 	C:\WINDOWS\SYSTEM32\WINMM.dll
0x00007ffc98000000 - 0x00007ffc9800a000 	C:\WINDOWS\SYSTEM32\VERSION.dll
0x00007ffc9ebc0000 - 0x00007ffc9ebd3000 	C:\WINDOWS\SYSTEM32\UMPDC.dll
0x00007ffc9ee80000 - 0x00007ffc9ee98000 	C:\WINDOWS\SYSTEM32\kernel.appcore.dll
0x00007ffc85b60000 - 0x00007ffc85b6a000 	C:\Program Files\Java\jdk-23\bin\jimage.dll
0x00007ffc9a5d0000 - 0x00007ffc9a802000 	C:\WINDOWS\SYSTEM32\DBGHELP.DLL
0x00007ffca1d20000 - 0x00007ffca20af000 	C:\WINDOWS\System32\combase.dll
0x00007ffca0930000 - 0x00007ffca0a07000 	C:\WINDOWS\System32\OLEAUT32.dll
0x00007ffc86350000 - 0x00007ffc86382000 	C:\WINDOWS\SYSTEM32\dbgcore.DLL
0x00007ffca0470000 - 0x00007ffca04eb000 	C:\WINDOWS\System32\bcryptPrimitives.dll
0x00007ffc83ae0000 - 0x00007ffc83aef000 	C:\Program Files\Java\jdk-23\bin\instrument.dll
0x00007ffc83ac0000 - 0x00007ffc83ade000 	C:\Program Files\Java\jdk-23\bin\java.dll
0x00007ffca20b0000 - 0x00007ffca2255000 	C:\WINDOWS\System32\ole32.dll
0x00007ffca1150000 - 0x00007ffca19c6000 	C:\WINDOWS\System32\SHELL32.dll
0x00007ffc9dca0000 - 0x00007ffc9e5a3000 	C:\WINDOWS\SYSTEM32\windows.storage.dll
0x00007ffc9db60000 - 0x00007ffc9dc9f000 	C:\WINDOWS\SYSTEM32\wintypes.dll
0x00007ffca1a10000 - 0x00007ffca1b09000 	C:\WINDOWS\System32\SHCORE.dll
0x00007ffca1b30000 - 0x00007ffca1b8e000 	C:\WINDOWS\System32\shlwapi.dll
0x00007ffc9fc80000 - 0x00007ffc9fcab000 	C:\WINDOWS\SYSTEM32\profapi.dll
0x00007ffc6b310000 - 0x00007ffc6b3e7000 	C:\Program Files\Java\jdk-23\bin\jsvml.dll
0x00007ffc83730000 - 0x00007ffc83747000 	C:\Program Files\Java\jdk-23\bin\zip.dll
0x00007ffc83ab0000 - 0x00007ffc83ac0000 	C:\Program Files\Java\jdk-23\bin\net.dll
0x00007ffc9f300000 - 0x00007ffc9f369000 	C:\WINDOWS\system32\mswsock.dll
0x00007ffc83770000 - 0x00007ffc83786000 	C:\Program Files\Java\jdk-23\bin\nio.dll
0x00007ffc83710000 - 0x00007ffc8372a000 	C:\Program Files\JetBrains\IntelliJ IDEA Community Edition 2024.2.3\bin\breakgen64.dll
0x00007ffc83760000 - 0x00007ffc83769000 	C:\Program Files\Java\jdk-23\bin\extnet.dll
0x00007ffc5fb20000 - 0x00007ffc5fcae000 	C:\Program Files\Java\jdk-23\bin\awt.dll
0x00007ffc98c40000 - 0x00007ffc98cd7000 	C:\WINDOWS\SYSTEM32\apphelp.dll
0x00007ffc9a290000 - 0x00007ffc9a2bb000 	C:\WINDOWS\system32\DWMAPI.DLL
0x00007ffc99e00000 - 0x00007ffc99eb1000 	C:\WINDOWS\system32\uxtheme.dll
0x00007ffc886f0000 - 0x00007ffc887f0000 	C:\WINDOWS\system32\opengl32.dll
0x00007ffc88070000 - 0x00007ffc8809d000 	C:\WINDOWS\SYSTEM32\GLU32.dll
0x00007ffc99f50000 - 0x00007ffc99f87000 	C:\WINDOWS\SYSTEM32\dxcore.dll
0x00007ffca2630000 - 0x00007ffca2790000 	C:\WINDOWS\System32\MSCTF.dll
0x00007ffc6b280000 - 0x00007ffc6b307000 	C:\Program Files\Java\jdk-23\bin\freetype.dll
0x00007ffc65800000 - 0x00007ffc658d7000 	C:\Program Files\Java\jdk-23\bin\fontmanager.dll
0x00007ffca0a10000 - 0x00007ffca0ac0000 	C:\WINDOWS\System32\clbcatq.dll
0x00007ffc999f0000 - 0x00007ffc99ba0000 	C:\WINDOWS\SYSTEM32\WindowsCodecs.dll
0x00007ffc6fdd0000 - 0x00007ffc6fe2e000 	C:\WINDOWS\system32\dataexchange.dll
0x00007ffc934a0000 - 0x00007ffc93744000 	C:\WINDOWS\system32\twinapi.appcore.dll
0x00007ffc8c980000 - 0x00007ffc8cac5000 	C:\WINDOWS\SYSTEM32\textinputframework.dll
0x00007ffc987e0000 - 0x00007ffc98913000 	C:\WINDOWS\SYSTEM32\CoreMessaging.dll
0x00007ffc95280000 - 0x00007ffc955ed000 	C:\WINDOWS\SYSTEM32\CoreUIComponents.dll
0x00007ffc9f570000 - 0x00007ffc9f57c000 	C:\WINDOWS\SYSTEM32\CRYPTBASE.DLL
0x00007ffc72090000 - 0x00007ffc72141000 	C:\WINDOWS\SYSTEM32\TextShaping.dll

dbghelp: loaded successfully - version: 4.0.5 - missing functions: none
symbol engine: initialized successfully - sym options: 0x614 - pdb path: .;C:\Program Files\Java\jdk-23\bin;C:\WINDOWS\SYSTEM32;C:\WINDOWS\WinSxS\amd64_microsoft.windows.common-controls_6595b64144ccf1df_6.0.22621.4391_none_2715d37f73803e96;C:\Program Files\Java\jdk-23\bin\server;C:\Program Files\JetBrains\IntelliJ IDEA Community Edition 2024.2.3\bin

VM Arguments:
jvm_args: -javaagent:C:\Program Files\JetBrains\IntelliJ IDEA Community Edition 2024.2.3\lib\idea_rt.jar=49800:C:\Program Files\JetBrains\IntelliJ IDEA Community Edition 2024.2.3\bin -Dfile.encoding=UTF-8 -Dsun.stdout.encoding=UTF-8 -Dsun.stderr.encoding=UTF-8 
java_command: Profile
java_class_path (initial): C:\Users\Admin\Downloads\jm.jar;C:\Users\Admin\Downloads\json-20220320.jar;C:\Users\Admin\Downloads\gson-2.11.0.jar;C:\Users\Admin\IdeaProjects\Batch1 _dec\out\production\Batch1 _dec
Launcher Type: SUN_STANDARD

[Global flags]
     intx CICompilerCount                          = 4                                         {product} {ergonomic}
     uint ConcGCThreads                            = 2                                         {product} {ergonomic}
     uint G1ConcRefinementThreads                  = 8                                         {product} {ergonomic}
   size_t G1HeapRegionSize                         = 2097152                                   {product} {ergonomic}
   size_t InitialHeapSize                          = 266338304                                 {product} {ergonomic}
   size_t MarkStackSize                            = 4194304                                   {product} {ergonomic}
   size_t MarkStackSizeMax                         = 536870912                                 {product} {ergonomic}
   size_t MaxHeapSize                              = 4259315712                                {product} {ergonomic}
   size_t MaxNewSize                               = 2554331136                                {product} {ergonomic}
   size_t MinHeapDeltaBytes                        = 2097152                                   {product} {ergonomic}
   size_t MinHeapSize                              = 8388608                                   {product} {ergonomic}
    uintx NonNMethodCodeHeapSize                   = 5832704                                {pd product} {ergonomic}
    uintx NonProfiledCodeHeapSize                  = 122945536                              {pd product} {ergonomic}
    uintx ProfiledCodeHeapSize                     = 122880000                              {pd product} {ergonomic}
    uintx ReservedCodeCacheSize                    = 251658240                              {pd product} {ergonomic}
     bool SegmentedCodeCache                       = true                                      {product} {ergonomic}
   size_t SoftMaxHeapSize                          = 4259315712                             {manageable} {ergonomic}
     bool UseCompressedOops                        = true                           {product lp64_product} {ergonomic}
     bool UseG1GC                                  = true                                      {product} {ergonomic}
     bool UseLargePagesIndividualAllocation        = false                                  {pd product} {ergonomic}

Logging:
Log output configuration:
 #0: stdout all=warning uptime,level,tags foldmultilines=false
 #1: stderr all=off uptime,level,tags foldmultilines=false

Environment Variables:
JAVA_HOME=C:\Program Files\Java\jdk-23
PATH=C:\Program Files\Common Files\Oracle\Java\javapath;C:\WINDOWS\system32;C:\WINDOWS;C:\WINDOWS\System32\Wbem;C:\WINDOWS\System32\WindowsPowerShell\v1.0\;C:\WINDOWS\System32\OpenSSH\;C:\Program Files\MySQL\MySQL Server 8.0\bin;C:\Program Files\MySQL\MySQL Shell 8.0\bin\;C:\Users\Admin\AppData\Local\Microsoft\WindowsApps;C:\Program Files\JetBrains\IntelliJ IDEA Community Edition 2024.2.3\bin;;C:\Program Files\Java\jdk-23\bin;C:\Program Files\Common Files\Oracle\Java\javapath;
USERNAME=Admin
OS=Windows_NT
PROCESSOR_IDENTIFIER=Intel64 Family 6 Model 142 Stepping 10, GenuineIntel
TMP=C:\Users\Admin\AppData\Local\Temp
TEMP=C:\Users\Admin\AppData\Local\Temp




Periodic native trim disabled

---------------  S Y S T E M  ---------------

OS:
 Windows 11 , 64 bit Build 22621 (10.0.22621.4391)
OS uptime: 0 days 1:13 hours

CPU: total 8 (initial active 8) (4 cores per cpu, 2 threads per core) family 6 model 142 stepping 10 microcode 0xf4, cx8, cmov, fxsr, ht, mmx, 3dnowpref, sse, sse2, sse3, ssse3, sse4.1, sse4.2, popcnt, lzcnt, tsc, tscinvbit, avx, avx2, aes, erms, clmul, bmi1, bmi2, adx, fma, vzeroupper, clflush, clflushopt, rdtscp, f16c
Processor Information for the first 8 processors :
  Max Mhz: 1800, Current Mhz: 1600, Mhz Limit: 1584

Memory: 4k page, system-wide physical 16242M (3615M free)
TotalPageFile size 41744M (AvailPageFile size 4M)
current process WorkingSet (physical memory assigned to process): 90M, peak: 90M
current process commit charge ("private bytes"): 363M, peak: 365M

vm_info: Java HotSpot(TM) 64-Bit Server VM (23+37-2369) for windows-amd64 JRE (23+37-2369), built on 2024-08-20T16:01:23Z with MS VC++ 17.6 (VS2022)

END.
