#
# There is insufficient memory for the Java Runtime Environment to continue.
# Native memory allocation (malloc) failed to allocate 774816 bytes. Error detail: Chunk::new
# Possible reasons:
#   The system is out of physical RAM or swap space
#   This process is running with CompressedOops enabled, and the Java Heap may be blocking the growth of the native heap
# Possible solutions:
#   Reduce memory load on the system
#   Increase physical memory or swap space
#   Check if swap backing store is full
#   Decrease Java heap size (-Xmx/-Xms)
#   Decrease number of Java threads
#   Decrease Java thread stack sizes (-Xss)
#   Set larger code cache with -XX:ReservedCodeCacheSize=
#   JVM is running with Zero Based Compressed Oops mode in which the Java heap is
#     placed in the first 32GB address space. The Java Heap base address is the
#     maximum limit for the native heap growth. Please use -XX:HeapBaseMinAddress
#     to set the Java Heap base and to place the Java Heap above 32GB virtual address.
# This output file may be truncated or incomplete.
#
#  Out of Memory Error (arena.cpp:149), pid=117380, tid=121244
#
# JRE version: Java(TM) SE Runtime Environment (23.0+37) (build 23+37-2369)
# Java VM: Java HotSpot(TM) 64-Bit Server VM (23+37-2369, mixed mode, sharing, tiered, compressed oops, compressed class ptrs, g1 gc, windows-amd64)
# No core dump will be written. Minidumps are not enabled by default on client versions of Windows
#

---------------  S U M M A R Y ------------

Command Line: -javaagent:C:\Program Files\JetBrains\IntelliJ IDEA Community Edition 2024.2.3\lib\idea_rt.jar=49792:C:\Program Files\JetBrains\IntelliJ IDEA Community Edition 2024.2.3\bin -Dfile.encoding=UTF-8 -Dsun.stdout.encoding=UTF-8 -Dsun.stderr.encoding=UTF-8 Profile

Host: Intel(R) Core(TM) i5-8250U CPU @ 1.60GHz, 8 cores, 15G,  Windows 11 , 64 bit Build 22621 (10.0.22621.4391)
Time: Tue Dec 24 19:20:55 2024 India Standard Time elapsed time: 7.679194 seconds (0d 0h 0m 7s)

---------------  T H R E A D  ---------------

Current thread (0x0000020e26b4c0c0):  JavaThread "C2 CompilerThread0" daemon [_thread_in_native, id=121244, stack(0x000000f37a100000,0x000000f37a200000) (1024K)]


Current CompileTask:
C2:7679 2074       4       sun.security.ec.ECOperations::setDouble (463 bytes)

Stack: [0x000000f37a100000,0x000000f37a200000]
Native frames: (J=compiled Java code, j=interpreted, Vv=VM code, C=native code)
V  [jvm.dll+0x6e08a9]  (no source info available)
V  [jvm.dll+0x87da63]  (no source info available)
V  [jvm.dll+0x87feee]  (no source info available)
V  [jvm.dll+0x8805c3]  (no source info available)
V  [jvm.dll+0x27aee6]  (no source info available)
V  [jvm.dll+0xbc06f]  (no source info available)
V  [jvm.dll+0xbc2cb]  (no source info available)
V  [jvm.dll+0x2ee94d]  (no source info available)
V  [jvm.dll+0x6063c9]  (no source info available)
V  [jvm.dll+0x24ddf2]  (no source info available)
V  [jvm.dll+0x24e1d5]  (no source info available)
V  [jvm.dll+0x246b54]  (no source info available)
V  [jvm.dll+0x243d04]  (no source info available)
V  [jvm.dll+0x1c33a0]  (no source info available)
V  [jvm.dll+0x253cf1]  (no source info available)
V  [jvm.dll+0x251faa]  (no source info available)
V  [jvm.dll+0x3ee036]  (no source info available)
V  [jvm.dll+0x824f1b]  (no source info available)
V  [jvm.dll+0x6df055]  (no source info available)
C  [ucrtbase.dll+0x29333]  (no source info available)
C  [KERNEL32.DLL+0x1259d]  (no source info available)
C  [ntdll.dll+0x5af38]  (no source info available)

Lock stack of current Java thread (top to bottom):


---------------  P R O C E S S  ---------------

Threads class SMR info:
_java_thread_list=0x0000020e6d788c80, length=20, elements={
0x0000020e26b3a560, 0x0000020e26b3b140, 0x0000020e26b3e480, 0x0000020e26b40b00,
0x0000020e26b414d0, 0x0000020e26b4a430, 0x0000020e26b4c0c0, 0x0000020e26b4c9e0,
0x0000020e26c51a70, 0x0000020e26c52e20, 0x0000020e26c534b0, 0x0000020e26c506c0,
0x0000020e26c52790, 0x0000020e26c513e0, 0x0000020e26c50d50, 0x0000020e26c50030,
0x0000020e6d7a2840, 0x0000020e6d7a6350, 0x0000020e6d3bc1d0, 0x0000020e6ed110f0
}

Java Threads: ( => current thread )
  0x0000020e26b3a560 JavaThread "Reference Handler"          daemon [_thread_blocked, id=120604, stack(0x000000f379b00000,0x000000f379c00000) (1024K)]
  0x0000020e26b3b140 JavaThread "Finalizer"                  daemon [_thread_blocked, id=117972, stack(0x000000f379c00000,0x000000f379d00000) (1024K)]
  0x0000020e26b3e480 JavaThread "Signal Dispatcher"          daemon [_thread_blocked, id=119168, stack(0x000000f379d00000,0x000000f379e00000) (1024K)]
  0x0000020e26b40b00 JavaThread "Attach Listener"            daemon [_thread_blocked, id=2956, stack(0x000000f379e00000,0x000000f379f00000) (1024K)]
  0x0000020e26b414d0 JavaThread "Service Thread"             daemon [_thread_blocked, id=17252, stack(0x000000f379f00000,0x000000f37a000000) (1024K)]
  0x0000020e26b4a430 JavaThread "Monitor Deflation Thread"   daemon [_thread_blocked, id=91284, stack(0x000000f37a000000,0x000000f37a100000) (1024K)]
=>0x0000020e26b4c0c0 JavaThread "C2 CompilerThread0"         daemon [_thread_in_native, id=121244, stack(0x000000f37a100000,0x000000f37a200000) (1024K)]
  0x0000020e26b4c9e0 JavaThread "C1 CompilerThread0"         daemon [_thread_blocked, id=2868, stack(0x000000f37a200000,0x000000f37a300000) (1024K)]
  0x0000020e26c51a70 JavaThread "Common-Cleaner"             daemon [_thread_blocked, id=120712, stack(0x000000f37a300000,0x000000f37a400000) (1024K)]
  0x0000020e26c52e20 JavaThread "Monitor Ctrl-Break"         daemon [_thread_in_native, id=120672, stack(0x000000f37a400000,0x000000f37a500000) (1024K)]
  0x0000020e26c534b0 JavaThread "Notification Thread"        daemon [_thread_blocked, id=119204, stack(0x000000f37a500000,0x000000f37a600000) (1024K)]
  0x0000020e26c506c0 JavaThread "Java2D Disposer"            daemon [_thread_blocked, id=120092, stack(0x000000f37a600000,0x000000f37a700000) (1024K)]
  0x0000020e26c52790 JavaThread "AWT-Shutdown"                      [_thread_blocked, id=120944, stack(0x000000f37a700000,0x000000f37a800000) (1024K)]
  0x0000020e26c513e0 JavaThread "AWT-Windows"                daemon [_thread_in_native, id=117384, stack(0x000000f37a800000,0x000000f37a900000) (1024K)]
  0x0000020e26c50d50 JavaThread "AWT-EventQueue-0"                  [_thread_in_vm, id=120096, stack(0x000000f37a900000,0x000000f37aa00000) (1024K)]
  0x0000020e26c50030 JavaThread "DestroyJavaVM"                     [_thread_blocked, id=3668, stack(0x000000f379300000,0x000000f379400000) (1024K)]
  0x0000020e6d7a2840 JavaThread "Image Fetcher 0"            daemon [_thread_blocked, id=16708, stack(0x000000f37ad00000,0x000000f37ae00000) (1024K)]
  0x0000020e6d7a6350 JavaThread "mysql-cj-abandoned-connection-cleanup" daemon [_thread_blocked, id=119792, stack(0x000000f37ae00000,0x000000f37af00000) (1024K)]
  0x0000020e6d3bc1d0 JavaThread "C2 CompilerThread1"         daemon [_thread_blocked, id=119684, stack(0x000000f37af00000,0x000000f37b000000) (1024K)]
  0x0000020e6ed110f0 JavaThread "C2 CompilerThread2"         daemon [_thread_blocked, id=119460, stack(0x000000f37b700000,0x000000f37b800000) (1024K)]
Total: 20

Other Threads:
  0x0000020e26b22da0 VMThread "VM Thread"                           [id=3132, stack(0x000000f379a00000,0x000000f379b00000) (1024K)]
  0x0000020e26b11390 WatcherThread "VM Periodic Task Thread"        [id=118076, stack(0x000000f379900000,0x000000f379a00000) (1024K)]
  0x0000020e07611ab0 WorkerThread "GC Thread#0"                     [id=120224, stack(0x000000f379400000,0x000000f379500000) (1024K)]
  0x0000020e6d6a2260 WorkerThread "GC Thread#1"                     [id=16956, stack(0x000000f37b000000,0x000000f37b100000) (1024K)]
  0x0000020e6d72e020 WorkerThread "GC Thread#2"                     [id=121372, stack(0x000000f37b100000,0x000000f37b200000) (1024K)]
  0x0000020e6d3f5cd0 WorkerThread "GC Thread#3"                     [id=119856, stack(0x000000f37b200000,0x000000f37b300000) (1024K)]
  0x0000020e6d3f6080 WorkerThread "GC Thread#4"                     [id=119764, stack(0x000000f37b300000,0x000000f37b400000) (1024K)]
  0x0000020e6d88bec0 WorkerThread "GC Thread#5"                     [id=120164, stack(0x000000f37b400000,0x000000f37b500000) (1024K)]
  0x0000020e6d69c680 WorkerThread "GC Thread#6"                     [id=4848, stack(0x000000f37b500000,0x000000f37b600000) (1024K)]
  0x0000020e6ed31e50 WorkerThread "GC Thread#7"                     [id=117496, stack(0x000000f37b600000,0x000000f37b700000) (1024K)]
  0x0000020e076269f0 ConcurrentGCThread "G1 Main Marker"            [id=117088, stack(0x000000f379500000,0x000000f379600000) (1024K)]
  0x0000020e07627ca0 WorkerThread "G1 Conc#0"                       [id=119784, stack(0x000000f379600000,0x000000f379700000) (1024K)]
  0x0000020e269e39b0 ConcurrentGCThread "G1 Refine#0"               [id=14700, stack(0x000000f379700000,0x000000f379800000) (1024K)]
  0x0000020e269e5e00 ConcurrentGCThread "G1 Service"                [id=120920, stack(0x000000f379800000,0x000000f379900000) (1024K)]
Total: 14

Threads with active compile tasks:
C2 CompilerThread0  7745 2074       4       sun.security.ec.ECOperations::setDouble (463 bytes)
Total: 1

VM state: not at safepoint (normal execution)

VM Mutex/Monitor currently owned by a thread:  ([mutex/lock_event])
[0x00007ffc5e6d1890] Metaspace_lock - owner thread: 0x0000020e26c50d50

Heap address: 0x0000000702200000, size: 4062 MB, Compressed Oops mode: Zero based, Oop shift amount: 3

CDS archive(s) mapped at: [0x0000020e27000000-0x0000020e27d70000-0x0000020e27d70000), size 14090240, SharedBaseAddress: 0x0000020e27000000, ArchiveRelocationMode: 1.
Compressed class space mapped at: 0x0000020e28000000-0x0000020e68000000, reserved size: 1073741824
Narrow klass base: 0x0000020e27000000, Narrow klass shift: 0, Narrow klass range: 0x41000000

GC Precious Log:
 CardTable entry size: 512
 Card Set container configuration: InlinePtr #cards 4 size 8 Array Of Cards #cards 16 size 48 Howl #buckets 8 coarsen threshold 3686 Howl Bitmap #cards 512 size 80 coarsen threshold 460 Card regions per heap region 1 cards per card region 4096
 CPUs: 8 total, 8 available
 Memory: 16242M
 Large Page Support: Disabled
 NUMA Support: Disabled
 Compressed Oops: Enabled (Zero based)
 Heap Region Size: 2M
 Heap Min Capacity: 8M
 Heap Initial Capacity: 254M
 Heap Max Capacity: 4062M
 Pre-touch: Disabled
 Parallel Workers: 8
 Concurrent Workers: 2
 Concurrent Refinement Workers: 8
 Periodic GC: Disabled

Heap:
 garbage-first heap   total reserved 4159488K, committed 260096K, used 12441K [0x0000000702200000, 0x0000000800000000)
  region size 2048K, 5 young (10240K), 2 survivors (4096K)
 Metaspace       used 17695K, committed 17920K, reserved 1114112K
  class space    used 2053K, committed 2176K, reserved 1048576K

Heap Regions: E=young(eden), S=young(survivor), O=old, HS=humongous(starts), HC=humongous(continues), CS=collection set, F=free, TAMS=top-at-mark-start, PB=parsable bottom
|   0|0x0000000702200000, 0x0000000702400000, 0x0000000702400000|100%|HS|  |TAMS 0x0000000702200000| PB 0x0000000702200000| Complete |  0
|   1|0x0000000702400000, 0x0000000702600000, 0x0000000702600000|100%|HC|  |TAMS 0x0000000702400000| PB 0x0000000702400000| Complete |  0
|   2|0x0000000702600000, 0x00000007026267e8, 0x0000000702800000|  7%| O|  |TAMS 0x0000000702600000| PB 0x0000000702600000| Untracked |  0
|   3|0x0000000702800000, 0x0000000702800000, 0x0000000702a00000|  0%| F|  |TAMS 0x0000000702800000| PB 0x0000000702800000| Untracked |  0
|   4|0x0000000702a00000, 0x0000000702a00000, 0x0000000702c00000|  0%| F|  |TAMS 0x0000000702a00000| PB 0x0000000702a00000| Untracked |  0
|   5|0x0000000702c00000, 0x0000000702c00000, 0x0000000702e00000|  0%| F|  |TAMS 0x0000000702c00000| PB 0x0000000702c00000| Untracked |  0
|   6|0x0000000702e00000, 0x0000000702e00000, 0x0000000703000000|  0%| F|  |TAMS 0x0000000702e00000| PB 0x0000000702e00000| Untracked |  0
|   7|0x0000000703000000, 0x0000000703000000, 0x0000000703200000|  0%| F|  |TAMS 0x0000000703000000| PB 0x0000000703000000| Untracked |  0
|   8|0x0000000703200000, 0x0000000703200000, 0x0000000703400000|  0%| F|  |TAMS 0x0000000703200000| PB 0x0000000703200000| Untracked |  0
|   9|0x0000000703400000, 0x0000000703400000, 0x0000000703600000|  0%| F|  |TAMS 0x0000000703400000| PB 0x0000000703400000| Untracked |  0
|  10|0x0000000703600000, 0x0000000703600000, 0x0000000703800000|  0%| F|  |TAMS 0x0000000703600000| PB 0x0000000703600000| Untracked |  0
|  11|0x0000000703800000, 0x0000000703800000, 0x0000000703a00000|  0%| F|  |TAMS 0x0000000703800000| PB 0x0000000703800000| Untracked |  0
|  12|0x0000000703a00000, 0x0000000703a00000, 0x0000000703c00000|  0%| F|  |TAMS 0x0000000703a00000| PB 0x0000000703a00000| Untracked |  0
|  13|0x0000000703c00000, 0x0000000703c00000, 0x0000000703e00000|  0%| F|  |TAMS 0x0000000703c00000| PB 0x0000000703c00000| Untracked |  0
|  14|0x0000000703e00000, 0x0000000703e00000, 0x0000000704000000|  0%| F|  |TAMS 0x0000000703e00000| PB 0x0000000703e00000| Untracked |  0
|  15|0x0000000704000000, 0x0000000704000000, 0x0000000704200000|  0%| F|  |TAMS 0x0000000704000000| PB 0x0000000704000000| Untracked |  0
|  16|0x0000000704200000, 0x0000000704200000, 0x0000000704400000|  0%| F|  |TAMS 0x0000000704200000| PB 0x0000000704200000| Untracked |  0
|  17|0x0000000704400000, 0x0000000704400000, 0x0000000704600000|  0%| F|  |TAMS 0x0000000704400000| PB 0x0000000704400000| Untracked |  0
|  18|0x0000000704600000, 0x0000000704600000, 0x0000000704800000|  0%| F|  |TAMS 0x0000000704600000| PB 0x0000000704600000| Untracked |  0
|  19|0x0000000704800000, 0x0000000704800000, 0x0000000704a00000|  0%| F|  |TAMS 0x0000000704800000| PB 0x0000000704800000| Untracked |  0
|  20|0x0000000704a00000, 0x0000000704a00000, 0x0000000704c00000|  0%| F|  |TAMS 0x0000000704a00000| PB 0x0000000704a00000| Untracked |  0
|  21|0x0000000704c00000, 0x0000000704c00000, 0x0000000704e00000|  0%| F|  |TAMS 0x0000000704c00000| PB 0x0000000704c00000| Untracked |  0
|  22|0x0000000704e00000, 0x0000000704e00000, 0x0000000705000000|  0%| F|  |TAMS 0x0000000704e00000| PB 0x0000000704e00000| Untracked |  0
|  23|0x0000000705000000, 0x0000000705000000, 0x0000000705200000|  0%| F|  |TAMS 0x0000000705000000| PB 0x0000000705000000| Untracked |  0
|  24|0x0000000705200000, 0x0000000705200000, 0x0000000705400000|  0%| F|  |TAMS 0x0000000705200000| PB 0x0000000705200000| Untracked |  0
|  25|0x0000000705400000, 0x0000000705400000, 0x0000000705600000|  0%| F|  |TAMS 0x0000000705400000| PB 0x0000000705400000| Untracked |  0
|  26|0x0000000705600000, 0x0000000705600000, 0x0000000705800000|  0%| F|  |TAMS 0x0000000705600000| PB 0x0000000705600000| Untracked |  0
|  27|0x0000000705800000, 0x0000000705800000, 0x0000000705a00000|  0%| F|  |TAMS 0x0000000705800000| PB 0x0000000705800000| Untracked |  0
|  28|0x0000000705a00000, 0x0000000705a00000, 0x0000000705c00000|  0%| F|  |TAMS 0x0000000705a00000| PB 0x0000000705a00000| Untracked |  0
|  29|0x0000000705c00000, 0x0000000705c00000, 0x0000000705e00000|  0%| F|  |TAMS 0x0000000705c00000| PB 0x0000000705c00000| Untracked |  0
|  30|0x0000000705e00000, 0x0000000705e00000, 0x0000000706000000|  0%| F|  |TAMS 0x0000000705e00000| PB 0x0000000705e00000| Untracked |  0
|  31|0x0000000706000000, 0x0000000706000000, 0x0000000706200000|  0%| F|  |TAMS 0x0000000706000000| PB 0x0000000706000000| Untracked |  0
|  32|0x0000000706200000, 0x0000000706200000, 0x0000000706400000|  0%| F|  |TAMS 0x0000000706200000| PB 0x0000000706200000| Untracked |  0
|  33|0x0000000706400000, 0x0000000706400000, 0x0000000706600000|  0%| F|  |TAMS 0x0000000706400000| PB 0x0000000706400000| Untracked |  0
|  34|0x0000000706600000, 0x0000000706600000, 0x0000000706800000|  0%| F|  |TAMS 0x0000000706600000| PB 0x0000000706600000| Untracked |  0
|  35|0x0000000706800000, 0x0000000706800000, 0x0000000706a00000|  0%| F|  |TAMS 0x0000000706800000| PB 0x0000000706800000| Untracked |  0
|  36|0x0000000706a00000, 0x0000000706a00000, 0x0000000706c00000|  0%| F|  |TAMS 0x0000000706a00000| PB 0x0000000706a00000| Untracked |  0
|  37|0x0000000706c00000, 0x0000000706c00000, 0x0000000706e00000|  0%| F|  |TAMS 0x0000000706c00000| PB 0x0000000706c00000| Untracked |  0
|  38|0x0000000706e00000, 0x0000000706e00000, 0x0000000707000000|  0%| F|  |TAMS 0x0000000706e00000| PB 0x0000000706e00000| Untracked |  0
|  39|0x0000000707000000, 0x0000000707000000, 0x0000000707200000|  0%| F|  |TAMS 0x0000000707000000| PB 0x0000000707000000| Untracked |  0
|  40|0x0000000707200000, 0x0000000707200000, 0x0000000707400000|  0%| F|  |TAMS 0x0000000707200000| PB 0x0000000707200000| Untracked |  0
|  41|0x0000000707400000, 0x0000000707400000, 0x0000000707600000|  0%| F|  |TAMS 0x0000000707400000| PB 0x0000000707400000| Untracked |  0
|  42|0x0000000707600000, 0x0000000707600000, 0x0000000707800000|  0%| F|  |TAMS 0x0000000707600000| PB 0x0000000707600000| Untracked |  0
|  43|0x0000000707800000, 0x0000000707800000, 0x0000000707a00000|  0%| F|  |TAMS 0x0000000707800000| PB 0x0000000707800000| Untracked |  0
|  44|0x0000000707a00000, 0x0000000707a00000, 0x0000000707c00000|  0%| F|  |TAMS 0x0000000707a00000| PB 0x0000000707a00000| Untracked |  0
|  45|0x0000000707c00000, 0x0000000707c00000, 0x0000000707e00000|  0%| F|  |TAMS 0x0000000707c00000| PB 0x0000000707c00000| Untracked |  0
|  46|0x0000000707e00000, 0x0000000707e00000, 0x0000000708000000|  0%| F|  |TAMS 0x0000000707e00000| PB 0x0000000707e00000| Untracked |  0
|  47|0x0000000708000000, 0x0000000708000000, 0x0000000708200000|  0%| F|  |TAMS 0x0000000708000000| PB 0x0000000708000000| Untracked |  0
|  48|0x0000000708200000, 0x0000000708200000, 0x0000000708400000|  0%| F|  |TAMS 0x0000000708200000| PB 0x0000000708200000| Untracked |  0
|  49|0x0000000708400000, 0x0000000708400000, 0x0000000708600000|  0%| F|  |TAMS 0x0000000708400000| PB 0x0000000708400000| Untracked |  0
|  50|0x0000000708600000, 0x0000000708600000, 0x0000000708800000|  0%| F|  |TAMS 0x0000000708600000| PB 0x0000000708600000| Untracked |  0
|  51|0x0000000708800000, 0x0000000708800000, 0x0000000708a00000|  0%| F|  |TAMS 0x0000000708800000| PB 0x0000000708800000| Untracked |  0
|  52|0x0000000708a00000, 0x0000000708a00000, 0x0000000708c00000|  0%| F|  |TAMS 0x0000000708a00000| PB 0x0000000708a00000| Untracked |  0
|  53|0x0000000708c00000, 0x0000000708c00000, 0x0000000708e00000|  0%| F|  |TAMS 0x0000000708c00000| PB 0x0000000708c00000| Untracked |  0
|  54|0x0000000708e00000, 0x0000000708e00000, 0x0000000709000000|  0%| F|  |TAMS 0x0000000708e00000| PB 0x0000000708e00000| Untracked |  0
|  55|0x0000000709000000, 0x0000000709000000, 0x0000000709200000|  0%| F|  |TAMS 0x0000000709000000| PB 0x0000000709000000| Untracked |  0
|  56|0x0000000709200000, 0x0000000709200000, 0x0000000709400000|  0%| F|  |TAMS 0x0000000709200000| PB 0x0000000709200000| Untracked |  0
|  57|0x0000000709400000, 0x0000000709400000, 0x0000000709600000|  0%| F|  |TAMS 0x0000000709400000| PB 0x0000000709400000| Untracked |  0
|  58|0x0000000709600000, 0x0000000709600000, 0x0000000709800000|  0%| F|  |TAMS 0x0000000709600000| PB 0x0000000709600000| Untracked |  0
|  59|0x0000000709800000, 0x0000000709800000, 0x0000000709a00000|  0%| F|  |TAMS 0x0000000709800000| PB 0x0000000709800000| Untracked |  0
|  60|0x0000000709a00000, 0x0000000709a00000, 0x0000000709c00000|  0%| F|  |TAMS 0x0000000709a00000| PB 0x0000000709a00000| Untracked |  0
|  61|0x0000000709c00000, 0x0000000709c00000, 0x0000000709e00000|  0%| F|  |TAMS 0x0000000709c00000| PB 0x0000000709c00000| Untracked |  0
|  62|0x0000000709e00000, 0x0000000709e00000, 0x000000070a000000|  0%| F|  |TAMS 0x0000000709e00000| PB 0x0000000709e00000| Untracked |  0
|  63|0x000000070a000000, 0x000000070a000000, 0x000000070a200000|  0%| F|  |TAMS 0x000000070a000000| PB 0x000000070a000000| Untracked |  0
|  64|0x000000070a200000, 0x000000070a200000, 0x000000070a400000|  0%| F|  |TAMS 0x000000070a200000| PB 0x000000070a200000| Untracked |  0
|  65|0x000000070a400000, 0x000000070a400000, 0x000000070a600000|  0%| F|  |TAMS 0x000000070a400000| PB 0x000000070a400000| Untracked |  0
|  66|0x000000070a600000, 0x000000070a600000, 0x000000070a800000|  0%| F|  |TAMS 0x000000070a600000| PB 0x000000070a600000| Untracked |  0
|  67|0x000000070a800000, 0x000000070a800000, 0x000000070aa00000|  0%| F|  |TAMS 0x000000070a800000| PB 0x000000070a800000| Untracked |  0
|  68|0x000000070aa00000, 0x000000070aa00000, 0x000000070ac00000|  0%| F|  |TAMS 0x000000070aa00000| PB 0x000000070aa00000| Untracked |  0
|  69|0x000000070ac00000, 0x000000070ac00000, 0x000000070ae00000|  0%| F|  |TAMS 0x000000070ac00000| PB 0x000000070ac00000| Untracked |  0
|  70|0x000000070ae00000, 0x000000070ae00000, 0x000000070b000000|  0%| F|  |TAMS 0x000000070ae00000| PB 0x000000070ae00000| Untracked |  0
|  71|0x000000070b000000, 0x000000070b000000, 0x000000070b200000|  0%| F|  |TAMS 0x000000070b000000| PB 0x000000070b000000| Untracked |  0
|  72|0x000000070b200000, 0x000000070b200000, 0x000000070b400000|  0%| F|  |TAMS 0x000000070b200000| PB 0x000000070b200000| Untracked |  0
|  73|0x000000070b400000, 0x000000070b400000, 0x000000070b600000|  0%| F|  |TAMS 0x000000070b400000| PB 0x000000070b400000| Untracked |  0
|  74|0x000000070b600000, 0x000000070b600000, 0x000000070b800000|  0%| F|  |TAMS 0x000000070b600000| PB 0x000000070b600000| Untracked |  0
|  75|0x000000070b800000, 0x000000070b800000, 0x000000070ba00000|  0%| F|  |TAMS 0x000000070b800000| PB 0x000000070b800000| Untracked |  0
|  76|0x000000070ba00000, 0x000000070ba00000, 0x000000070bc00000|  0%| F|  |TAMS 0x000000070ba00000| PB 0x000000070ba00000| Untracked |  0
|  77|0x000000070bc00000, 0x000000070bc00000, 0x000000070be00000|  0%| F|  |TAMS 0x000000070bc00000| PB 0x000000070bc00000| Untracked |  0
|  78|0x000000070be00000, 0x000000070be00000, 0x000000070c000000|  0%| F|  |TAMS 0x000000070be00000| PB 0x000000070be00000| Untracked |  0
|  79|0x000000070c000000, 0x000000070c000000, 0x000000070c200000|  0%| F|  |TAMS 0x000000070c000000| PB 0x000000070c000000| Untracked |  0
|  80|0x000000070c200000, 0x000000070c200000, 0x000000070c400000|  0%| F|  |TAMS 0x000000070c200000| PB 0x000000070c200000| Untracked |  0
|  81|0x000000070c400000, 0x000000070c400000, 0x000000070c600000|  0%| F|  |TAMS 0x000000070c400000| PB 0x000000070c400000| Untracked |  0
|  82|0x000000070c600000, 0x000000070c600000, 0x000000070c800000|  0%| F|  |TAMS 0x000000070c600000| PB 0x000000070c600000| Untracked |  0
|  83|0x000000070c800000, 0x000000070c800000, 0x000000070ca00000|  0%| F|  |TAMS 0x000000070c800000| PB 0x000000070c800000| Untracked |  0
|  84|0x000000070ca00000, 0x000000070ca00000, 0x000000070cc00000|  0%| F|  |TAMS 0x000000070ca00000| PB 0x000000070ca00000| Untracked |  0
|  85|0x000000070cc00000, 0x000000070cc00000, 0x000000070ce00000|  0%| F|  |TAMS 0x000000070cc00000| PB 0x000000070cc00000| Untracked |  0
|  86|0x000000070ce00000, 0x000000070ce00000, 0x000000070d000000|  0%| F|  |TAMS 0x000000070ce00000| PB 0x000000070ce00000| Untracked |  0
|  87|0x000000070d000000, 0x000000070d000000, 0x000000070d200000|  0%| F|  |TAMS 0x000000070d000000| PB 0x000000070d000000| Untracked |  0
|  88|0x000000070d200000, 0x000000070d200000, 0x000000070d400000|  0%| F|  |TAMS 0x000000070d200000| PB 0x000000070d200000| Untracked |  0
|  89|0x000000070d400000, 0x000000070d400000, 0x000000070d600000|  0%| F|  |TAMS 0x000000070d400000| PB 0x000000070d400000| Untracked |  0
|  90|0x000000070d600000, 0x000000070d600000, 0x000000070d800000|  0%| F|  |TAMS 0x000000070d600000| PB 0x000000070d600000| Untracked |  0
|  91|0x000000070d800000, 0x000000070d800000, 0x000000070da00000|  0%| F|  |TAMS 0x000000070d800000| PB 0x000000070d800000| Untracked |  0
|  92|0x000000070da00000, 0x000000070da00000, 0x000000070dc00000|  0%| F|  |TAMS 0x000000070da00000| PB 0x000000070da00000| Untracked |  0
|  93|0x000000070dc00000, 0x000000070dc00000, 0x000000070de00000|  0%| F|  |TAMS 0x000000070dc00000| PB 0x000000070dc00000| Untracked |  0
|  94|0x000000070de00000, 0x000000070de00000, 0x000000070e000000|  0%| F|  |TAMS 0x000000070de00000| PB 0x000000070de00000| Untracked |  0
|  95|0x000000070e000000, 0x000000070e000000, 0x000000070e200000|  0%| F|  |TAMS 0x000000070e000000| PB 0x000000070e000000| Untracked |  0
|  96|0x000000070e200000, 0x000000070e200000, 0x000000070e400000|  0%| F|  |TAMS 0x000000070e200000| PB 0x000000070e200000| Untracked |  0
|  97|0x000000070e400000, 0x000000070e400000, 0x000000070e600000|  0%| F|  |TAMS 0x000000070e400000| PB 0x000000070e400000| Untracked |  0
|  98|0x000000070e600000, 0x000000070e600000, 0x000000070e800000|  0%| F|  |TAMS 0x000000070e600000| PB 0x000000070e600000| Untracked |  0
|  99|0x000000070e800000, 0x000000070e800000, 0x000000070ea00000|  0%| F|  |TAMS 0x000000070e800000| PB 0x000000070e800000| Untracked |  0
| 100|0x000000070ea00000, 0x000000070ea00000, 0x000000070ec00000|  0%| F|  |TAMS 0x000000070ea00000| PB 0x000000070ea00000| Untracked |  0
| 101|0x000000070ec00000, 0x000000070ec00000, 0x000000070ee00000|  0%| F|  |TAMS 0x000000070ec00000| PB 0x000000070ec00000| Untracked |  0
| 102|0x000000070ee00000, 0x000000070ee00000, 0x000000070f000000|  0%| F|  |TAMS 0x000000070ee00000| PB 0x000000070ee00000| Untracked |  0
| 103|0x000000070f000000, 0x000000070f000000, 0x000000070f200000|  0%| F|  |TAMS 0x000000070f000000| PB 0x000000070f000000| Untracked |  0
| 104|0x000000070f200000, 0x000000070f200000, 0x000000070f400000|  0%| F|  |TAMS 0x000000070f200000| PB 0x000000070f200000| Untracked |  0
| 105|0x000000070f400000, 0x000000070f400000, 0x000000070f600000|  0%| F|  |TAMS 0x000000070f400000| PB 0x000000070f400000| Untracked |  0
| 106|0x000000070f600000, 0x000000070f600000, 0x000000070f800000|  0%| F|  |TAMS 0x000000070f600000| PB 0x000000070f600000| Untracked |  0
| 107|0x000000070f800000, 0x000000070f800000, 0x000000070fa00000|  0%| F|  |TAMS 0x000000070f800000| PB 0x000000070f800000| Untracked |  0
| 108|0x000000070fa00000, 0x000000070fa00000, 0x000000070fc00000|  0%| F|  |TAMS 0x000000070fa00000| PB 0x000000070fa00000| Untracked |  0
| 109|0x000000070fc00000, 0x000000070fc00000, 0x000000070fe00000|  0%| F|  |TAMS 0x000000070fc00000| PB 0x000000070fc00000| Untracked |  0
| 110|0x000000070fe00000, 0x000000070fe00000, 0x0000000710000000|  0%| F|  |TAMS 0x000000070fe00000| PB 0x000000070fe00000| Untracked |  0
| 111|0x0000000710000000, 0x0000000710000000, 0x0000000710200000|  0%| F|  |TAMS 0x0000000710000000| PB 0x0000000710000000| Untracked |  0
| 112|0x0000000710200000, 0x0000000710200000, 0x0000000710400000|  0%| F|  |TAMS 0x0000000710200000| PB 0x0000000710200000| Untracked |  0
| 113|0x0000000710400000, 0x0000000710600000, 0x0000000710600000|100%| S|CS|TAMS 0x0000000710400000| PB 0x0000000710400000| Complete |  0
| 114|0x0000000710600000, 0x0000000710800000, 0x0000000710800000|100%| S|CS|TAMS 0x0000000710600000| PB 0x0000000710600000| Complete |  0
| 115|0x0000000710800000, 0x0000000710800000, 0x0000000710a00000|  0%| F|  |TAMS 0x0000000710800000| PB 0x0000000710800000| Untracked |  0
| 116|0x0000000710a00000, 0x0000000710a00000, 0x0000000710c00000|  0%| F|  |TAMS 0x0000000710a00000| PB 0x0000000710a00000| Untracked |  0
| 117|0x0000000710c00000, 0x0000000710c00000, 0x0000000710e00000|  0%| F|  |TAMS 0x0000000710c00000| PB 0x0000000710c00000| Untracked |  0
| 118|0x0000000710e00000, 0x0000000710e00000, 0x0000000711000000|  0%| F|  |TAMS 0x0000000710e00000| PB 0x0000000710e00000| Untracked |  0
| 119|0x0000000711000000, 0x0000000711000000, 0x0000000711200000|  0%| F|  |TAMS 0x0000000711000000| PB 0x0000000711000000| Untracked |  0
| 120|0x0000000711200000, 0x0000000711200000, 0x0000000711400000|  0%| F|  |TAMS 0x0000000711200000| PB 0x0000000711200000| Untracked |  0
| 121|0x0000000711400000, 0x0000000711400000, 0x0000000711600000|  0%| F|  |TAMS 0x0000000711400000| PB 0x0000000711400000| Untracked |  0
| 122|0x0000000711600000, 0x0000000711600000, 0x0000000711800000|  0%| F|  |TAMS 0x0000000711600000| PB 0x0000000711600000| Untracked |  0
| 123|0x0000000711800000, 0x0000000711800000, 0x0000000711a00000|  0%| F|  |TAMS 0x0000000711800000| PB 0x0000000711800000| Untracked |  0
| 124|0x0000000711a00000, 0x0000000711b110e8, 0x0000000711c00000| 53%| E|  |TAMS 0x0000000711a00000| PB 0x0000000711a00000| Complete |  0
| 125|0x0000000711c00000, 0x0000000711e00000, 0x0000000711e00000|100%| E|CS|TAMS 0x0000000711c00000| PB 0x0000000711c00000| Complete |  0
| 126|0x0000000711e00000, 0x0000000712000000, 0x0000000712000000|100%| E|CS|TAMS 0x0000000711e00000| PB 0x0000000711e00000| Complete |  0

Card table byte_map: [0x0000020e1f910000,0x0000020e20100000] _byte_map_base: 0x0000020e1c0ff000

Marking Bits: (CMBitMap*) 0x0000020e076121c0
 Bits: [0x0000020e20100000, 0x0000020e24078000)

Polling page: 0x0000020e06d70000

Metaspace:

Usage:
  Non-class:     15.28 MB used.
      Class:      2.01 MB used.
       Both:     17.28 MB used.

Virtual space:
  Non-class space:       64.00 MB reserved,      15.38 MB ( 24%) committed,  1 nodes.
      Class space:        1.00 GB reserved,       2.12 MB ( <1%) committed,  1 nodes.
             Both:        1.06 GB reserved,      17.50 MB (  2%) committed. 

Chunk freelists:
   Non-Class:  15.98 MB
       Class:  13.75 MB
        Both:  29.73 MB

MaxMetaspaceSize: unlimited
CompressedClassSpaceSize: 1.00 GB
Initial GC threshold: 21.00 MB
Current GC threshold: 21.00 MB
CDS: on
 - commit_granule_bytes: 65536.
 - commit_granule_words: 8192.
 - virtual_space_node_default_size: 8388608.
 - enlarge_chunks_in_place: 1.
 - use_allocation_guard: 0.


Internal statistics:

num_allocs_failed_limit: 0.
num_arena_births: 204.
num_arena_deaths: 0.
num_vsnodes_births: 2.
num_vsnodes_deaths: 0.
num_space_committed: 280.
num_space_uncommitted: 0.
num_chunks_returned_to_freelist: 0.
num_chunks_taken_from_freelist: 380.
num_chunk_merges: 0.
num_chunk_splits: 225.
num_chunks_enlarged: 121.
num_inconsistent_stats: 0.

CodeHeap 'non-profiled nmethods': size=120064Kb used=654Kb max_used=654Kb free=119409Kb
 bounds [0x0000020e177a0000, 0x0000020e17a10000, 0x0000020e1ece0000]
CodeHeap 'profiled nmethods': size=120000Kb used=2967Kb max_used=2967Kb free=117032Kb
 bounds [0x0000020e0fce0000, 0x0000020e0ffd0000, 0x0000020e17210000]
CodeHeap 'non-nmethods': size=5696Kb used=1686Kb max_used=1708Kb free=4009Kb
 bounds [0x0000020e17210000, 0x0000020e17480000, 0x0000020e177a0000]
CodeCache: size=245760Kb, used=5307Kb, max_used=5329Kb, free=240450Kb
 total_blobs=2879, nmethods=2135, adapters=650, full_count=0
Compilation: enabled, stopped_count=0, restarted_count=0

Compilation events (20 events):
Event: 7.662 Thread 0x0000020e26b4c9e0 nmethod 2111 0x0000020e0ffbcf88 code [0x0000020e0ffbd1c0, 0x0000020e0ffbdd30]
Event: 7.663 Thread 0x0000020e26b4c9e0 2107       1       java.security.Provider::getName (5 bytes)
Event: 7.663 Thread 0x0000020e26b4c9e0 nmethod 2107 0x0000020e17840708 code [0x0000020e17840820, 0x0000020e178408f0]
Event: 7.663 Thread 0x0000020e26b4c9e0 2114       3       java.util.LinkedHashMap::linkNodeAtEnd (76 bytes)
Event: 7.663 Thread 0x0000020e26b4c9e0 nmethod 2114 0x0000020e0ffbde08 code [0x0000020e0ffbdf60, 0x0000020e0ffbe4d0]
Event: 7.665 Thread 0x0000020e6ed110f0 nmethod 2089 0x0000020e17840a08 code [0x0000020e17840c00, 0x0000020e178414a0]
Event: 7.665 Thread 0x0000020e6ed110f0 2113       4       sun.nio.ch.NativeThread::current (15 bytes)
Event: 7.666 Thread 0x0000020e6ed110f0 nmethod 2113 0x0000020e17841508 code [0x0000020e17841600, 0x0000020e178416a8]
Event: 7.666 Thread 0x0000020e26b4c9e0 2115       3       java.util.Collections$UnmodifiableCollection::isEmpty (10 bytes)
Event: 7.666 Thread 0x0000020e6d3bc1d0 nmethod 2110 0x0000020e17841808 code [0x0000020e17841920, 0x0000020e17841c78]
Event: 7.666 Thread 0x0000020e26b4c9e0 nmethod 2115 0x0000020e0ffbe508 code [0x0000020e0ffbe620, 0x0000020e0ffbe800]
Event: 7.667 Thread 0x0000020e26b4c9e0 2116       3       com.sun.crypto.provider.GHASH::blockMult (245 bytes)
Event: 7.667 Thread 0x0000020e26b4c9e0 nmethod 2116 0x0000020e0ffbe888 code [0x0000020e0ffbe9c0, 0x0000020e0ffbede8]
Event: 7.677 Thread 0x0000020e26b4c9e0 2118       3       java.math.BigInteger::implMulAdd (81 bytes)
Event: 7.677 Thread 0x0000020e26b4c9e0 nmethod 2118 0x0000020e0ffbee08 code [0x0000020e0ffbef20, 0x0000020e0ffbf150]
Event: 7.677 Thread 0x0000020e26b4c9e0 2119       3       java.math.BigInteger::mulAdd (19 bytes)
Event: 7.677 Thread 0x0000020e26b4c9e0 nmethod 2119 0x0000020e0ffbf188 code [0x0000020e0ffbf2c0, 0x0000020e0ffbf458]
Event: 7.677 Thread 0x0000020e26b4c9e0 2121       3       java.math.BigInteger::addOne (77 bytes)
Event: 7.677 Thread 0x0000020e26b4c9e0 nmethod 2121 0x0000020e0ffbf488 code [0x0000020e0ffbf5c0, 0x0000020e0ffbf8e8]
Event: 7.677 Thread 0x0000020e26b4c9e0 2120       3       java.math.BigInteger::implMulAddCheck (176 bytes)

GC Heap History (2 events):
Event: 7.367 GC heap before
{Heap before GC invocations=0 (full 0):
 garbage-first heap   total reserved 4159488K, committed 260096K, used 26624K [0x0000000702200000, 0x0000000800000000)
  region size 2048K, 12 young (24576K), 0 survivors (0K)
 Metaspace       used 12434K, committed 12736K, reserved 1114112K
  class space    used 1413K, committed 1536K, reserved 1048576K
}
Event: 7.371 GC heap after
{Heap after GC invocations=1 (full 0):
 garbage-first heap   total reserved 4159488K, committed 260096K, used 8345K [0x0000000702200000, 0x0000000800000000)
  region size 2048K, 2 young (4096K), 2 survivors (4096K)
 Metaspace       used 12434K, committed 12736K, reserved 1114112K
  class space    used 1413K, committed 1536K, reserved 1048576K
}

Dll operation events (14 events):
Event: 0.013 Loaded shared library C:\Program Files\Java\jdk-23\bin\java.dll
Event: 0.048 Loaded shared library C:\Program Files\Java\jdk-23\bin\jsvml.dll
Event: 0.089 Loaded shared library C:\Program Files\Java\jdk-23\bin\zip.dll
Event: 0.093 Loaded shared library C:\Program Files\Java\jdk-23\bin\instrument.dll
Event: 0.097 Loaded shared library C:\Program Files\Java\jdk-23\bin\net.dll
Event: 0.098 Loaded shared library C:\Program Files\Java\jdk-23\bin\nio.dll
Event: 0.105 Loaded shared library C:\Program Files\Java\jdk-23\bin\zip.dll
Event: 0.122 Loaded shared library C:\Program Files\JetBrains\IntelliJ IDEA Community Edition 2024.2.3\bin\breakgen64.dll
Event: 0.132 Loaded shared library C:\Program Files\Java\jdk-23\bin\extnet.dll
Event: 0.136 Loaded shared library C:\Program Files\Java\jdk-23\bin\jimage.dll
Event: 0.151 Loaded shared library C:\Program Files\Java\jdk-23\bin\awt.dll
Event: 0.388 Loaded shared library C:\Program Files\Java\jdk-23\bin\freetype.dll
Event: 0.389 Loaded shared library C:\Program Files\Java\jdk-23\bin\fontmanager.dll
Event: 7.535 Loaded shared library C:\Program Files\Java\jdk-23\bin\sunmscapi.dll

Deoptimization events (20 events):
Event: 7.634 Thread 0x0000020e26c50d50 DEOPT PACKING pc=0x0000020e0ffab634 sp=0x000000f37a9fc540
Event: 7.634 Thread 0x0000020e26c50d50 DEOPT UNPACKING pc=0x0000020e17264b22 sp=0x000000f37a9fb968 mode 0
Event: 7.635 Thread 0x0000020e26c50d50 DEOPT PACKING pc=0x0000020e0ffab634 sp=0x000000f37a9fc540
Event: 7.635 Thread 0x0000020e26c50d50 DEOPT UNPACKING pc=0x0000020e17264b22 sp=0x000000f37a9fb968 mode 0
Event: 7.636 Thread 0x0000020e26c50d50 DEOPT PACKING pc=0x0000020e0ffab634 sp=0x000000f37a9fc540
Event: 7.636 Thread 0x0000020e26c50d50 DEOPT UNPACKING pc=0x0000020e17264b22 sp=0x000000f37a9fb968 mode 0
Event: 7.637 Thread 0x0000020e26c50d50 DEOPT PACKING pc=0x0000020e0ffab634 sp=0x000000f37a9fc540
Event: 7.637 Thread 0x0000020e26c50d50 DEOPT UNPACKING pc=0x0000020e17264b22 sp=0x000000f37a9fb968 mode 0
Event: 7.649 Thread 0x0000020e26c50d50 Uncommon trap: trap_request=0xffffff45 fr.pc=0x0000020e177e77e8 relative=0x00000000000001c8
Event: 7.649 Thread 0x0000020e26c50d50 Uncommon trap: reason=unstable_if action=reinterpret pc=0x0000020e177e77e8 method=java.nio.Buffer.<init>(IIIILjava/lang/foreign/MemorySegment;)V @ 50 c2
Event: 7.649 Thread 0x0000020e26c50d50 DEOPT PACKING pc=0x0000020e177e77e8 sp=0x000000f37a9fd6e0
Event: 7.649 Thread 0x0000020e26c50d50 DEOPT UNPACKING pc=0x0000020e17264402 sp=0x000000f37a9fd670 mode 2
Event: 7.655 Thread 0x0000020e26c50d50 Uncommon trap: trap_request=0xffffff66 fr.pc=0x0000020e1783d6dc relative=0x000000000000021c
Event: 7.655 Thread 0x0000020e26c50d50 Uncommon trap: reason=speculate_class_check action=maybe_recompile pc=0x0000020e1783d6dc method=sun.security.util.math.intpoly.IntegerPolynomial.multByInt([JJ)V @ 26 c2
Event: 7.655 Thread 0x0000020e26c50d50 DEOPT PACKING pc=0x0000020e1783d6dc sp=0x000000f37a9fd490
Event: 7.655 Thread 0x0000020e26c50d50 DEOPT UNPACKING pc=0x0000020e17264402 sp=0x000000f37a9fd348 mode 2
Event: 7.662 Thread 0x0000020e26c50d50 Uncommon trap: trap_request=0xffffff45 fr.pc=0x0000020e1781cb58 relative=0x00000000000001b8
Event: 7.662 Thread 0x0000020e26c50d50 Uncommon trap: reason=unstable_if action=reinterpret pc=0x0000020e1781cb58 method=java.util.concurrent.locks.ReentrantLock$Sync.tryRelease(I)Z @ 26 c2
Event: 7.662 Thread 0x0000020e26c50d50 DEOPT PACKING pc=0x0000020e1781cb58 sp=0x000000f37a9fd6b0
Event: 7.662 Thread 0x0000020e26c50d50 DEOPT UNPACKING pc=0x0000020e17264402 sp=0x000000f37a9fd590 mode 2

Classes loaded (20 events):
Event: 7.674 Loading class java/security/cert/CertPathChecker
Event: 7.674 Loading class java/security/cert/CertPathChecker done
Event: 7.674 Loading class java/security/cert/PKIXCertPathChecker done
Event: 7.674 Loading class sun/security/provider/certpath/AlgorithmChecker done
Event: 7.675 Loading class sun/security/provider/certpath/PKIX
Event: 7.675 Loading class sun/security/provider/certpath/PKIX done
Event: 7.675 Loading class java/security/interfaces/DSAPublicKey
Event: 7.675 Loading class java/security/interfaces/DSAKey
Event: 7.675 Loading class java/security/interfaces/DSAKey done
Event: 7.675 Loading class java/security/interfaces/DSAPublicKey done
Event: 7.675 Loading class sun/security/ssl/X509Authentication$X509Credentials
Event: 7.675 Loading class sun/security/ssl/X509Authentication$X509Credentials done
Event: 7.675 Loading class sun/security/ssl/CertificateVerify$T13CertificateVerifyMessage
Event: 7.675 Loading class sun/security/ssl/CertificateVerify$T13CertificateVerifyMessage done
Event: 7.676 Loading class sun/security/util/SignatureUtil
Event: 7.676 Loading class sun/security/util/SignatureUtil done
Event: 7.676 Loading class java/security/interfaces/RSAPrivateKey
Event: 7.676 Loading class java/security/interfaces/RSAPrivateKey done
Event: 7.676 Loading class sun/security/rsa/RSACore
Event: 7.676 Loading class sun/security/rsa/RSACore done

Classes unloaded (0 events):
No events

Classes redefined (0 events):
No events

Internal exceptions (20 events):
Event: 0.143 Thread 0x0000020e05253af0 Exception <a 'java/lang/ClassNotFoundException'{0x0000000711cb4a50}: sun/awt/resources/spi/awtProvider> (0x0000000711cb4a50) 
thrown [s\open\src\hotspot\share\classfile\systemDictionary.cpp, line 313]
Event: 0.163 Thread 0x0000020e05253af0 Exception <a 'java/io/FileNotFoundException'{0x0000000711d80848}> (0x0000000711d80848) 
thrown [s\open\src\hotspot\share\prims\jni.cpp, line 520]
Event: 0.168 Thread 0x0000020e05253af0 Exception <a 'java/io/FileNotFoundException'{0x0000000711dae9a8}> (0x0000000711dae9a8) 
thrown [s\open\src\hotspot\share\prims\jni.cpp, line 520]
Event: 0.244 Thread 0x0000020e05253af0 Exception <a 'java/lang/NoSuchMethodError'{0x0000000711a46980}: 'void java.lang.invoke.DirectMethodHandle$Holder.invokeSpecial(java.lang.Object, java.lang.Object, java.lang.Object)'> (0x0000000711a46980) 
thrown [s\open\src\hotspot\share\interpreter\linkResolver.cpp, line 796]
Event: 0.256 Thread 0x0000020e05253af0 Exception <a 'java/lang/NoSuchMethodError'{0x0000000711b8c008}: 'java.lang.Object java.lang.invoke.DirectMethodHandle$Holder.invokeStatic(java.lang.Object, int, java.lang.Object)'> (0x0000000711b8c008) 
thrown [s\open\src\hotspot\share\interpreter\linkResolver.cpp, line 796]
Event: 0.287 Thread 0x0000020e05253af0 Exception <a 'java/lang/ClassNotFoundException'{0x0000000711832fb0}: com/sun/swing/internal/plaf/metal/resources/spi/metalProvider> (0x0000000711832fb0) 
thrown [s\open\src\hotspot\share\classfile\systemDictionary.cpp, line 313]
Event: 0.288 Thread 0x0000020e05253af0 Exception <a 'java/lang/ClassNotFoundException'{0x0000000711836f70}: com/sun/swing/internal/plaf/basic/resources/spi/basicProvider> (0x0000000711836f70) 
thrown [s\open\src\hotspot\share\classfile\systemDictionary.cpp, line 313]
Event: 0.298 Thread 0x0000020e05253af0 Exception <a 'java/lang/NoSuchMethodError'{0x0000000711853768}: 'int java.lang.invoke.Invokers$Holder.invokeExact_MT(java.lang.Object, java.lang.Object)'> (0x0000000711853768) 
thrown [s\open\src\hotspot\share\interpreter\linkResolver.cpp, line 796]
Event: 0.364 Thread 0x0000020e05253af0 Exception <a 'java/lang/NoSuchMethodError'{0x00000007118a3148}: 'void java.lang.invoke.DirectMethodHandle$Holder.invokeSpecial(java.lang.Object, java.lang.Object, java.lang.Object, java.lang.Object, java.lang.Object, java.lang.Object)'> (0x00000007118a3148) 
thrown [s\open\src\hotspot\share\interpreter\linkResolver.cpp, line 796]
Event: 0.370 Thread 0x0000020e26c513e0 Exception <a 'java/lang/NoSuchMethodError'{0x0000000711b04228}: 'void java.lang.invoke.DirectMethodHandle$Holder.invokeVirtual(java.lang.Object, java.lang.Object)'> (0x0000000711b04228) 
thrown [s\open\src\hotspot\share\interpreter\linkResolver.cpp, line 796]
Event: 0.384 Thread 0x0000020e05253af0 Exception <a 'java/lang/NoSuchMethodError'{0x00000007118cae30}: 'void java.lang.invoke.DirectMethodHandle$Holder.invokeStaticInit(java.lang.Object)'> (0x00000007118cae30) 
thrown [s\open\src\hotspot\share\interpreter\linkResolver.cpp, line 796]
Event: 2.805 Thread 0x0000020e6d7a2840 Exception <a 'java/lang/NoSuchMethodError'{0x0000000710f7a928}: 'java.lang.Object java.lang.invoke.DirectMethodHandle$Holder.newInvokeSpecial(java.lang.Object, java.lang.Object, java.lang.Object, int, int, int, int, int)'> (0x0000000710f7a928) 
thrown [s\open\src\hotspot\share\interpreter\linkResolver.cpp, line 796]
Event: 2.855 Thread 0x0000020e26c50d50 Exception <a 'java/lang/NoSuchMethodError'{0x0000000710f1a378}: 'int java.lang.invoke.DirectMethodHandle$Holder.invokeStatic(java.lang.Object)'> (0x0000000710f1a378) 
thrown [s\open\src\hotspot\share\interpreter\linkResolver.cpp, line 796]
Event: 7.210 Thread 0x0000020e26c50d50 Implicit null exception at 0x0000020e177eec76 to 0x0000020e177eed08
Event: 7.242 Thread 0x0000020e26c50d50 Exception <a 'java/lang/NoSuchMethodError'{0x0000000710d9b518}: 'java.lang.Object java.lang.invoke.DirectMethodHandle$Holder.invokeInterface(java.lang.Object, java.lang.Object)'> (0x0000000710d9b518) 
thrown [s\open\src\hotspot\share\interpreter\linkResolver.cpp, line 796]
Event: 7.266 Thread 0x0000020e26c50d50 Exception <a 'java/lang/NoSuchMethodError'{0x0000000710a19028}: 'java.lang.Object java.lang.invoke.DirectMethodHandle$Holder.invokeVirtual(java.lang.Object, java.lang.Object, java.lang.Object)'> (0x0000000710a19028) 
thrown [s\open\src\hotspot\share\interpreter\linkResolver.cpp, line 796]
Event: 7.404 Thread 0x0000020e26c50d50 Exception <a 'java/lang/NoSuchMethodError'{0x0000000711f822a8}: 'void java.lang.invoke.DirectMethodHandle$Holder.invokeStaticInit(java.lang.Object, java.lang.Object)'> (0x0000000711f822a8) 
thrown [s\open\src\hotspot\share\interpreter\linkResolver.cpp, line 796]
Event: 7.465 Thread 0x0000020e26c50d50 Exception <a 'sun/nio/fs/WindowsException'{0x0000000711ce39a8}> (0x0000000711ce39a8) 
thrown [s\open\src\hotspot\share\prims\jni.cpp, line 520]
Event: 7.503 Thread 0x0000020e26c50d50 Exception <a 'java/lang/NoSuchMethodError'{0x0000000711d8a658}: 'java.lang.Object java.lang.invoke.DirectMethodHandle$Holder.invokeStaticInit(java.lang.Object, int, int, int, int)'> (0x0000000711d8a658) 
thrown [s\open\src\hotspot\share\interpreter\linkResolver.cpp, line 796]
Event: 7.515 Thread 0x0000020e26c50d50 Exception <a 'java/lang/NoSuchMethodError'{0x0000000711dd52a8}: 'java.lang.Object java.lang.invoke.DirectMethodHandle$Holder.invokeStaticInit(java.lang.Object, java.lang.Object, int, int, int, int)'> (0x0000000711dd52a8) 
thrown [s\open\src\hotspot\share\interpreter\linkResolver.cpp, line 796]

VM Operations (20 events):
Event: 0.078 Executing VM operation: HandshakeAllThreads (Deoptimize)
Event: 0.078 Executing VM operation: HandshakeAllThreads (Deoptimize) done
Event: 0.177 Executing VM operation: HandshakeAllThreads (Deoptimize)
Event: 0.178 Executing VM operation: HandshakeAllThreads (Deoptimize) done
Event: 0.303 Executing VM operation: HandshakeAllThreads (Deoptimize)
Event: 0.303 Executing VM operation: HandshakeAllThreads (Deoptimize) done
Event: 2.801 Executing VM operation: HandshakeAllThreads (Deoptimize)
Event: 2.801 Executing VM operation: HandshakeAllThreads (Deoptimize) done
Event: 7.221 Executing VM operation: HandshakeAllThreads (Deoptimize)
Event: 7.221 Executing VM operation: HandshakeAllThreads (Deoptimize) done
Event: 7.367 Executing VM operation: G1CollectForAllocation (G1 Evacuation Pause)
Event: 7.371 Executing VM operation: G1CollectForAllocation (G1 Evacuation Pause) done
Event: 7.383 Executing VM operation: HandshakeAllThreads (Deoptimize)
Event: 7.383 Executing VM operation: HandshakeAllThreads (Deoptimize) done
Event: 7.410 Executing VM operation: HandshakeAllThreads (Deoptimize)
Event: 7.410 Executing VM operation: HandshakeAllThreads (Deoptimize) done
Event: 7.449 Executing VM operation: HandshakeAllThreads (Deoptimize)
Event: 7.449 Executing VM operation: HandshakeAllThreads (Deoptimize) done
Event: 7.468 Executing VM operation: HandshakeAllThreads (Deoptimize)
Event: 7.468 Executing VM operation: HandshakeAllThreads (Deoptimize) done

Memory protections (0 events):
No events

Nmethod flushes (0 events):
No events

Events (20 events):
Event: 0.046 Thread 0x0000020e05253af0 Thread added: 0x0000020e26b3b140
Event: 0.046 Thread 0x0000020e05253af0 Thread added: 0x0000020e26b3e480
Event: 0.046 Thread 0x0000020e05253af0 Thread added: 0x0000020e26b40b00
Event: 0.046 Thread 0x0000020e05253af0 Thread added: 0x0000020e26b414d0
Event: 0.046 Thread 0x0000020e05253af0 Thread added: 0x0000020e26b4a430
Event: 0.047 Thread 0x0000020e05253af0 Thread added: 0x0000020e26b4c0c0
Event: 0.047 Thread 0x0000020e05253af0 Thread added: 0x0000020e26b4c9e0
Event: 0.070 Thread 0x0000020e05253af0 Thread added: 0x0000020e26c51a70
Event: 0.123 Thread 0x0000020e05253af0 Thread added: 0x0000020e26c52e20
Event: 0.123 Thread 0x0000020e05253af0 Thread added: 0x0000020e26c534b0
Event: 0.213 Thread 0x0000020e05253af0 Thread added: 0x0000020e26c506c0
Event: 0.214 Thread 0x0000020e05253af0 Thread added: 0x0000020e26c52790
Event: 0.215 Thread 0x0000020e05253af0 Thread added: 0x0000020e26c513e0
Event: 0.336 Thread 0x0000020e05253af0 Thread added: 0x0000020e26c50d50
Event: 0.468 Thread 0x0000020e05253af0 Thread exited: 0x0000020e05253af0
Event: 0.468 Thread 0x0000020e26c50030 Thread added: 0x0000020e26c50030
Event: 2.803 Thread 0x0000020e26c50d50 Thread added: 0x0000020e6d7a2840
Event: 7.218 Thread 0x0000020e26c50d50 Thread added: 0x0000020e6d7a6350
Event: 7.257 Thread 0x0000020e26b4c9e0 Thread added: 0x0000020e6d3bc1d0
Event: 7.595 Thread 0x0000020e6d3bc1d0 Thread added: 0x0000020e6ed110f0


Dynamic libraries:
0x00007ff774390000 - 0x00007ff7743a0000 	C:\Program Files\Java\jdk-23\bin\java.exe
0x00007ffca2a50000 - 0x00007ffca2c67000 	C:\WINDOWS\SYSTEM32\ntdll.dll
0x00007ffca1c50000 - 0x00007ffca1d14000 	C:\WINDOWS\System32\KERNEL32.DLL
0x00007ffc9fe70000 - 0x00007ffca0229000 	C:\WINDOWS\System32\KERNELBASE.dll
0x00007ffca0560000 - 0x00007ffca0671000 	C:\WINDOWS\System32\ucrtbase.dll
0x00007ffc987c0000 - 0x00007ffc987d7000 	C:\Program Files\Java\jdk-23\bin\jli.dll
0x00007ffc85b90000 - 0x00007ffc85bab000 	C:\Program Files\Java\jdk-23\bin\VCRUNTIME140.dll
0x00007ffca0ac0000 - 0x00007ffca0c6e000 	C:\WINDOWS\System32\USER32.dll
0x00007ffc8b2f0000 - 0x00007ffc8b582000 	C:\WINDOWS\WinSxS\amd64_microsoft.windows.common-controls_6595b64144ccf1df_6.0.22621.4391_none_2715d37f73803e96\COMCTL32.dll
0x00007ffca0740000 - 0x00007ffca0766000 	C:\WINDOWS\System32\win32u.dll
0x00007ffca0770000 - 0x00007ffca0817000 	C:\WINDOWS\System32\msvcrt.dll
0x00007ffca1c20000 - 0x00007ffca1c49000 	C:\WINDOWS\System32\GDI32.dll
0x00007ffc9fd50000 - 0x00007ffc9fe6b000 	C:\WINDOWS\System32\gdi32full.dll
0x00007ffca0230000 - 0x00007ffca02ca000 	C:\WINDOWS\System32\msvcp_win.dll
0x00007ffca19d0000 - 0x00007ffca1a01000 	C:\WINDOWS\System32\IMM32.DLL
0x00007ffc987a0000 - 0x00007ffc987ac000 	C:\Program Files\Java\jdk-23\bin\vcruntime140_1.dll
0x00007ffc83af0000 - 0x00007ffc83b7e000 	C:\Program Files\Java\jdk-23\bin\msvcp140.dll
0x00007ffc5da60000 - 0x00007ffc5e7af000 	C:\Program Files\Java\jdk-23\bin\server\jvm.dll
0x00007ffca22f0000 - 0x00007ffca23a2000 	C:\WINDOWS\System32\ADVAPI32.dll
0x00007ffca23d0000 - 0x00007ffca2477000 	C:\WINDOWS\System32\sechost.dll
0x00007ffca02d0000 - 0x00007ffca02f8000 	C:\WINDOWS\System32\bcrypt.dll
0x00007ffca2510000 - 0x00007ffca2624000 	C:\WINDOWS\System32\RPCRT4.dll
0x00007ffca2270000 - 0x00007ffca22e1000 	C:\WINDOWS\System32\WS2_32.dll
0x00007ffc8ba70000 - 0x00007ffc8baa4000 	C:\WINDOWS\SYSTEM32\WINMM.dll
0x00007ffc9ebe0000 - 0x00007ffc9ec2d000 	C:\WINDOWS\SYSTEM32\POWRPROF.dll
0x00007ffc98000000 - 0x00007ffc9800a000 	C:\WINDOWS\SYSTEM32\VERSION.dll
0x00007ffc9ebc0000 - 0x00007ffc9ebd3000 	C:\WINDOWS\SYSTEM32\UMPDC.dll
0x00007ffc9ee80000 - 0x00007ffc9ee98000 	C:\WINDOWS\SYSTEM32\kernel.appcore.dll
0x00007ffc85b60000 - 0x00007ffc85b6a000 	C:\Program Files\Java\jdk-23\bin\jimage.dll
0x00007ffc9a5d0000 - 0x00007ffc9a802000 	C:\WINDOWS\SYSTEM32\DBGHELP.DLL
0x00007ffca1d20000 - 0x00007ffca20af000 	C:\WINDOWS\System32\combase.dll
0x00007ffca0930000 - 0x00007ffca0a07000 	C:\WINDOWS\System32\OLEAUT32.dll
0x00007ffc86350000 - 0x00007ffc86382000 	C:\WINDOWS\SYSTEM32\dbgcore.DLL
0x00007ffca0470000 - 0x00007ffca04eb000 	C:\WINDOWS\System32\bcryptPrimitives.dll
0x00007ffc83ac0000 - 0x00007ffc83acf000 	C:\Program Files\Java\jdk-23\bin\instrument.dll
0x00007ffc83ad0000 - 0x00007ffc83aee000 	C:\Program Files\Java\jdk-23\bin\java.dll
0x00007ffca20b0000 - 0x00007ffca2255000 	C:\WINDOWS\System32\ole32.dll
0x00007ffca1150000 - 0x00007ffca19c6000 	C:\WINDOWS\System32\SHELL32.dll
0x00007ffc9dca0000 - 0x00007ffc9e5a3000 	C:\WINDOWS\SYSTEM32\windows.storage.dll
0x00007ffc9db60000 - 0x00007ffc9dc9f000 	C:\WINDOWS\SYSTEM32\wintypes.dll
0x00007ffca1a10000 - 0x00007ffca1b09000 	C:\WINDOWS\System32\SHCORE.dll
0x00007ffca1b30000 - 0x00007ffca1b8e000 	C:\WINDOWS\System32\shlwapi.dll
0x00007ffc9fc80000 - 0x00007ffc9fcab000 	C:\WINDOWS\SYSTEM32\profapi.dll
0x00007ffc6b310000 - 0x00007ffc6b3e7000 	C:\Program Files\Java\jdk-23\bin\jsvml.dll
0x00007ffc83a90000 - 0x00007ffc83aa7000 	C:\Program Files\Java\jdk-23\bin\zip.dll
0x00007ffc83ab0000 - 0x00007ffc83ac0000 	C:\Program Files\Java\jdk-23\bin\net.dll
0x00007ffc9f300000 - 0x00007ffc9f369000 	C:\WINDOWS\system32\mswsock.dll
0x00007ffc837a0000 - 0x00007ffc837b6000 	C:\Program Files\Java\jdk-23\bin\nio.dll
0x00007ffc83780000 - 0x00007ffc8379a000 	C:\Program Files\JetBrains\IntelliJ IDEA Community Edition 2024.2.3\bin\breakgen64.dll
0x00007ffc83770000 - 0x00007ffc83779000 	C:\Program Files\Java\jdk-23\bin\extnet.dll
0x00007ffc5fb20000 - 0x00007ffc5fcae000 	C:\Program Files\Java\jdk-23\bin\awt.dll
0x00007ffc98c40000 - 0x00007ffc98cd7000 	C:\WINDOWS\SYSTEM32\apphelp.dll
0x00007ffc9a290000 - 0x00007ffc9a2bb000 	C:\WINDOWS\system32\DWMAPI.DLL
0x00007ffc99e00000 - 0x00007ffc99eb1000 	C:\WINDOWS\system32\uxtheme.dll
0x00007ffc886f0000 - 0x00007ffc887f0000 	C:\WINDOWS\system32\opengl32.dll
0x00007ffc88070000 - 0x00007ffc8809d000 	C:\WINDOWS\SYSTEM32\GLU32.dll
0x00007ffc99f50000 - 0x00007ffc99f87000 	C:\WINDOWS\SYSTEM32\dxcore.dll
0x00007ffca2630000 - 0x00007ffca2790000 	C:\WINDOWS\System32\MSCTF.dll
0x00007ffc6b280000 - 0x00007ffc6b307000 	C:\Program Files\Java\jdk-23\bin\freetype.dll
0x00007ffc65800000 - 0x00007ffc658d7000 	C:\Program Files\Java\jdk-23\bin\fontmanager.dll
0x00007ffca0a10000 - 0x00007ffca0ac0000 	C:\WINDOWS\System32\clbcatq.dll
0x00007ffc999f0000 - 0x00007ffc99ba0000 	C:\WINDOWS\SYSTEM32\WindowsCodecs.dll
0x00007ffc6fdd0000 - 0x00007ffc6fe2e000 	C:\WINDOWS\system32\dataexchange.dll
0x00007ffc934a0000 - 0x00007ffc93744000 	C:\WINDOWS\system32\twinapi.appcore.dll
0x00007ffc8c980000 - 0x00007ffc8cac5000 	C:\WINDOWS\SYSTEM32\textinputframework.dll
0x00007ffc987e0000 - 0x00007ffc98913000 	C:\WINDOWS\SYSTEM32\CoreMessaging.dll
0x00007ffc95280000 - 0x00007ffc955ed000 	C:\WINDOWS\SYSTEM32\CoreUIComponents.dll
0x00007ffc9f570000 - 0x00007ffc9f57c000 	C:\WINDOWS\SYSTEM32\CRYPTBASE.DLL
0x00007ffc9e8f0000 - 0x00007ffc9e9f2000 	C:\WINDOWS\SYSTEM32\DNSAPI.dll
0x00007ffc9e880000 - 0x00007ffc9e8ad000 	C:\WINDOWS\SYSTEM32\IPHLPAPI.DLL
0x00007ffca0820000 - 0x00007ffca0829000 	C:\WINDOWS\System32\NSI.dll
0x00007ffc8c8c0000 - 0x00007ffc8c8ca000 	C:\Windows\System32\rasadhlp.dll
0x00007ffc96ba0000 - 0x00007ffc96c23000 	C:\WINDOWS\System32\fwpuclnt.dll
0x00007ffc9f550000 - 0x00007ffc9f56b000 	C:\WINDOWS\SYSTEM32\CRYPTSP.dll
0x00007ffc9ede0000 - 0x00007ffc9ee15000 	C:\WINDOWS\system32\rsaenh.dll
0x00007ffc9f3f0000 - 0x00007ffc9f418000 	C:\WINDOWS\SYSTEM32\USERENV.dll
0x00007ffc83730000 - 0x00007ffc8373e000 	C:\Program Files\Java\jdk-23\bin\sunmscapi.dll
0x00007ffca0300000 - 0x00007ffca0466000 	C:\WINDOWS\System32\CRYPT32.dll
0x00007ffc9f710000 - 0x00007ffc9f73d000 	C:\WINDOWS\SYSTEM32\ncrypt.dll
0x00007ffc9f6d0000 - 0x00007ffc9f707000 	C:\WINDOWS\SYSTEM32\NTASN1.dll

dbghelp: loaded successfully - version: 4.0.5 - missing functions: none
symbol engine: initialized successfully - sym options: 0x614 - pdb path: .;C:\Program Files\Java\jdk-23\bin;C:\WINDOWS\SYSTEM32;C:\WINDOWS\WinSxS\amd64_microsoft.windows.common-controls_6595b64144ccf1df_6.0.22621.4391_none_2715d37f73803e96;C:\Program Files\Java\jdk-23\bin\server;C:\Program Files\JetBrains\IntelliJ IDEA Community Edition 2024.2.3\bin

VM Arguments:
jvm_args: -javaagent:C:\Program Files\JetBrains\IntelliJ IDEA Community Edition 2024.2.3\lib\idea_rt.jar=49792:C:\Program Files\JetBrains\IntelliJ IDEA Community Edition 2024.2.3\bin -Dfile.encoding=UTF-8 -Dsun.stdout.encoding=UTF-8 -Dsun.stderr.encoding=UTF-8 
java_command: Profile
java_class_path (initial): C:\Users\Admin\Downloads\jm.jar;C:\Users\Admin\Downloads\json-20220320.jar;C:\Users\Admin\Downloads\gson-2.11.0.jar;C:\Users\Admin\IdeaProjects\Batch1 _dec\out\production\Batch1 _dec
Launcher Type: SUN_STANDARD

[Global flags]
     intx CICompilerCount                          = 4                                         {product} {ergonomic}
     uint ConcGCThreads                            = 2                                         {product} {ergonomic}
     uint G1ConcRefinementThreads                  = 8                                         {product} {ergonomic}
   size_t G1HeapRegionSize                         = 2097152                                   {product} {ergonomic}
   size_t InitialHeapSize                          = 266338304                                 {product} {ergonomic}
   size_t MarkStackSize                            = 4194304                                   {product} {ergonomic}
   size_t MarkStackSizeMax                         = 536870912                                 {product} {ergonomic}
   size_t MaxHeapSize                              = 4259315712                                {product} {ergonomic}
   size_t MaxNewSize                               = 2554331136                                {product} {ergonomic}
   size_t MinHeapDeltaBytes                        = 2097152                                   {product} {ergonomic}
   size_t MinHeapSize                              = 8388608                                   {product} {ergonomic}
    uintx NonNMethodCodeHeapSize                   = 5832704                                {pd product} {ergonomic}
    uintx NonProfiledCodeHeapSize                  = 122945536                              {pd product} {ergonomic}
    uintx ProfiledCodeHeapSize                     = 122880000                              {pd product} {ergonomic}
    uintx ReservedCodeCacheSize                    = 251658240                              {pd product} {ergonomic}
     bool SegmentedCodeCache                       = true                                      {product} {ergonomic}
   size_t SoftMaxHeapSize                          = 4259315712                             {manageable} {ergonomic}
     bool UseCompressedOops                        = true                           {product lp64_product} {ergonomic}
     bool UseG1GC                                  = true                                      {product} {ergonomic}
     bool UseLargePagesIndividualAllocation        = false                                  {pd product} {ergonomic}

Logging:
Log output configuration:
 #0: stdout all=warning uptime,level,tags foldmultilines=false
 #1: stderr all=off uptime,level,tags foldmultilines=false

Environment Variables:
JAVA_HOME=C:\Program Files\Java\jdk-23
PATH=C:\Program Files\Common Files\Oracle\Java\javapath;C:\WINDOWS\system32;C:\WINDOWS;C:\WINDOWS\System32\Wbem;C:\WINDOWS\System32\WindowsPowerShell\v1.0\;C:\WINDOWS\System32\OpenSSH\;C:\Program Files\MySQL\MySQL Server 8.0\bin;C:\Program Files\MySQL\MySQL Shell 8.0\bin\;C:\Users\Admin\AppData\Local\Microsoft\WindowsApps;C:\Program Files\JetBrains\IntelliJ IDEA Community Edition 2024.2.3\bin;;C:\Program Files\Java\jdk-23\bin;C:\Program Files\Common Files\Oracle\Java\javapath;
USERNAME=Admin
OS=Windows_NT
PROCESSOR_IDENTIFIER=Intel64 Family 6 Model 142 Stepping 10, GenuineIntel
TMP=C:\Users\Admin\AppData\Local\Temp
TEMP=C:\Users\Admin\AppData\Local\Temp




Periodic native trim disabled

---------------  S Y S T E M  ---------------

OS:
 Windows 11 , 64 bit Build 22621 (10.0.22621.4391)
OS uptime: 0 days 1:04 hours

CPU: total 8 (initial active 8) (4 cores per cpu, 2 threads per core) family 6 model 142 stepping 10 microcode 0xf4, cx8, cmov, fxsr, ht, mmx, 3dnowpref, sse, sse2, sse3, ssse3, sse4.1, sse4.2, popcnt, lzcnt, tsc, tscinvbit, avx, avx2, aes, erms, clmul, bmi1, bmi2, adx, fma, vzeroupper, clflush, clflushopt, rdtscp, f16c
Processor Information for the first 8 processors :
  Max Mhz: 1800, Current Mhz: 1600, Mhz Limit: 1584

Memory: 4k page, system-wide physical 16242M (2096M free)
TotalPageFile size 41744M (AvailPageFile size 4M)
current process WorkingSet (physical memory assigned to process): 121M, peak: 121M
current process commit charge ("private bytes"): 381M, peak: 382M

vm_info: Java HotSpot(TM) 64-Bit Server VM (23+37-2369) for windows-amd64 JRE (23+37-2369), built on 2024-08-20T16:01:23Z with MS VC++ 17.6 (VS2022)

END.
