#
# There is insufficient memory for the Java Runtime Environment to continue.
# Native memory allocation (mmap) failed to map 65536 bytes. Error detail: Failed to commit metaspace.
# Possible reasons:
#   The system is out of physical RAM or swap space
#   This process is running with CompressedOops enabled, and the Java Heap may be blocking the growth of the native heap
# Possible solutions:
#   Reduce memory load on the system
#   Increase physical memory or swap space
#   Check if swap backing store is full
#   Decrease Java heap size (-Xmx/-Xms)
#   Decrease number of Java threads
#   Decrease Java thread stack sizes (-Xss)
#   Set larger code cache with -XX:ReservedCodeCacheSize=
#   JVM is running with Zero Based Compressed Oops mode in which the Java heap is
#     placed in the first 32GB address space. The Java Heap base address is the
#     maximum limit for the native heap growth. Please use -XX:HeapBaseMinAddress
#     to set the Java Heap base and to place the Java Heap above 32GB virtual address.
# This output file may be truncated or incomplete.
#
#  Out of Memory Error (virtualSpaceNode.cpp:113), pid=10716, tid=117516
#
# JRE version: Java(TM) SE Runtime Environment (23.0+37) (build 23+37-2369)
# Java VM: Java HotSpot(TM) 64-Bit Server VM (23+37-2369, mixed mode, tiered, compressed oops, compressed class ptrs, g1 gc, windows-amd64)
# No core dump will be written. Minidumps are not enabled by default on client versions of Windows
#

---------------  S U M M A R Y ------------

Command Line: -javaagent:C:\Program Files\JetBrains\IntelliJ IDEA Community Edition 2024.2.3\lib\idea_rt.jar=49803:C:\Program Files\JetBrains\IntelliJ IDEA Community Edition 2024.2.3\bin -Dfile.encoding=UTF-8 -Dsun.stdout.encoding=UTF-8 -Dsun.stderr.encoding=UTF-8 Profile

Host: Intel(R) Core(TM) i5-8250U CPU @ 1.60GHz, 8 cores, 15G,  Windows 11 , 64 bit Build 22621 (10.0.22621.4391)
Time: Tue Dec 24 19:29:55 2024 India Standard Time elapsed time: 0.330788 seconds (0d 0h 0m 0s)

---------------  T H R E A D  ---------------

Current thread (0x000001dbcf3e1120):  JavaThread "Monitor Ctrl-Break" daemon [_thread_in_vm, id=117516, stack(0x00000032d2700000,0x00000032d2800000) (1024K)]

Stack: [0x00000032d2700000,0x00000032d2800000]
Native frames: (J=compiled Java code, j=interpreted, Vv=VM code, C=native code)
V  [jvm.dll+0x6e08a9]  (no source info available)
V  [jvm.dll+0x87da63]  (no source info available)
V  [jvm.dll+0x87feee]  (no source info available)
V  [jvm.dll+0x8805c3]  (no source info available)
V  [jvm.dll+0x27aee6]  (no source info available)
V  [jvm.dll+0x87966e]  (no source info available)
V  [jvm.dll+0x682025]  (no source info available)
V  [jvm.dll+0x68208a]  (no source info available)
V  [jvm.dll+0x6848ca]  (no source info available)
V  [jvm.dll+0x2219dc]  (no source info available)
V  [jvm.dll+0x682a3e]  (no source info available)
V  [jvm.dll+0x266380]  (no source info available)
V  [jvm.dll+0x2129b7]  (no source info available)
V  [jvm.dll+0x20811e]  (no source info available)
V  [jvm.dll+0x5be6df]  (no source info available)
V  [jvm.dll+0x219b2b]  (no source info available)
V  [jvm.dll+0x7f30c0]  (no source info available)
V  [jvm.dll+0x7f4166]  (no source info available)
V  [jvm.dll+0x7f4774]  (no source info available)
V  [jvm.dll+0x7f43f8]  (no source info available)
V  [jvm.dll+0x2689cb]  (no source info available)
V  [jvm.dll+0x3d1e3e]  (no source info available)
C  0x000001dbbb53ae1f  (no source info available)

The last pc belongs to new (printed below).
Java frames: (J=compiled Java code, j=interpreted, Vv=VM code)
j  java.net.InetSocketAddress.<init>(Ljava/lang/String;I)V+28 java.base@23
j  java.net.Socket.<init>(Ljava/lang/String;I)V+11 java.base@23
j  com.intellij.rt.execution.application.AppMainV2$1.run()V+10
v  ~StubRoutines::call_stub 0x000001dbbb520fcd
Lock stack of current Java thread (top to bottom):

new  187 new  [0x000001dbbb53aca0, 0x000001dbbb53aea8]  520 bytes
[MachCode]
  0x000001dbbb53aca0: 4883 ec08 | c5fa 1104 | 24eb 1f48 | 83ec 10c5 | fb11 0424 | eb14 4883 | ec10 4889 | 0424 48c7 
  0x000001dbbb53acc0: 4424 0800 | 0000 00eb | 0150 410f | b755 010f | cac1 ea10 | 488b 4de8 | 488b 4908 | 488b 4908 
  0x000001dbbb53ace0: 488b 4108 | 807c 1004 | 070f 85d3 | 0000 0066 | 8b54 d148 | 488b 4928 | 488b 4cd1 | 0851 80b9 
  0x000001dbbb53ad00: 3101 0000 | 040f 840d | 0000 004c | 3bb9 3801 | 0000 0f85 | a900 0000 | 8b51 08f6 | c201 0f85 
  0x000001dbbb53ad20: 9d00 0000 | 498b 87b8 | 0100 0048 | 8d1c 1049 | 3b9f c801 | 0000 0f87 | 8500 0000 | 4989 9fb8 
  0x000001dbbb53ad40: 0100 0048 | 83ea 100f | 840f 0000 | 0033 c9c1 | ea03 4889 | 4cd0 0848 | ffca 75f6 | 48c7 0001 
  0x000001dbbb53ad60: 0000 0059 | 33f6 8970 | 0c89 4808 | 49ba 42ad | 6a5e fc7f | 0000 4180 | 3a00 0f84 | 3c00 0000 
  0x000001dbbb53ad80: 5048 8bc8 | 4883 ec20 | 40f6 c40f | 0f84 1900 | 0000 4883 | ec08 48b8 | 40ee 1a5e | fc7f 0000 
  0x000001dbbb53ada0: ffd0 4883 | c408 e90c | 0000 0048 | b840 ee1a | 5efc 7f00 | 00ff d048 | 83c4 2058 | e9cb 0000 
  0x000001dbbb53adc0: 0059 488b | 55e8 488b | 5208 488b | 5208 450f | b745 0141 | 0fc8 41c1 | e810 e805 | 0000 00e9 
  0x000001dbbb53ade0: a800 0000 | 488d 4424 | 084c 896d | c049 8bcf | c5f8 7749 | 89af b003 | 0000 4989 | 87a0 0300 
  0x000001dbbb53ae00: 0048 83ec | 2040 f6c4 | 0f0f 8419 | 0000 0048 | 83ec 0848 | b8f0 1de3 | 5dfc 7f00 | 00ff d048 
  0x000001dbbb53ae20: 83c4 08e9 | 0c00 0000 | 48b8 f01d | e35d fc7f | 0000 ffd0 | 4883 c420 | 49c7 87a0 | 0300 0000 
  0x000001dbbb53ae40: 0000 0049 | c787 b003 | 0000 0000 | 0000 49c7 | 87a8 0300 | 0000 0000 | 00c5 f877 | 4983 7f08 
  0x000001dbbb53ae60: 000f 8405 | 0000 00e9 | 5460 feff | 498b 87f8 | 0300 0049 | c787 f803 | 0000 0000 | 0000 4c8b 
  0x000001dbbb53ae80: 6dc0 4c8b | 75c8 4e8d | 74f5 00c3 | 410f b65d | 0349 83c5 | 0349 ba50 | 766e 5efc | 7f00 0041 
  0x000001dbbb53aea0: ff24 da0f | 1f44 0000 
[/MachCode]

---------------  P R O C E S S  ---------------

Threads class SMR info:
_java_thread_list=0x000001dbcf36c130, length=13, elements={
0x000001dba9642580, 0x000001dbcae9d7c0, 0x000001dbcae9e790, 0x000001dbcf067070,
0x000001dbcf069ae0, 0x000001dbcf06a6f0, 0x000001dbcf06b300, 0x000001dbcf06c240,
0x000001dbcf06e190, 0x000001dbcae25080, 0x000001dbcf3b4d20, 0x000001dbcf3e1120,
0x000001dbcf3e1790
}

Java Threads: ( => current thread )
  0x000001dba9642580 JavaThread "main"                              [_thread_in_vm, id=119388, stack(0x00000032d1500000,0x00000032d1600000) (1024K)]
  0x000001dbcae9d7c0 JavaThread "Reference Handler"          daemon [_thread_blocked, id=120128, stack(0x00000032d1d00000,0x00000032d1e00000) (1024K)]
  0x000001dbcae9e790 JavaThread "Finalizer"                  daemon [_thread_blocked, id=120084, stack(0x00000032d1e00000,0x00000032d1f00000) (1024K)]
  0x000001dbcf067070 JavaThread "Signal Dispatcher"          daemon [_thread_blocked, id=23652, stack(0x00000032d1f00000,0x00000032d2000000) (1024K)]
  0x000001dbcf069ae0 JavaThread "Attach Listener"            daemon [_thread_blocked, id=120676, stack(0x00000032d2000000,0x00000032d2100000) (1024K)]
  0x000001dbcf06a6f0 JavaThread "Service Thread"             daemon [_thread_blocked, id=120432, stack(0x00000032d2100000,0x00000032d2200000) (1024K)]
  0x000001dbcf06b300 JavaThread "Monitor Deflation Thread"   daemon [_thread_blocked, id=120520, stack(0x00000032d2200000,0x00000032d2300000) (1024K)]
  0x000001dbcf06c240 JavaThread "C2 CompilerThread0"         daemon [_thread_blocked, id=120204, stack(0x00000032d2300000,0x00000032d2400000) (1024K)]
  0x000001dbcf06e190 JavaThread "C1 CompilerThread0"         daemon [_thread_blocked, id=121352, stack(0x00000032d2400000,0x00000032d2500000) (1024K)]
  0x000001dbcae25080 JavaThread "Common-Cleaner"             daemon [_thread_blocked, id=118744, stack(0x00000032d2500000,0x00000032d2600000) (1024K)]
  0x000001dbcf3b4d20 JavaThread "C2 CompilerThread1"         daemon [_thread_blocked, id=118468, stack(0x00000032d2600000,0x00000032d2700000) (1024K)]
=>0x000001dbcf3e1120 JavaThread "Monitor Ctrl-Break"         daemon [_thread_in_vm, id=117516, stack(0x00000032d2700000,0x00000032d2800000) (1024K)]
  0x000001dbcf3e1790 JavaThread "Notification Thread"        daemon [_thread_blocked, id=5140, stack(0x00000032d2800000,0x00000032d2900000) (1024K)]
Total: 13

Other Threads:
  0x000001dbcf0111b0 VMThread "VM Thread"                           [id=3564, stack(0x00000032d1c00000,0x00000032d1d00000) (1024K)]
  0x000001dbcae23e20 WatcherThread "VM Periodic Task Thread"        [id=118456, stack(0x00000032d1b00000,0x00000032d1c00000) (1024K)]
  0x000001dbab91f7c0 WorkerThread "GC Thread#0"                     [id=118112, stack(0x00000032d1600000,0x00000032d1700000) (1024K)]
  0x000001dbab9345d0 ConcurrentGCThread "G1 Main Marker"            [id=120288, stack(0x00000032d1700000,0x00000032d1800000) (1024K)]
  0x000001dbab935290 WorkerThread "G1 Conc#0"                       [id=118252, stack(0x00000032d1800000,0x00000032d1900000) (1024K)]
  0x000001dbab97e9c0 ConcurrentGCThread "G1 Refine#0"               [id=25012, stack(0x00000032d1900000,0x00000032d1a00000) (1024K)]
  0x000001dbcacf2bc0 ConcurrentGCThread "G1 Service"                [id=5556, stack(0x00000032d1a00000,0x00000032d1b00000) (1024K)]
Total: 7

Threads with active compile tasks:
Total: 0

VM state: not at safepoint (normal execution)

VM Mutex/Monitor currently owned by a thread:  ([mutex/lock_event])
[0x00007ffc5e6d1890] Metaspace_lock - owner thread: 0x000001dbcf3e1120

Heap address: 0x0000000702200000, size: 4062 MB, Compressed Oops mode: Zero based, Oop shift amount: 3

CDS archive(s) not mapped
Compressed class space mapped at: 0x0000000036000000-0x0000000076000000, reserved size: 1073741824
Narrow klass base: 0x0000000000000000, Narrow klass shift: 0, Narrow klass range: 0x76000000

GC Precious Log:
 CardTable entry size: 512
 Card Set container configuration: InlinePtr #cards 4 size 8 Array Of Cards #cards 16 size 48 Howl #buckets 8 coarsen threshold 3686 Howl Bitmap #cards 512 size 80 coarsen threshold 460 Card regions per heap region 1 cards per card region 4096
 CPUs: 8 total, 8 available
 Memory: 16242M
 Large Page Support: Disabled
 NUMA Support: Disabled
 Compressed Oops: Enabled (Zero based)
 Heap Region Size: 2M
 Heap Min Capacity: 8M
 Heap Initial Capacity: 254M
 Heap Max Capacity: 4062M
 Pre-touch: Disabled
 Parallel Workers: 8
 Concurrent Workers: 2
 Concurrent Refinement Workers: 8
 Periodic GC: Disabled

Heap:
 garbage-first heap   total reserved 4159488K, committed 260096K, used 2048K [0x0000000702200000, 0x0000000800000000)
  region size 2048K, 2 young (4096K), 0 survivors (0K)
 Metaspace       used 7714K, committed 7872K, reserved 1114112K
  class space    used 649K, committed 768K, reserved 1048576K

Heap Regions: E=young(eden), S=young(survivor), O=old, HS=humongous(starts), HC=humongous(continues), CS=collection set, F=free, TAMS=top-at-mark-start, PB=parsable bottom
|   0|0x0000000702200000, 0x0000000702200000, 0x0000000702400000|  0%| F|  |TAMS 0x0000000702200000| PB 0x0000000702200000| Untracked |  0
|   1|0x0000000702400000, 0x0000000702400000, 0x0000000702600000|  0%| F|  |TAMS 0x0000000702400000| PB 0x0000000702400000| Untracked |  0
|   2|0x0000000702600000, 0x0000000702600000, 0x0000000702800000|  0%| F|  |TAMS 0x0000000702600000| PB 0x0000000702600000| Untracked |  0
|   3|0x0000000702800000, 0x0000000702800000, 0x0000000702a00000|  0%| F|  |TAMS 0x0000000702800000| PB 0x0000000702800000| Untracked |  0
|   4|0x0000000702a00000, 0x0000000702a00000, 0x0000000702c00000|  0%| F|  |TAMS 0x0000000702a00000| PB 0x0000000702a00000| Untracked |  0
|   5|0x0000000702c00000, 0x0000000702c00000, 0x0000000702e00000|  0%| F|  |TAMS 0x0000000702c00000| PB 0x0000000702c00000| Untracked |  0
|   6|0x0000000702e00000, 0x0000000702e00000, 0x0000000703000000|  0%| F|  |TAMS 0x0000000702e00000| PB 0x0000000702e00000| Untracked |  0
|   7|0x0000000703000000, 0x0000000703000000, 0x0000000703200000|  0%| F|  |TAMS 0x0000000703000000| PB 0x0000000703000000| Untracked |  0
|   8|0x0000000703200000, 0x0000000703200000, 0x0000000703400000|  0%| F|  |TAMS 0x0000000703200000| PB 0x0000000703200000| Untracked |  0
|   9|0x0000000703400000, 0x0000000703400000, 0x0000000703600000|  0%| F|  |TAMS 0x0000000703400000| PB 0x0000000703400000| Untracked |  0
|  10|0x0000000703600000, 0x0000000703600000, 0x0000000703800000|  0%| F|  |TAMS 0x0000000703600000| PB 0x0000000703600000| Untracked |  0
|  11|0x0000000703800000, 0x0000000703800000, 0x0000000703a00000|  0%| F|  |TAMS 0x0000000703800000| PB 0x0000000703800000| Untracked |  0
|  12|0x0000000703a00000, 0x0000000703a00000, 0x0000000703c00000|  0%| F|  |TAMS 0x0000000703a00000| PB 0x0000000703a00000| Untracked |  0
|  13|0x0000000703c00000, 0x0000000703c00000, 0x0000000703e00000|  0%| F|  |TAMS 0x0000000703c00000| PB 0x0000000703c00000| Untracked |  0
|  14|0x0000000703e00000, 0x0000000703e00000, 0x0000000704000000|  0%| F|  |TAMS 0x0000000703e00000| PB 0x0000000703e00000| Untracked |  0
|  15|0x0000000704000000, 0x0000000704000000, 0x0000000704200000|  0%| F|  |TAMS 0x0000000704000000| PB 0x0000000704000000| Untracked |  0
|  16|0x0000000704200000, 0x0000000704200000, 0x0000000704400000|  0%| F|  |TAMS 0x0000000704200000| PB 0x0000000704200000| Untracked |  0
|  17|0x0000000704400000, 0x0000000704400000, 0x0000000704600000|  0%| F|  |TAMS 0x0000000704400000| PB 0x0000000704400000| Untracked |  0
|  18|0x0000000704600000, 0x0000000704600000, 0x0000000704800000|  0%| F|  |TAMS 0x0000000704600000| PB 0x0000000704600000| Untracked |  0
|  19|0x0000000704800000, 0x0000000704800000, 0x0000000704a00000|  0%| F|  |TAMS 0x0000000704800000| PB 0x0000000704800000| Untracked |  0
|  20|0x0000000704a00000, 0x0000000704a00000, 0x0000000704c00000|  0%| F|  |TAMS 0x0000000704a00000| PB 0x0000000704a00000| Untracked |  0
|  21|0x0000000704c00000, 0x0000000704c00000, 0x0000000704e00000|  0%| F|  |TAMS 0x0000000704c00000| PB 0x0000000704c00000| Untracked |  0
|  22|0x0000000704e00000, 0x0000000704e00000, 0x0000000705000000|  0%| F|  |TAMS 0x0000000704e00000| PB 0x0000000704e00000| Untracked |  0
|  23|0x0000000705000000, 0x0000000705000000, 0x0000000705200000|  0%| F|  |TAMS 0x0000000705000000| PB 0x0000000705000000| Untracked |  0
|  24|0x0000000705200000, 0x0000000705200000, 0x0000000705400000|  0%| F|  |TAMS 0x0000000705200000| PB 0x0000000705200000| Untracked |  0
|  25|0x0000000705400000, 0x0000000705400000, 0x0000000705600000|  0%| F|  |TAMS 0x0000000705400000| PB 0x0000000705400000| Untracked |  0
|  26|0x0000000705600000, 0x0000000705600000, 0x0000000705800000|  0%| F|  |TAMS 0x0000000705600000| PB 0x0000000705600000| Untracked |  0
|  27|0x0000000705800000, 0x0000000705800000, 0x0000000705a00000|  0%| F|  |TAMS 0x0000000705800000| PB 0x0000000705800000| Untracked |  0
|  28|0x0000000705a00000, 0x0000000705a00000, 0x0000000705c00000|  0%| F|  |TAMS 0x0000000705a00000| PB 0x0000000705a00000| Untracked |  0
|  29|0x0000000705c00000, 0x0000000705c00000, 0x0000000705e00000|  0%| F|  |TAMS 0x0000000705c00000| PB 0x0000000705c00000| Untracked |  0
|  30|0x0000000705e00000, 0x0000000705e00000, 0x0000000706000000|  0%| F|  |TAMS 0x0000000705e00000| PB 0x0000000705e00000| Untracked |  0
|  31|0x0000000706000000, 0x0000000706000000, 0x0000000706200000|  0%| F|  |TAMS 0x0000000706000000| PB 0x0000000706000000| Untracked |  0
|  32|0x0000000706200000, 0x0000000706200000, 0x0000000706400000|  0%| F|  |TAMS 0x0000000706200000| PB 0x0000000706200000| Untracked |  0
|  33|0x0000000706400000, 0x0000000706400000, 0x0000000706600000|  0%| F|  |TAMS 0x0000000706400000| PB 0x0000000706400000| Untracked |  0
|  34|0x0000000706600000, 0x0000000706600000, 0x0000000706800000|  0%| F|  |TAMS 0x0000000706600000| PB 0x0000000706600000| Untracked |  0
|  35|0x0000000706800000, 0x0000000706800000, 0x0000000706a00000|  0%| F|  |TAMS 0x0000000706800000| PB 0x0000000706800000| Untracked |  0
|  36|0x0000000706a00000, 0x0000000706a00000, 0x0000000706c00000|  0%| F|  |TAMS 0x0000000706a00000| PB 0x0000000706a00000| Untracked |  0
|  37|0x0000000706c00000, 0x0000000706c00000, 0x0000000706e00000|  0%| F|  |TAMS 0x0000000706c00000| PB 0x0000000706c00000| Untracked |  0
|  38|0x0000000706e00000, 0x0000000706e00000, 0x0000000707000000|  0%| F|  |TAMS 0x0000000706e00000| PB 0x0000000706e00000| Untracked |  0
|  39|0x0000000707000000, 0x0000000707000000, 0x0000000707200000|  0%| F|  |TAMS 0x0000000707000000| PB 0x0000000707000000| Untracked |  0
|  40|0x0000000707200000, 0x0000000707200000, 0x0000000707400000|  0%| F|  |TAMS 0x0000000707200000| PB 0x0000000707200000| Untracked |  0
|  41|0x0000000707400000, 0x0000000707400000, 0x0000000707600000|  0%| F|  |TAMS 0x0000000707400000| PB 0x0000000707400000| Untracked |  0
|  42|0x0000000707600000, 0x0000000707600000, 0x0000000707800000|  0%| F|  |TAMS 0x0000000707600000| PB 0x0000000707600000| Untracked |  0
|  43|0x0000000707800000, 0x0000000707800000, 0x0000000707a00000|  0%| F|  |TAMS 0x0000000707800000| PB 0x0000000707800000| Untracked |  0
|  44|0x0000000707a00000, 0x0000000707a00000, 0x0000000707c00000|  0%| F|  |TAMS 0x0000000707a00000| PB 0x0000000707a00000| Untracked |  0
|  45|0x0000000707c00000, 0x0000000707c00000, 0x0000000707e00000|  0%| F|  |TAMS 0x0000000707c00000| PB 0x0000000707c00000| Untracked |  0
|  46|0x0000000707e00000, 0x0000000707e00000, 0x0000000708000000|  0%| F|  |TAMS 0x0000000707e00000| PB 0x0000000707e00000| Untracked |  0
|  47|0x0000000708000000, 0x0000000708000000, 0x0000000708200000|  0%| F|  |TAMS 0x0000000708000000| PB 0x0000000708000000| Untracked |  0
|  48|0x0000000708200000, 0x0000000708200000, 0x0000000708400000|  0%| F|  |TAMS 0x0000000708200000| PB 0x0000000708200000| Untracked |  0
|  49|0x0000000708400000, 0x0000000708400000, 0x0000000708600000|  0%| F|  |TAMS 0x0000000708400000| PB 0x0000000708400000| Untracked |  0
|  50|0x0000000708600000, 0x0000000708600000, 0x0000000708800000|  0%| F|  |TAMS 0x0000000708600000| PB 0x0000000708600000| Untracked |  0
|  51|0x0000000708800000, 0x0000000708800000, 0x0000000708a00000|  0%| F|  |TAMS 0x0000000708800000| PB 0x0000000708800000| Untracked |  0
|  52|0x0000000708a00000, 0x0000000708a00000, 0x0000000708c00000|  0%| F|  |TAMS 0x0000000708a00000| PB 0x0000000708a00000| Untracked |  0
|  53|0x0000000708c00000, 0x0000000708c00000, 0x0000000708e00000|  0%| F|  |TAMS 0x0000000708c00000| PB 0x0000000708c00000| Untracked |  0
|  54|0x0000000708e00000, 0x0000000708e00000, 0x0000000709000000|  0%| F|  |TAMS 0x0000000708e00000| PB 0x0000000708e00000| Untracked |  0
|  55|0x0000000709000000, 0x0000000709000000, 0x0000000709200000|  0%| F|  |TAMS 0x0000000709000000| PB 0x0000000709000000| Untracked |  0
|  56|0x0000000709200000, 0x0000000709200000, 0x0000000709400000|  0%| F|  |TAMS 0x0000000709200000| PB 0x0000000709200000| Untracked |  0
|  57|0x0000000709400000, 0x0000000709400000, 0x0000000709600000|  0%| F|  |TAMS 0x0000000709400000| PB 0x0000000709400000| Untracked |  0
|  58|0x0000000709600000, 0x0000000709600000, 0x0000000709800000|  0%| F|  |TAMS 0x0000000709600000| PB 0x0000000709600000| Untracked |  0
|  59|0x0000000709800000, 0x0000000709800000, 0x0000000709a00000|  0%| F|  |TAMS 0x0000000709800000| PB 0x0000000709800000| Untracked |  0
|  60|0x0000000709a00000, 0x0000000709a00000, 0x0000000709c00000|  0%| F|  |TAMS 0x0000000709a00000| PB 0x0000000709a00000| Untracked |  0
|  61|0x0000000709c00000, 0x0000000709c00000, 0x0000000709e00000|  0%| F|  |TAMS 0x0000000709c00000| PB 0x0000000709c00000| Untracked |  0
|  62|0x0000000709e00000, 0x0000000709e00000, 0x000000070a000000|  0%| F|  |TAMS 0x0000000709e00000| PB 0x0000000709e00000| Untracked |  0
|  63|0x000000070a000000, 0x000000070a000000, 0x000000070a200000|  0%| F|  |TAMS 0x000000070a000000| PB 0x000000070a000000| Untracked |  0
|  64|0x000000070a200000, 0x000000070a200000, 0x000000070a400000|  0%| F|  |TAMS 0x000000070a200000| PB 0x000000070a200000| Untracked |  0
|  65|0x000000070a400000, 0x000000070a400000, 0x000000070a600000|  0%| F|  |TAMS 0x000000070a400000| PB 0x000000070a400000| Untracked |  0
|  66|0x000000070a600000, 0x000000070a600000, 0x000000070a800000|  0%| F|  |TAMS 0x000000070a600000| PB 0x000000070a600000| Untracked |  0
|  67|0x000000070a800000, 0x000000070a800000, 0x000000070aa00000|  0%| F|  |TAMS 0x000000070a800000| PB 0x000000070a800000| Untracked |  0
|  68|0x000000070aa00000, 0x000000070aa00000, 0x000000070ac00000|  0%| F|  |TAMS 0x000000070aa00000| PB 0x000000070aa00000| Untracked |  0
|  69|0x000000070ac00000, 0x000000070ac00000, 0x000000070ae00000|  0%| F|  |TAMS 0x000000070ac00000| PB 0x000000070ac00000| Untracked |  0
|  70|0x000000070ae00000, 0x000000070ae00000, 0x000000070b000000|  0%| F|  |TAMS 0x000000070ae00000| PB 0x000000070ae00000| Untracked |  0
|  71|0x000000070b000000, 0x000000070b000000, 0x000000070b200000|  0%| F|  |TAMS 0x000000070b000000| PB 0x000000070b000000| Untracked |  0
|  72|0x000000070b200000, 0x000000070b200000, 0x000000070b400000|  0%| F|  |TAMS 0x000000070b200000| PB 0x000000070b200000| Untracked |  0
|  73|0x000000070b400000, 0x000000070b400000, 0x000000070b600000|  0%| F|  |TAMS 0x000000070b400000| PB 0x000000070b400000| Untracked |  0
|  74|0x000000070b600000, 0x000000070b600000, 0x000000070b800000|  0%| F|  |TAMS 0x000000070b600000| PB 0x000000070b600000| Untracked |  0
|  75|0x000000070b800000, 0x000000070b800000, 0x000000070ba00000|  0%| F|  |TAMS 0x000000070b800000| PB 0x000000070b800000| Untracked |  0
|  76|0x000000070ba00000, 0x000000070ba00000, 0x000000070bc00000|  0%| F|  |TAMS 0x000000070ba00000| PB 0x000000070ba00000| Untracked |  0
|  77|0x000000070bc00000, 0x000000070bc00000, 0x000000070be00000|  0%| F|  |TAMS 0x000000070bc00000| PB 0x000000070bc00000| Untracked |  0
|  78|0x000000070be00000, 0x000000070be00000, 0x000000070c000000|  0%| F|  |TAMS 0x000000070be00000| PB 0x000000070be00000| Untracked |  0
|  79|0x000000070c000000, 0x000000070c000000, 0x000000070c200000|  0%| F|  |TAMS 0x000000070c000000| PB 0x000000070c000000| Untracked |  0
|  80|0x000000070c200000, 0x000000070c200000, 0x000000070c400000|  0%| F|  |TAMS 0x000000070c200000| PB 0x000000070c200000| Untracked |  0
|  81|0x000000070c400000, 0x000000070c400000, 0x000000070c600000|  0%| F|  |TAMS 0x000000070c400000| PB 0x000000070c400000| Untracked |  0
|  82|0x000000070c600000, 0x000000070c600000, 0x000000070c800000|  0%| F|  |TAMS 0x000000070c600000| PB 0x000000070c600000| Untracked |  0
|  83|0x000000070c800000, 0x000000070c800000, 0x000000070ca00000|  0%| F|  |TAMS 0x000000070c800000| PB 0x000000070c800000| Untracked |  0
|  84|0x000000070ca00000, 0x000000070ca00000, 0x000000070cc00000|  0%| F|  |TAMS 0x000000070ca00000| PB 0x000000070ca00000| Untracked |  0
|  85|0x000000070cc00000, 0x000000070cc00000, 0x000000070ce00000|  0%| F|  |TAMS 0x000000070cc00000| PB 0x000000070cc00000| Untracked |  0
|  86|0x000000070ce00000, 0x000000070ce00000, 0x000000070d000000|  0%| F|  |TAMS 0x000000070ce00000| PB 0x000000070ce00000| Untracked |  0
|  87|0x000000070d000000, 0x000000070d000000, 0x000000070d200000|  0%| F|  |TAMS 0x000000070d000000| PB 0x000000070d000000| Untracked |  0
|  88|0x000000070d200000, 0x000000070d200000, 0x000000070d400000|  0%| F|  |TAMS 0x000000070d200000| PB 0x000000070d200000| Untracked |  0
|  89|0x000000070d400000, 0x000000070d400000, 0x000000070d600000|  0%| F|  |TAMS 0x000000070d400000| PB 0x000000070d400000| Untracked |  0
|  90|0x000000070d600000, 0x000000070d600000, 0x000000070d800000|  0%| F|  |TAMS 0x000000070d600000| PB 0x000000070d600000| Untracked |  0
|  91|0x000000070d800000, 0x000000070d800000, 0x000000070da00000|  0%| F|  |TAMS 0x000000070d800000| PB 0x000000070d800000| Untracked |  0
|  92|0x000000070da00000, 0x000000070da00000, 0x000000070dc00000|  0%| F|  |TAMS 0x000000070da00000| PB 0x000000070da00000| Untracked |  0
|  93|0x000000070dc00000, 0x000000070dc00000, 0x000000070de00000|  0%| F|  |TAMS 0x000000070dc00000| PB 0x000000070dc00000| Untracked |  0
|  94|0x000000070de00000, 0x000000070de00000, 0x000000070e000000|  0%| F|  |TAMS 0x000000070de00000| PB 0x000000070de00000| Untracked |  0
|  95|0x000000070e000000, 0x000000070e000000, 0x000000070e200000|  0%| F|  |TAMS 0x000000070e000000| PB 0x000000070e000000| Untracked |  0
|  96|0x000000070e200000, 0x000000070e200000, 0x000000070e400000|  0%| F|  |TAMS 0x000000070e200000| PB 0x000000070e200000| Untracked |  0
|  97|0x000000070e400000, 0x000000070e400000, 0x000000070e600000|  0%| F|  |TAMS 0x000000070e400000| PB 0x000000070e400000| Untracked |  0
|  98|0x000000070e600000, 0x000000070e600000, 0x000000070e800000|  0%| F|  |TAMS 0x000000070e600000| PB 0x000000070e600000| Untracked |  0
|  99|0x000000070e800000, 0x000000070e800000, 0x000000070ea00000|  0%| F|  |TAMS 0x000000070e800000| PB 0x000000070e800000| Untracked |  0
| 100|0x000000070ea00000, 0x000000070ea00000, 0x000000070ec00000|  0%| F|  |TAMS 0x000000070ea00000| PB 0x000000070ea00000| Untracked |  0
| 101|0x000000070ec00000, 0x000000070ec00000, 0x000000070ee00000|  0%| F|  |TAMS 0x000000070ec00000| PB 0x000000070ec00000| Untracked |  0
| 102|0x000000070ee00000, 0x000000070ee00000, 0x000000070f000000|  0%| F|  |TAMS 0x000000070ee00000| PB 0x000000070ee00000| Untracked |  0
| 103|0x000000070f000000, 0x000000070f000000, 0x000000070f200000|  0%| F|  |TAMS 0x000000070f000000| PB 0x000000070f000000| Untracked |  0
| 104|0x000000070f200000, 0x000000070f200000, 0x000000070f400000|  0%| F|  |TAMS 0x000000070f200000| PB 0x000000070f200000| Untracked |  0
| 105|0x000000070f400000, 0x000000070f400000, 0x000000070f600000|  0%| F|  |TAMS 0x000000070f400000| PB 0x000000070f400000| Untracked |  0
| 106|0x000000070f600000, 0x000000070f600000, 0x000000070f800000|  0%| F|  |TAMS 0x000000070f600000| PB 0x000000070f600000| Untracked |  0
| 107|0x000000070f800000, 0x000000070f800000, 0x000000070fa00000|  0%| F|  |TAMS 0x000000070f800000| PB 0x000000070f800000| Untracked |  0
| 108|0x000000070fa00000, 0x000000070fa00000, 0x000000070fc00000|  0%| F|  |TAMS 0x000000070fa00000| PB 0x000000070fa00000| Untracked |  0
| 109|0x000000070fc00000, 0x000000070fc00000, 0x000000070fe00000|  0%| F|  |TAMS 0x000000070fc00000| PB 0x000000070fc00000| Untracked |  0
| 110|0x000000070fe00000, 0x000000070fe00000, 0x0000000710000000|  0%| F|  |TAMS 0x000000070fe00000| PB 0x000000070fe00000| Untracked |  0
| 111|0x0000000710000000, 0x0000000710000000, 0x0000000710200000|  0%| F|  |TAMS 0x0000000710000000| PB 0x0000000710000000| Untracked |  0
| 112|0x0000000710200000, 0x0000000710200000, 0x0000000710400000|  0%| F|  |TAMS 0x0000000710200000| PB 0x0000000710200000| Untracked |  0
| 113|0x0000000710400000, 0x0000000710400000, 0x0000000710600000|  0%| F|  |TAMS 0x0000000710400000| PB 0x0000000710400000| Untracked |  0
| 114|0x0000000710600000, 0x0000000710600000, 0x0000000710800000|  0%| F|  |TAMS 0x0000000710600000| PB 0x0000000710600000| Untracked |  0
| 115|0x0000000710800000, 0x0000000710800000, 0x0000000710a00000|  0%| F|  |TAMS 0x0000000710800000| PB 0x0000000710800000| Untracked |  0
| 116|0x0000000710a00000, 0x0000000710a00000, 0x0000000710c00000|  0%| F|  |TAMS 0x0000000710a00000| PB 0x0000000710a00000| Untracked |  0
| 117|0x0000000710c00000, 0x0000000710c00000, 0x0000000710e00000|  0%| F|  |TAMS 0x0000000710c00000| PB 0x0000000710c00000| Untracked |  0
| 118|0x0000000710e00000, 0x0000000710e00000, 0x0000000711000000|  0%| F|  |TAMS 0x0000000710e00000| PB 0x0000000710e00000| Untracked |  0
| 119|0x0000000711000000, 0x0000000711000000, 0x0000000711200000|  0%| F|  |TAMS 0x0000000711000000| PB 0x0000000711000000| Untracked |  0
| 120|0x0000000711200000, 0x0000000711200000, 0x0000000711400000|  0%| F|  |TAMS 0x0000000711200000| PB 0x0000000711200000| Untracked |  0
| 121|0x0000000711400000, 0x0000000711400000, 0x0000000711600000|  0%| F|  |TAMS 0x0000000711400000| PB 0x0000000711400000| Untracked |  0
| 122|0x0000000711600000, 0x0000000711600000, 0x0000000711800000|  0%| F|  |TAMS 0x0000000711600000| PB 0x0000000711600000| Untracked |  0
| 123|0x0000000711800000, 0x0000000711800000, 0x0000000711a00000|  0%| F|  |TAMS 0x0000000711800000| PB 0x0000000711800000| Untracked |  0
| 124|0x0000000711a00000, 0x0000000711a00000, 0x0000000711c00000|  0%| F|  |TAMS 0x0000000711a00000| PB 0x0000000711a00000| Untracked |  0
| 125|0x0000000711c00000, 0x0000000711d72a78, 0x0000000711e00000| 72%| E|  |TAMS 0x0000000711c00000| PB 0x0000000711c00000| Complete |  0
| 126|0x0000000711e00000, 0x0000000712000000, 0x0000000712000000|100%| E|CS|TAMS 0x0000000711e00000| PB 0x0000000711e00000| Complete |  0

Card table byte_map: [0x000001dbc3c20000,0x000001dbc4410000] _byte_map_base: 0x000001dbc040f000

Marking Bits: (CMBitMap*) 0x000001dbab91fed0
 Bits: [0x000001dbc4410000, 0x000001dbc8388000)

Polling page: 0x000001dba9790000

Metaspace:

Usage:
  Non-class:      6.90 MB used.
      Class:    649.94 KB used.
       Both:      7.53 MB used.

Virtual space:
  Non-class space:       64.00 MB reserved,       6.94 MB ( 11%) committed,  1 nodes.
      Class space:        1.00 GB reserved,     768.00 KB ( <1%) committed,  1 nodes.
             Both:        1.06 GB reserved,       7.69 MB ( <1%) committed. 

Chunk freelists:
   Non-Class:  8.97 MB
       Class:  15.23 MB
        Both:  24.20 MB

MaxMetaspaceSize: unlimited
CompressedClassSpaceSize: 1.00 GB
Initial GC threshold: 21.00 MB
Current GC threshold: 21.00 MB
CDS: off
 - commit_granule_bytes: 65536.
 - commit_granule_words: 8192.
 - virtual_space_node_default_size: 8388608.
 - enlarge_chunks_in_place: 1.
 - use_allocation_guard: 0.


Internal statistics:

num_allocs_failed_limit: 0.
num_arena_births: 20.
num_arena_deaths: 0.
num_vsnodes_births: 2.
num_vsnodes_deaths: 0.
num_space_committed: 123.
num_space_uncommitted: 0.
num_chunks_returned_to_freelist: 0.
num_chunks_taken_from_freelist: 42.
num_chunk_merges: 0.
num_chunk_splits: 21.
num_chunks_enlarged: 10.
num_inconsistent_stats: 0.

CodeHeap 'non-profiled nmethods': size=120064Kb used=80Kb max_used=80Kb free=119983Kb
 bounds [0x000001dbbbab0000, 0x000001dbbbd20000, 0x000001dbc2ff0000]
CodeHeap 'profiled nmethods': size=120000Kb used=208Kb max_used=208Kb free=119791Kb
 bounds [0x000001dbb3ff0000, 0x000001dbb4260000, 0x000001dbbb520000]
CodeHeap 'non-nmethods': size=5696Kb used=1300Kb max_used=1300Kb free=4395Kb
 bounds [0x000001dbbb520000, 0x000001dbbb790000, 0x000001dbbbab0000]
CodeCache: size=245760Kb, used=1588Kb, max_used=1588Kb, free=244169Kb
 total_blobs=671, nmethods=251, adapters=326, full_count=0
Compilation: enabled, stopped_count=0, restarted_count=0

Compilation events (20 events):
Event: 0.314 Thread 0x000001dbcf06e190  240       3       java.lang.String::substring (58 bytes)
Event: 0.314 Thread 0x000001dbcf06e190 nmethod 240 0x000001dbb4020f08 code [0x000001dbb40210a0, 0x000001dbb4021660]
Event: 0.314 Thread 0x000001dbcf06e190  241       3       java.lang.StringLatin1::newString (24 bytes)
Event: 0.314 Thread 0x000001dbcf06e190 nmethod 241 0x000001dbb4021708 code [0x000001dbb4021840, 0x000001dbb4021b48]
Event: 0.314 Thread 0x000001dbcf06e190  239       1       java.lang.invoke.MethodTypeForm::parameterSlotCount (5 bytes)
Event: 0.314 Thread 0x000001dbcf06e190 nmethod 239 0x000001dbbbac3788 code [0x000001dbbbac38a0, 0x000001dbbbac3968]
Event: 0.315 Thread 0x000001dbcf06e190  244       1       java.lang.invoke.MethodTypeForm::erasedType (5 bytes)
Event: 0.315 Thread 0x000001dbcf06e190 nmethod 244 0x000001dbbbac3a88 code [0x000001dbbbac3ba0, 0x000001dbbbac3c70]
Event: 0.316 Thread 0x000001dbcf06e190  246       3       java.lang.System::getSecurityManager (12 bytes)
Event: 0.316 Thread 0x000001dbcf06e190 nmethod 246 0x000001dbb4021b88 code [0x000001dbb4021ca0, 0x000001dbb4021e10]
Event: 0.316 Thread 0x000001dbcf06e190  247       3       java.lang.StringLatin1::replace (198 bytes)
Event: 0.317 Thread 0x000001dbcf06e190 nmethod 247 0x000001dbb4021e88 code [0x000001dbb40220c0, 0x000001dbb4022f10]
Event: 0.319 Thread 0x000001dbcf06e190  248       3       java.lang.AbstractStringBuilder::<init> (39 bytes)
Event: 0.319 Thread 0x000001dbcf06e190 nmethod 248 0x000001dbb4022f88 code [0x000001dbb40230a0, 0x000001dbb4023320]
Event: 0.319 Thread 0x000001dbcf06e190  249       3       java.lang.StringBuilder::toString (20 bytes)
Event: 0.319 Thread 0x000001dbcf06e190 nmethod 249 0x000001dbb4023388 code [0x000001dbb40234c0, 0x000001dbb4023738]
Event: 0.321 Thread 0x000001dbcf06e190  250       3       java.lang.StringUTF16::getChar (60 bytes)
Event: 0.322 Thread 0x000001dbcf06e190 nmethod 250 0x000001dbb4023788 code [0x000001dbb40238a0, 0x000001dbb4023a10]
Event: 0.322 Thread 0x000001dbcf06e190  251       3       java.lang.String::charAt (25 bytes)
Event: 0.323 Thread 0x000001dbcf06e190 nmethod 251 0x000001dbb4023a88 code [0x000001dbb4023c00, 0x000001dbb4024140]

GC Heap History (0 events):
No events

Dll operation events (8 events):
Event: 0.009 Loaded shared library C:\Program Files\Java\jdk-23\bin\java.dll
Event: 0.127 Loaded shared library C:\Program Files\Java\jdk-23\bin\jsvml.dll
Event: 0.258 Loaded shared library C:\Program Files\Java\jdk-23\bin\zip.dll
Event: 0.262 Loaded shared library C:\Program Files\Java\jdk-23\bin\instrument.dll
Event: 0.277 Loaded shared library C:\Program Files\Java\jdk-23\bin\net.dll
Event: 0.278 Loaded shared library C:\Program Files\Java\jdk-23\bin\nio.dll
Event: 0.294 Loaded shared library C:\Program Files\Java\jdk-23\bin\zip.dll
Event: 0.318 Loaded shared library C:\Program Files\JetBrains\IntelliJ IDEA Community Edition 2024.2.3\bin\breakgen64.dll

Deoptimization events (16 events):
Event: 0.301 Thread 0x000001dba9642580 Uncommon trap: trap_request=0xffffffde fr.pc=0x000001dbbbabf980 relative=0x0000000000000860
Event: 0.301 Thread 0x000001dba9642580 Uncommon trap: reason=class_check action=maybe_recompile pc=0x000001dbbbabf980 method=java.util.HashMap.putVal(ILjava/lang/Object;Ljava/lang/Object;ZZ)Ljava/lang/Object; @ 106 c2
Event: 0.301 Thread 0x000001dba9642580 DEOPT PACKING pc=0x000001dbbbabf980 sp=0x00000032d15fea60
Event: 0.301 Thread 0x000001dba9642580 DEOPT UNPACKING pc=0x000001dbbb574402 sp=0x00000032d15fea08 mode 2
Event: 0.301 Thread 0x000001dba9642580 Uncommon trap: trap_request=0xffffffde fr.pc=0x000001dbbbabf980 relative=0x0000000000000860
Event: 0.301 Thread 0x000001dba9642580 Uncommon trap: reason=class_check action=maybe_recompile pc=0x000001dbbbabf980 method=java.util.HashMap.putVal(ILjava/lang/Object;Ljava/lang/Object;ZZ)Ljava/lang/Object; @ 106 c2
Event: 0.301 Thread 0x000001dba9642580 DEOPT PACKING pc=0x000001dbbbabf980 sp=0x00000032d15fea60
Event: 0.301 Thread 0x000001dba9642580 DEOPT UNPACKING pc=0x000001dbbb574402 sp=0x00000032d15fea08 mode 2
Event: 0.301 Thread 0x000001dba9642580 Uncommon trap: trap_request=0xffffffde fr.pc=0x000001dbbbabf980 relative=0x0000000000000860
Event: 0.301 Thread 0x000001dba9642580 Uncommon trap: reason=class_check action=maybe_recompile pc=0x000001dbbbabf980 method=java.util.HashMap.putVal(ILjava/lang/Object;Ljava/lang/Object;ZZ)Ljava/lang/Object; @ 106 c2
Event: 0.301 Thread 0x000001dba9642580 DEOPT PACKING pc=0x000001dbbbabf980 sp=0x00000032d15fea60
Event: 0.301 Thread 0x000001dba9642580 DEOPT UNPACKING pc=0x000001dbbb574402 sp=0x00000032d15fea08 mode 2
Event: 0.322 Thread 0x000001dba9642580 Uncommon trap: trap_request=0xffffff45 fr.pc=0x000001dbbbabfcdc relative=0x00000000000000bc
Event: 0.322 Thread 0x000001dba9642580 Uncommon trap: reason=unstable_if action=reinterpret pc=0x000001dbbbabfcdc method=java.lang.String.isLatin1()Z @ 10 c2
Event: 0.322 Thread 0x000001dba9642580 DEOPT PACKING pc=0x000001dbbbabfcdc sp=0x00000032d15ff440
Event: 0.322 Thread 0x000001dba9642580 DEOPT UNPACKING pc=0x000001dbbb574402 sp=0x00000032d15ff380 mode 2

Classes loaded (20 events):
Event: 0.328 Loading class java/util/concurrent/ConcurrentSkipListMap$Node done
Event: 0.328 Loading class java/net/Inet6AddressImpl
Event: 0.328 Loading class java/net/InetAddressImpl
Event: 0.328 Loading class java/net/InetAddressImpl done
Event: 0.328 Loading class java/net/Inet6AddressImpl done
Event: 0.329 Loading class java/net/Inet4AddressImpl
Event: 0.329 Loading class java/net/Inet4AddressImpl done
Event: 0.329 Loading class java/net/spi/InetAddressResolver$LookupPolicy
Event: 0.329 Loading class java/net/spi/InetAddressResolver$LookupPolicy done
Event: 0.329 Loading class java/net/InetAddress$PlatformResolver
Event: 0.329 Loading class java/net/spi/InetAddressResolver
Event: 0.329 Loading class java/net/spi/InetAddressResolver done
Event: 0.329 Loading class java/net/InetAddress$PlatformResolver done
Event: 0.329 Loading class javax/swing/JLabel
Event: 0.329 Loading class java/net/Inet4Address
Event: 0.329 Loading class javax/swing/SwingConstants
Event: 0.329 Loading class java/net/Inet4Address done
Event: 0.329 Loading class javax/swing/SwingConstants done
Event: 0.330 Loading class javax/swing/JComponent
Event: 0.330 Loading class java/net/InetSocketAddress$InetSocketAddressHolder

Classes unloaded (0 events):
No events

Classes redefined (0 events):
No events

Internal exceptions (1 events):
Event: 0.314 Thread 0x000001dba9642580 Exception <a 'java/lang/NoSuchMethodError'{0x0000000711c9d6d0}: 'java.lang.Object java.lang.invoke.Invokers$Holder.invokeExact_MT(java.lang.Object, java.lang.Object, java.lang.Object, java.lang.Object, java.lang.Object)'> (0x0000000711c9d6d0) 
thrown [s\open\src\hotspot\share\interpreter\linkResolver.cpp, line 796]

VM Operations (2 events):
Event: 0.244 Executing VM operation: HandshakeAllThreads (Deoptimize)
Event: 0.244 Executing VM operation: HandshakeAllThreads (Deoptimize) done

Memory protections (0 events):
No events

Nmethod flushes (0 events):
No events

Events (13 events):
Event: 0.022 Thread 0x000001dba9642580 Thread added: 0x000001dba9642580
Event: 0.122 Thread 0x000001dba9642580 Thread added: 0x000001dbcae9d7c0
Event: 0.122 Thread 0x000001dba9642580 Thread added: 0x000001dbcae9e790
Event: 0.125 Thread 0x000001dba9642580 Thread added: 0x000001dbcf067070
Event: 0.125 Thread 0x000001dba9642580 Thread added: 0x000001dbcf069ae0
Event: 0.125 Thread 0x000001dba9642580 Thread added: 0x000001dbcf06a6f0
Event: 0.125 Thread 0x000001dba9642580 Thread added: 0x000001dbcf06b300
Event: 0.125 Thread 0x000001dba9642580 Thread added: 0x000001dbcf06c240
Event: 0.125 Thread 0x000001dba9642580 Thread added: 0x000001dbcf06e190
Event: 0.223 Thread 0x000001dba9642580 Thread added: 0x000001dbcae25080
Event: 0.253 Thread 0x000001dbcf06e190 Thread added: 0x000001dbcf3b4d20
Event: 0.318 Thread 0x000001dba9642580 Thread added: 0x000001dbcf3e1120
Event: 0.318 Thread 0x000001dba9642580 Thread added: 0x000001dbcf3e1790


Dynamic libraries:
0x00007ff774390000 - 0x00007ff7743a0000 	C:\Program Files\Java\jdk-23\bin\java.exe
0x00007ffca2a50000 - 0x00007ffca2c67000 	C:\WINDOWS\SYSTEM32\ntdll.dll
0x00007ffca1c50000 - 0x00007ffca1d14000 	C:\WINDOWS\System32\KERNEL32.DLL
0x00007ffc9fe70000 - 0x00007ffca0229000 	C:\WINDOWS\System32\KERNELBASE.dll
0x00007ffca0560000 - 0x00007ffca0671000 	C:\WINDOWS\System32\ucrtbase.dll
0x00007ffc85b70000 - 0x00007ffc85b87000 	C:\Program Files\Java\jdk-23\bin\jli.dll
0x00007ffc85b90000 - 0x00007ffc85bab000 	C:\Program Files\Java\jdk-23\bin\VCRUNTIME140.dll
0x00007ffca0ac0000 - 0x00007ffca0c6e000 	C:\WINDOWS\System32\USER32.dll
0x00007ffc8b2f0000 - 0x00007ffc8b582000 	C:\WINDOWS\WinSxS\amd64_microsoft.windows.common-controls_6595b64144ccf1df_6.0.22621.4391_none_2715d37f73803e96\COMCTL32.dll
0x00007ffca0740000 - 0x00007ffca0766000 	C:\WINDOWS\System32\win32u.dll
0x00007ffca0770000 - 0x00007ffca0817000 	C:\WINDOWS\System32\msvcrt.dll
0x00007ffca1c20000 - 0x00007ffca1c49000 	C:\WINDOWS\System32\GDI32.dll
0x00007ffc9fd50000 - 0x00007ffc9fe6b000 	C:\WINDOWS\System32\gdi32full.dll
0x00007ffca0230000 - 0x00007ffca02ca000 	C:\WINDOWS\System32\msvcp_win.dll
0x00007ffca19d0000 - 0x00007ffca1a01000 	C:\WINDOWS\System32\IMM32.DLL
0x00007ffc987a0000 - 0x00007ffc987ac000 	C:\Program Files\Java\jdk-23\bin\vcruntime140_1.dll
0x00007ffc83af0000 - 0x00007ffc83b7e000 	C:\Program Files\Java\jdk-23\bin\msvcp140.dll
0x00007ffc5da60000 - 0x00007ffc5e7af000 	C:\Program Files\Java\jdk-23\bin\server\jvm.dll
0x00007ffca22f0000 - 0x00007ffca23a2000 	C:\WINDOWS\System32\ADVAPI32.dll
0x00007ffca23d0000 - 0x00007ffca2477000 	C:\WINDOWS\System32\sechost.dll
0x00007ffca02d0000 - 0x00007ffca02f8000 	C:\WINDOWS\System32\bcrypt.dll
0x00007ffca2510000 - 0x00007ffca2624000 	C:\WINDOWS\System32\RPCRT4.dll
0x00007ffca2270000 - 0x00007ffca22e1000 	C:\WINDOWS\System32\WS2_32.dll
0x00007ffc9ebe0000 - 0x00007ffc9ec2d000 	C:\WINDOWS\SYSTEM32\POWRPROF.dll
0x00007ffc8ba70000 - 0x00007ffc8baa4000 	C:\WINDOWS\SYSTEM32\WINMM.dll
0x00007ffc98000000 - 0x00007ffc9800a000 	C:\WINDOWS\SYSTEM32\VERSION.dll
0x00007ffc9ebc0000 - 0x00007ffc9ebd3000 	C:\WINDOWS\SYSTEM32\UMPDC.dll
0x00007ffc9ee80000 - 0x00007ffc9ee98000 	C:\WINDOWS\SYSTEM32\kernel.appcore.dll
0x00007ffc85b60000 - 0x00007ffc85b6a000 	C:\Program Files\Java\jdk-23\bin\jimage.dll
0x00007ffc9a5d0000 - 0x00007ffc9a802000 	C:\WINDOWS\SYSTEM32\DBGHELP.DLL
0x00007ffca1d20000 - 0x00007ffca20af000 	C:\WINDOWS\System32\combase.dll
0x00007ffca0930000 - 0x00007ffca0a07000 	C:\WINDOWS\System32\OLEAUT32.dll
0x00007ffc86350000 - 0x00007ffc86382000 	C:\WINDOWS\SYSTEM32\dbgcore.DLL
0x00007ffca0470000 - 0x00007ffca04eb000 	C:\WINDOWS\System32\bcryptPrimitives.dll
0x00007ffc83ae0000 - 0x00007ffc83aef000 	C:\Program Files\Java\jdk-23\bin\instrument.dll
0x00007ffc83ac0000 - 0x00007ffc83ade000 	C:\Program Files\Java\jdk-23\bin\java.dll
0x00007ffca20b0000 - 0x00007ffca2255000 	C:\WINDOWS\System32\ole32.dll
0x00007ffca1150000 - 0x00007ffca19c6000 	C:\WINDOWS\System32\SHELL32.dll
0x00007ffc9dca0000 - 0x00007ffc9e5a3000 	C:\WINDOWS\SYSTEM32\windows.storage.dll
0x00007ffc9db60000 - 0x00007ffc9dc9f000 	C:\WINDOWS\SYSTEM32\wintypes.dll
0x00007ffca1a10000 - 0x00007ffca1b09000 	C:\WINDOWS\System32\SHCORE.dll
0x00007ffca1b30000 - 0x00007ffca1b8e000 	C:\WINDOWS\System32\shlwapi.dll
0x00007ffc9fc80000 - 0x00007ffc9fcab000 	C:\WINDOWS\SYSTEM32\profapi.dll
0x00007ffc6b310000 - 0x00007ffc6b3e7000 	C:\Program Files\Java\jdk-23\bin\jsvml.dll
0x00007ffc83730000 - 0x00007ffc83747000 	C:\Program Files\Java\jdk-23\bin\zip.dll
0x00007ffc83ab0000 - 0x00007ffc83ac0000 	C:\Program Files\Java\jdk-23\bin\net.dll
0x00007ffc9f300000 - 0x00007ffc9f369000 	C:\WINDOWS\system32\mswsock.dll
0x00007ffc83770000 - 0x00007ffc83786000 	C:\Program Files\Java\jdk-23\bin\nio.dll
0x00007ffc83710000 - 0x00007ffc8372a000 	C:\Program Files\JetBrains\IntelliJ IDEA Community Edition 2024.2.3\bin\breakgen64.dll

dbghelp: loaded successfully - version: 4.0.5 - missing functions: none
symbol engine: initialized successfully - sym options: 0x614 - pdb path: .;C:\Program Files\Java\jdk-23\bin;C:\WINDOWS\SYSTEM32;C:\WINDOWS\WinSxS\amd64_microsoft.windows.common-controls_6595b64144ccf1df_6.0.22621.4391_none_2715d37f73803e96;C:\Program Files\Java\jdk-23\bin\server;C:\Program Files\JetBrains\IntelliJ IDEA Community Edition 2024.2.3\bin

VM Arguments:
jvm_args: -javaagent:C:\Program Files\JetBrains\IntelliJ IDEA Community Edition 2024.2.3\lib\idea_rt.jar=49803:C:\Program Files\JetBrains\IntelliJ IDEA Community Edition 2024.2.3\bin -Dfile.encoding=UTF-8 -Dsun.stdout.encoding=UTF-8 -Dsun.stderr.encoding=UTF-8 
java_command: Profile
java_class_path (initial): C:\Users\Admin\Downloads\jm.jar;C:\Users\Admin\Downloads\json-20220320.jar;C:\Users\Admin\Downloads\gson-2.11.0.jar;C:\Users\Admin\IdeaProjects\Batch1 _dec\out\production\Batch1 _dec
Launcher Type: SUN_STANDARD

[Global flags]
     intx CICompilerCount                          = 4                                         {product} {ergonomic}
     uint ConcGCThreads                            = 2                                         {product} {ergonomic}
     uint G1ConcRefinementThreads                  = 8                                         {product} {ergonomic}
   size_t G1HeapRegionSize                         = 2097152                                   {product} {ergonomic}
   size_t InitialHeapSize                          = 266338304                                 {product} {ergonomic}
   size_t MarkStackSize                            = 4194304                                   {product} {ergonomic}
   size_t MarkStackSizeMax                         = 536870912                                 {product} {ergonomic}
   size_t MaxHeapSize                              = 4259315712                                {product} {ergonomic}
   size_t MaxNewSize                               = 2554331136                                {product} {ergonomic}
   size_t MinHeapDeltaBytes                        = 2097152                                   {product} {ergonomic}
   size_t MinHeapSize                              = 8388608                                   {product} {ergonomic}
    uintx NonNMethodCodeHeapSize                   = 5832704                                {pd product} {ergonomic}
    uintx NonProfiledCodeHeapSize                  = 122945536                              {pd product} {ergonomic}
    uintx ProfiledCodeHeapSize                     = 122880000                              {pd product} {ergonomic}
    uintx ReservedCodeCacheSize                    = 251658240                              {pd product} {ergonomic}
     bool SegmentedCodeCache                       = true                                      {product} {ergonomic}
   size_t SoftMaxHeapSize                          = 4259315712                             {manageable} {ergonomic}
     bool UseCompressedOops                        = true                           {product lp64_product} {ergonomic}
     bool UseG1GC                                  = true                                      {product} {ergonomic}
     bool UseLargePagesIndividualAllocation        = false                                  {pd product} {ergonomic}

Logging:
Log output configuration:
 #0: stdout all=warning uptime,level,tags foldmultilines=false
 #1: stderr all=off uptime,level,tags foldmultilines=false

Environment Variables:
JAVA_HOME=C:\Program Files\Java\jdk-23
PATH=C:\Program Files\Common Files\Oracle\Java\javapath;C:\WINDOWS\system32;C:\WINDOWS;C:\WINDOWS\System32\Wbem;C:\WINDOWS\System32\WindowsPowerShell\v1.0\;C:\WINDOWS\System32\OpenSSH\;C:\Program Files\MySQL\MySQL Server 8.0\bin;C:\Program Files\MySQL\MySQL Shell 8.0\bin\;C:\Users\Admin\AppData\Local\Microsoft\WindowsApps;C:\Program Files\JetBrains\IntelliJ IDEA Community Edition 2024.2.3\bin;;C:\Program Files\Java\jdk-23\bin;C:\Program Files\Common Files\Oracle\Java\javapath;
USERNAME=Admin
OS=Windows_NT
PROCESSOR_IDENTIFIER=Intel64 Family 6 Model 142 Stepping 10, GenuineIntel
TMP=C:\Users\Admin\AppData\Local\Temp
TEMP=C:\Users\Admin\AppData\Local\Temp




Periodic native trim disabled

---------------  S Y S T E M  ---------------

OS:
 Windows 11 , 64 bit Build 22621 (10.0.22621.4391)
OS uptime: 0 days 1:13 hours

CPU: total 8 (initial active 8) (4 cores per cpu, 2 threads per core) family 6 model 142 stepping 10 microcode 0xf4, cx8, cmov, fxsr, ht, mmx, 3dnowpref, sse, sse2, sse3, ssse3, sse4.1, sse4.2, popcnt, lzcnt, tsc, tscinvbit, avx, avx2, aes, erms, clmul, bmi1, bmi2, adx, fma, vzeroupper, clflush, clflushopt, rdtscp, f16c
Processor Information for the first 8 processors :
  Max Mhz: 1800, Current Mhz: 1600, Mhz Limit: 1584

Memory: 4k page, system-wide physical 16242M (3471M free)
TotalPageFile size 41744M (AvailPageFile size 1M)
current process WorkingSet (physical memory assigned to process): 36M, peak: 36M
current process commit charge ("private bytes"): 335M, peak: 335M

vm_info: Java HotSpot(TM) 64-Bit Server VM (23+37-2369) for windows-amd64 JRE (23+37-2369), built on 2024-08-20T16:01:23Z with MS VC++ 17.6 (VS2022)

END.
